#! /usr/bin/vvp
:ivl_version "11.0 (stable)";
:ivl_delay_selection "TYPICAL";
:vpi_time_precision + 0;
:vpi_module "/usr/lib/x86_64-linux-gnu/ivl/system.vpi";
:vpi_module "/usr/lib/x86_64-linux-gnu/ivl/vhdl_sys.vpi";
:vpi_module "/usr/lib/x86_64-linux-gnu/ivl/vhdl_textio.vpi";
:vpi_module "/usr/lib/x86_64-linux-gnu/ivl/v2005_math.vpi";
:vpi_module "/usr/lib/x86_64-linux-gnu/ivl/va_math.vpi";
S_0x61a770f1f240 .scope module, "counter" "counter" 2 1;
 .timescale 0 0;
    .port_info 0 /INPUT 1 "clk";
    .port_info 1 /INPUT 1 "KEY0";
    .port_info 2 /INPUT 1 "KEY1";
    .port_info 3 /INPUT 1 "KEY2";
    .port_info 4 /OUTPUT 7 "HEX0";
L_0x61a770f48c10 .functor BUFZ 7, L_0x61a770f4b1c0, C4<0000000>, C4<0000000>, C4<0000000>;
v0x61a770f46e00_0 .net "HEX0", 6 0, L_0x61a770f48c10;  1 drivers
o0x76e1d1496d08 .functor BUFZ 1, C4<z>; HiZ drive
v0x61a770f46ee0_0 .net "KEY0", 0 0, o0x76e1d1496d08;  0 drivers
o0x76e1d1496d38 .functor BUFZ 1, C4<z>; HiZ drive
v0x61a770f46fa0_0 .net "KEY1", 0 0, o0x76e1d1496d38;  0 drivers
o0x76e1d1496d68 .functor BUFZ 1, C4<z>; HiZ drive
v0x61a770f47040_0 .net "KEY2", 0 0, o0x76e1d1496d68;  0 drivers
v0x61a770f47100_0 .var "but0", 0 0;
v0x61a770f471c0_0 .var "but0_1", 0 0;
v0x61a770f47280_0 .var "but0_2", 0 0;
v0x61a770f47340_0 .var "but1", 0 0;
v0x61a770f47400_0 .var "but1_1", 0 0;
v0x61a770f474c0_0 .var "but1_2", 0 0;
v0x61a770f47580_0 .var "but2", 0 0;
v0x61a770f47640_0 .var "but2_1", 0 0;
v0x61a770f47700_0 .var "but2_2", 0 0;
o0x76e1d1496f48 .functor BUFZ 1, C4<z>; HiZ drive
v0x61a770f477c0_0 .net "clk", 0 0, o0x76e1d1496f48;  0 drivers
v0x61a770f47880_0 .var "counter", 3 0;
v0x61a770f47940_0 .net "hex_local", 6 0, L_0x61a770f4b1c0;  1 drivers
E_0x61a770f1a1c0 .event posedge, v0x61a770f477c0_0;
S_0x61a770f1f3d0 .scope module, "decoder" "decoder" 2 27, 3 1 0, S_0x61a770f1f240;
 .timescale 0 0;
    .port_info 0 /INPUT 4 "hex_num";
    .port_info 1 /OUTPUT 7 "HEX0";
v0x61a770f17630_0 .net "HEX0", 6 0, L_0x61a770f4b1c0;  alias, 1 drivers
L_0x76e1d144d018 .functor BUFT 1, C4<0000>, C4<0>, C4<0>, C4<0>;
v0x61a770f17a30_0 .net/2u *"_ivl_0", 3 0, L_0x76e1d144d018;  1 drivers
L_0x76e1d144d0f0 .functor BUFT 1, C4<1111001>, C4<0>, C4<0>, C4<0>;
v0x61a770f17ea0_0 .net/2u *"_ivl_10", 6 0, L_0x76e1d144d0f0;  1 drivers
v0x61a770f182b0_0 .net *"_ivl_100", 6 0, L_0x61a770f496d0;  1 drivers
v0x61a770f18740_0 .net *"_ivl_102", 6 0, L_0x61a770f49900;  1 drivers
v0x61a770f22c20_0 .net *"_ivl_104", 6 0, L_0x61a770f49a90;  1 drivers
v0x61a770f43360_0 .net *"_ivl_106", 6 0, L_0x61a770f49770;  1 drivers
v0x61a770f43440_0 .net *"_ivl_108", 6 0, L_0x61a770f49dc0;  1 drivers
v0x61a770f43520_0 .net *"_ivl_110", 6 0, L_0x61a770f4a010;  1 drivers
v0x61a770f43690_0 .net *"_ivl_112", 6 0, L_0x61a770f4a1a0;  1 drivers
v0x61a770f43770_0 .net *"_ivl_114", 6 0, L_0x61a770f4a400;  1 drivers
v0x61a770f43850_0 .net *"_ivl_116", 6 0, L_0x61a770f4a590;  1 drivers
v0x61a770f43930_0 .net *"_ivl_118", 6 0, L_0x61a770f4a800;  1 drivers
L_0x76e1d144d138 .functor BUFT 1, C4<0010>, C4<0>, C4<0>, C4<0>;
v0x61a770f43a10_0 .net/2u *"_ivl_12", 3 0, L_0x76e1d144d138;  1 drivers
v0x61a770f43af0_0 .net *"_ivl_120", 6 0, L_0x61a770f4a990;  1 drivers
v0x61a770f43bd0_0 .net *"_ivl_122", 6 0, L_0x61a770f4ac10;  1 drivers
v0x61a770f43cb0_0 .net *"_ivl_124", 6 0, L_0x61a770f4ada0;  1 drivers
v0x61a770f43ea0_0 .net *"_ivl_126", 6 0, L_0x61a770f4b030;  1 drivers
v0x61a770f43f80_0 .net *"_ivl_14", 0 0, L_0x61a770f47d20;  1 drivers
L_0x76e1d144d180 .functor BUFT 1, C4<0100100>, C4<0>, C4<0>, C4<0>;
v0x61a770f44040_0 .net/2u *"_ivl_16", 6 0, L_0x76e1d144d180;  1 drivers
L_0x76e1d144d1c8 .functor BUFT 1, C4<0011>, C4<0>, C4<0>, C4<0>;
v0x61a770f44120_0 .net/2u *"_ivl_18", 3 0, L_0x76e1d144d1c8;  1 drivers
v0x61a770f44200_0 .net *"_ivl_2", 0 0, L_0x61a770f47a60;  1 drivers
v0x61a770f442c0_0 .net *"_ivl_20", 0 0, L_0x61a770f47e80;  1 drivers
L_0x76e1d144d210 .functor BUFT 1, C4<0110000>, C4<0>, C4<0>, C4<0>;
v0x61a770f44380_0 .net/2u *"_ivl_22", 6 0, L_0x76e1d144d210;  1 drivers
L_0x76e1d144d258 .functor BUFT 1, C4<0100>, C4<0>, C4<0>, C4<0>;
v0x61a770f44460_0 .net/2u *"_ivl_24", 3 0, L_0x76e1d144d258;  1 drivers
v0x61a770f44540_0 .net *"_ivl_26", 0 0, L_0x61a770f48090;  1 drivers
L_0x76e1d144d2a0 .functor BUFT 1, C4<0011001>, C4<0>, C4<0>, C4<0>;
v0x61a770f44600_0 .net/2u *"_ivl_28", 6 0, L_0x76e1d144d2a0;  1 drivers
L_0x76e1d144d2e8 .functor BUFT 1, C4<0101>, C4<0>, C4<0>, C4<0>;
v0x61a770f446e0_0 .net/2u *"_ivl_30", 3 0, L_0x76e1d144d2e8;  1 drivers
v0x61a770f447c0_0 .net *"_ivl_32", 0 0, L_0x61a770f48190;  1 drivers
L_0x76e1d144d330 .functor BUFT 1, C4<0010010>, C4<0>, C4<0>, C4<0>;
v0x61a770f44880_0 .net/2u *"_ivl_34", 6 0, L_0x76e1d144d330;  1 drivers
L_0x76e1d144d378 .functor BUFT 1, C4<0110>, C4<0>, C4<0>, C4<0>;
v0x61a770f44960_0 .net/2u *"_ivl_36", 3 0, L_0x76e1d144d378;  1 drivers
v0x61a770f44a40_0 .net *"_ivl_38", 0 0, L_0x61a770f482f0;  1 drivers
L_0x76e1d144d060 .functor BUFT 1, C4<1000000>, C4<0>, C4<0>, C4<0>;
v0x61a770f44b00_0 .net/2u *"_ivl_4", 6 0, L_0x76e1d144d060;  1 drivers
L_0x76e1d144d3c0 .functor BUFT 1, C4<0000010>, C4<0>, C4<0>, C4<0>;
v0x61a770f44df0_0 .net/2u *"_ivl_40", 6 0, L_0x76e1d144d3c0;  1 drivers
L_0x76e1d144d408 .functor BUFT 1, C4<0111>, C4<0>, C4<0>, C4<0>;
v0x61a770f44ed0_0 .net/2u *"_ivl_42", 3 0, L_0x76e1d144d408;  1 drivers
v0x61a770f44fb0_0 .net *"_ivl_44", 0 0, L_0x61a770f48440;  1 drivers
L_0x76e1d144d450 .functor BUFT 1, C4<1111000>, C4<0>, C4<0>, C4<0>;
v0x61a770f45070_0 .net/2u *"_ivl_46", 6 0, L_0x76e1d144d450;  1 drivers
L_0x76e1d144d498 .functor BUFT 1, C4<1000>, C4<0>, C4<0>, C4<0>;
v0x61a770f45150_0 .net/2u *"_ivl_48", 3 0, L_0x76e1d144d498;  1 drivers
v0x61a770f45230_0 .net *"_ivl_50", 0 0, L_0x61a770f486f0;  1 drivers
L_0x76e1d144d4e0 .functor BUFT 1, C4<0000000>, C4<0>, C4<0>, C4<0>;
v0x61a770f452f0_0 .net/2u *"_ivl_52", 6 0, L_0x76e1d144d4e0;  1 drivers
L_0x76e1d144d528 .functor BUFT 1, C4<1001>, C4<0>, C4<0>, C4<0>;
v0x61a770f453d0_0 .net/2u *"_ivl_54", 3 0, L_0x76e1d144d528;  1 drivers
v0x61a770f454b0_0 .net *"_ivl_56", 0 0, L_0x61a770f48840;  1 drivers
L_0x76e1d144d570 .functor BUFT 1, C4<0010000>, C4<0>, C4<0>, C4<0>;
v0x61a770f45570_0 .net/2u *"_ivl_58", 6 0, L_0x76e1d144d570;  1 drivers
L_0x76e1d144d0a8 .functor BUFT 1, C4<0001>, C4<0>, C4<0>, C4<0>;
v0x61a770f45650_0 .net/2u *"_ivl_6", 3 0, L_0x76e1d144d0a8;  1 drivers
L_0x76e1d144d5b8 .functor BUFT 1, C4<1010>, C4<0>, C4<0>, C4<0>;
v0x61a770f45730_0 .net/2u *"_ivl_60", 3 0, L_0x76e1d144d5b8;  1 drivers
v0x61a770f45810_0 .net *"_ivl_62", 0 0, L_0x61a770f489f0;  1 drivers
L_0x76e1d144d600 .functor BUFT 1, C4<0001000>, C4<0>, C4<0>, C4<0>;
v0x61a770f458d0_0 .net/2u *"_ivl_64", 6 0, L_0x76e1d144d600;  1 drivers
L_0x76e1d144d648 .functor BUFT 1, C4<1011>, C4<0>, C4<0>, C4<0>;
v0x61a770f459b0_0 .net/2u *"_ivl_66", 3 0, L_0x76e1d144d648;  1 drivers
v0x61a770f45a90_0 .net *"_ivl_68", 0 0, L_0x61a770f48af0;  1 drivers
L_0x76e1d144d690 .functor BUFT 1, C4<0000011>, C4<0>, C4<0>, C4<0>;
v0x61a770f45b50_0 .net/2u *"_ivl_70", 6 0, L_0x76e1d144d690;  1 drivers
L_0x76e1d144d6d8 .functor BUFT 1, C4<1100>, C4<0>, C4<0>, C4<0>;
v0x61a770f45c30_0 .net/2u *"_ivl_72", 3 0, L_0x76e1d144d6d8;  1 drivers
v0x61a770f45d10_0 .net *"_ivl_74", 0 0, L_0x61a770f48cb0;  1 drivers
L_0x76e1d144d720 .functor BUFT 1, C4<1000110>, C4<0>, C4<0>, C4<0>;
v0x61a770f45dd0_0 .net/2u *"_ivl_76", 6 0, L_0x76e1d144d720;  1 drivers
L_0x76e1d144d768 .functor BUFT 1, C4<1101>, C4<0>, C4<0>, C4<0>;
v0x61a770f45eb0_0 .net/2u *"_ivl_78", 3 0, L_0x76e1d144d768;  1 drivers
v0x61a770f45f90_0 .net *"_ivl_8", 0 0, L_0x61a770f47b80;  1 drivers
v0x61a770f46050_0 .net *"_ivl_80", 0 0, L_0x61a770f48e00;  1 drivers
L_0x76e1d144d7b0 .functor BUFT 1, C4<0100001>, C4<0>, C4<0>, C4<0>;
v0x61a770f46110_0 .net/2u *"_ivl_82", 6 0, L_0x76e1d144d7b0;  1 drivers
L_0x76e1d144d7f8 .functor BUFT 1, C4<1110>, C4<0>, C4<0>, C4<0>;
v0x61a770f461f0_0 .net/2u *"_ivl_84", 3 0, L_0x76e1d144d7f8;  1 drivers
v0x61a770f462d0_0 .net *"_ivl_86", 0 0, L_0x61a770f48fd0;  1 drivers
L_0x76e1d144d840 .functor BUFT 1, C4<0000110>, C4<0>, C4<0>, C4<0>;
v0x61a770f46390_0 .net/2u *"_ivl_88", 6 0, L_0x76e1d144d840;  1 drivers
L_0x76e1d144d888 .functor BUFT 1, C4<1111>, C4<0>, C4<0>, C4<0>;
v0x61a770f46470_0 .net/2u *"_ivl_90", 3 0, L_0x76e1d144d888;  1 drivers
v0x61a770f46550_0 .net *"_ivl_92", 0 0, L_0x61a770f49120;  1 drivers
L_0x76e1d144d8d0 .functor BUFT 1, C4<0001110>, C4<0>, C4<0>, C4<0>;
v0x61a770f46610_0 .net/2u *"_ivl_94", 6 0, L_0x76e1d144d8d0;  1 drivers
L_0x76e1d144d918 .functor BUFT 1, C4<0000001>, C4<0>, C4<0>, C4<0>;
v0x61a770f466f0_0 .net/2u *"_ivl_96", 6 0, L_0x76e1d144d918;  1 drivers
v0x61a770f467d0_0 .net *"_ivl_98", 6 0, L_0x61a770f49510;  1 drivers
v0x61a770f46cc0_0 .net "hex_num", 3 0, v0x61a770f47880_0;  1 drivers
L_0x61a770f47a60 .cmp/eq 4, v0x61a770f47880_0, L_0x76e1d144d018;
L_0x61a770f47b80 .cmp/eq 4, v0x61a770f47880_0, L_0x76e1d144d0a8;
L_0x61a770f47d20 .cmp/eq 4, v0x61a770f47880_0, L_0x76e1d144d138;
L_0x61a770f47e80 .cmp/eq 4, v0x61a770f47880_0, L_0x76e1d144d1c8;
L_0x61a770f48090 .cmp/eq 4, v0x61a770f47880_0, L_0x76e1d144d258;
L_0x61a770f48190 .cmp/eq 4, v0x61a770f47880_0, L_0x76e1d144d2e8;
L_0x61a770f482f0 .cmp/eq 4, v0x61a770f47880_0, L_0x76e1d144d378;
L_0x61a770f48440 .cmp/eq 4, v0x61a770f47880_0, L_0x76e1d144d408;
L_0x61a770f486f0 .cmp/eq 4, v0x61a770f47880_0, L_0x76e1d144d498;
L_0x61a770f48840 .cmp/eq 4, v0x61a770f47880_0, L_0x76e1d144d528;
L_0x61a770f489f0 .cmp/eq 4, v0x61a770f47880_0, L_0x76e1d144d5b8;
L_0x61a770f48af0 .cmp/eq 4, v0x61a770f47880_0, L_0x76e1d144d648;
L_0x61a770f48cb0 .cmp/eq 4, v0x61a770f47880_0, L_0x76e1d144d6d8;
L_0x61a770f48e00 .cmp/eq 4, v0x61a770f47880_0, L_0x76e1d144d768;
L_0x61a770f48fd0 .cmp/eq 4, v0x61a770f47880_0, L_0x76e1d144d7f8;
L_0x61a770f49120 .cmp/eq 4, v0x61a770f47880_0, L_0x76e1d144d888;
L_0x61a770f49510 .functor MUXZ 7, L_0x76e1d144d918, L_0x76e1d144d8d0, L_0x61a770f49120, C4<>;
L_0x61a770f496d0 .functor MUXZ 7, L_0x61a770f49510, L_0x76e1d144d840, L_0x61a770f48fd0, C4<>;
L_0x61a770f49900 .functor MUXZ 7, L_0x61a770f496d0, L_0x76e1d144d7b0, L_0x61a770f48e00, C4<>;
L_0x61a770f49a90 .functor MUXZ 7, L_0x61a770f49900, L_0x76e1d144d720, L_0x61a770f48cb0, C4<>;
L_0x61a770f49770 .functor MUXZ 7, L_0x61a770f49a90, L_0x76e1d144d690, L_0x61a770f48af0, C4<>;
L_0x61a770f49dc0 .functor MUXZ 7, L_0x61a770f49770, L_0x76e1d144d600, L_0x61a770f489f0, C4<>;
L_0x61a770f4a010 .functor MUXZ 7, L_0x61a770f49dc0, L_0x76e1d144d570, L_0x61a770f48840, C4<>;
L_0x61a770f4a1a0 .functor MUXZ 7, L_0x61a770f4a010, L_0x76e1d144d4e0, L_0x61a770f486f0, C4<>;
L_0x61a770f4a400 .functor MUXZ 7, L_0x61a770f4a1a0, L_0x76e1d144d450, L_0x61a770f48440, C4<>;
L_0x61a770f4a590 .functor MUXZ 7, L_0x61a770f4a400, L_0x76e1d144d3c0, L_0x61a770f482f0, C4<>;
L_0x61a770f4a800 .functor MUXZ 7, L_0x61a770f4a590, L_0x76e1d144d330, L_0x61a770f48190, C4<>;
L_0x61a770f4a990 .functor MUXZ 7, L_0x61a770f4a800, L_0x76e1d144d2a0, L_0x61a770f48090, C4<>;
L_0x61a770f4ac10 .functor MUXZ 7, L_0x61a770f4a990, L_0x76e1d144d210, L_0x61a770f47e80, C4<>;
L_0x61a770f4ada0 .functor MUXZ 7, L_0x61a770f4ac10, L_0x76e1d144d180, L_0x61a770f47d20, C4<>;
L_0x61a770f4b030 .functor MUXZ 7, L_0x61a770f4ada0, L_0x76e1d144d0f0, L_0x61a770f47b80, C4<>;
L_0x61a770f4b1c0 .functor MUXZ 7, L_0x61a770f4b030, L_0x76e1d144d060, L_0x61a770f47a60, C4<>;
    .scope S_0x61a770f1f240;
T_0 ;
    %wait E_0x61a770f1a1c0;
    %load/vec4 v0x61a770f46ee0_0;
    %assign/vec4 v0x61a770f471c0_0, 0;
    %load/vec4 v0x61a770f471c0_0;
    %assign/vec4 v0x61a770f47280_0, 0;
    %jmp T_0;
    .thread T_0;
    .scope S_0x61a770f1f240;
T_1 ;
    %wait E_0x61a770f1a1c0;
    %load/vec4 v0x61a770f471c0_0;
    %inv;
    %load/vec4 v0x61a770f47280_0;
    %and;
    %assign/vec4 v0x61a770f47100_0, 0;
    %jmp T_1;
    .thread T_1;
    .scope S_0x61a770f1f240;
T_2 ;
    %wait E_0x61a770f1a1c0;
    %load/vec4 v0x61a770f46ee0_0;
    %assign/vec4 v0x61a770f47400_0, 0;
    %load/vec4 v0x61a770f47400_0;
    %assign/vec4 v0x61a770f474c0_0, 0;
    %jmp T_2;
    .thread T_2;
    .scope S_0x61a770f1f240;
T_3 ;
    %wait E_0x61a770f1a1c0;
    %load/vec4 v0x61a770f47400_0;
    %inv;
    %load/vec4 v0x61a770f474c0_0;
    %and;
    %assign/vec4 v0x61a770f47340_0, 0;
    %jmp T_3;
    .thread T_3;
    .scope S_0x61a770f1f240;
T_4 ;
    %wait E_0x61a770f1a1c0;
    %load/vec4 v0x61a770f46ee0_0;
    %assign/vec4 v0x61a770f47640_0, 0;
    %load/vec4 v0x61a770f47640_0;
    %assign/vec4 v0x61a770f47700_0, 0;
    %jmp T_4;
    .thread T_4;
    .scope S_0x61a770f1f240;
T_5 ;
    %wait E_0x61a770f1a1c0;
    %load/vec4 v0x61a770f47640_0;
    %inv;
    %load/vec4 v0x61a770f47700_0;
    %and;
    %assign/vec4 v0x61a770f47580_0, 0;
    %jmp T_5;
    .thread T_5;
    .scope S_0x61a770f1f240;
T_6 ;
    %wait E_0x61a770f1a1c0;
    %load/vec4 v0x61a770f47100_0;
    %flag_set/vec4 8;
    %jmp/0xz  T_6.0, 8;
    %pushi/vec4 0, 0, 4;
    %assign/vec4 v0x61a770f47880_0, 0;
    %jmp T_6.1;
T_6.0 ;
    %load/vec4 v0x61a770f47340_0;
    %flag_set/vec4 8;
    %jmp/0 T_6.2, 8;
    %load/vec4 v0x61a770f47880_0;
    %addi 1, 0, 4;
    %jmp/1 T_6.3, 8;
T_6.2 ; End of true expr.
    %load/vec4 v0x61a770f47580_0;
    %flag_set/vec4 9;
    %jmp/0 T_6.4, 9;
    %load/vec4 v0x61a770f47880_0;
    %subi 1, 0, 4;
    %jmp/1 T_6.5, 9;
T_6.4 ; End of true expr.
    %load/vec4 v0x61a770f47880_0;
    %jmp/0 T_6.5, 9;
 ; End of false expr.
    %blend;
T_6.5;
    %jmp/0 T_6.3, 8;
 ; End of false expr.
    %blend;
T_6.3;
    %assign/vec4 v0x61a770f47880_0, 0;
T_6.1 ;
    %jmp T_6;
    .thread T_6;
# The file index is used to find the file name in the following table.
:file_names 4;
    "N/A";
    "<interactive>";
    "counter.v";
    "decoder.v";
