#! /usr/bin/vvp
:ivl_version "11.0 (stable)";
:ivl_delay_selection "TYPICAL";
:vpi_time_precision + 0;
:vpi_module "/usr/lib/x86_64-linux-gnu/ivl/system.vpi";
:vpi_module "/usr/lib/x86_64-linux-gnu/ivl/vhdl_sys.vpi";
:vpi_module "/usr/lib/x86_64-linux-gnu/ivl/vhdl_textio.vpi";
:vpi_module "/usr/lib/x86_64-linux-gnu/ivl/v2005_math.vpi";
:vpi_module "/usr/lib/x86_64-linux-gnu/ivl/va_math.vpi";
S_0x5569c19a0de0 .scope module, "blink" "blink" 2 3;
 .timescale 0 0;
    .port_info 0 /INPUT 1 "clk";
    .port_info 1 /INPUT 1 "KEY0";
    .port_info 2 /INPUT 1 "KEY1";
    .port_info 3 /INPUT 14 "switches";
    .port_info 4 /OUTPUT 1 "LEDG8";
L_0x5569c19c9850 .functor BUFZ 1, v0x5569c19f3a90_0, C4<0>, C4<0>, C4<0>;
o0x7f9b36308018 .functor BUFZ 1, C4<z>; HiZ drive
v0x5569c19c9e10_0 .net "KEY0", 0 0, o0x7f9b36308018;  0 drivers
o0x7f9b36308048 .functor BUFZ 1, C4<z>; HiZ drive
v0x5569c19ca670_0 .net "KEY1", 0 0, o0x7f9b36308048;  0 drivers
v0x5569c19cacb0_0 .net "LEDG8", 0 0, L_0x5569c19c9850;  1 drivers
v0x5569c19cb120_0 .net *"_ivl_10", 13 0, L_0x5569c1a04600;  1 drivers
L_0x7f9b362bf0a8 .functor BUFT 1, C4<0000>, C4<0>, C4<0>, C4<0>;
v0x5569c19cb530_0 .net *"_ivl_13", 3 0, L_0x7f9b362bf0a8;  1 drivers
v0x5569c19cb9c0_0 .net *"_ivl_14", 13 0, L_0x5569c1a04880;  1 drivers
v0x5569c19f3330_0 .net *"_ivl_16", 11 0, L_0x5569c1a04720;  1 drivers
L_0x7f9b362bf0f0 .functor BUFT 1, C4<00>, C4<0>, C4<0>, C4<0>;
v0x5569c19f3410_0 .net *"_ivl_18", 1 0, L_0x7f9b362bf0f0;  1 drivers
v0x5569c19f34f0_0 .net *"_ivl_2", 31 0, L_0x5569c19f4380;  1 drivers
L_0x7f9b362bf018 .functor BUFT 1, C4<000000>, C4<0>, C4<0>, C4<0>;
v0x5569c19f35d0_0 .net *"_ivl_5", 5 0, L_0x7f9b362bf018;  1 drivers
L_0x7f9b362bf060 .functor BUFT 1, C4<00000000000000001100001101010000>, C4<0>, C4<0>, C4<0>;
v0x5569c19f36b0_0 .net/2u *"_ivl_6", 31 0, L_0x7f9b362bf060;  1 drivers
v0x5569c19f3790_0 .var "change", 0 0;
v0x5569c19f3850_0 .var "change_push_1", 0 0;
v0x5569c19f3910_0 .var "change_push_2", 0 0;
o0x7f9b363082b8 .functor BUFZ 1, C4<z>; HiZ drive
v0x5569c19f39d0_0 .net "clk", 0 0, o0x7f9b363082b8;  0 drivers
v0x5569c19f3a90_0 .var "led", 0 0;
v0x5569c19f3b50_0 .var "ms_counter", 9 0;
v0x5569c19f3d40_0 .net "nul_ms", 0 0, L_0x5569c1a049f0;  1 drivers
v0x5569c19f3e00_0 .net "rdy_ms", 0 0, L_0x5569c1a04490;  1 drivers
v0x5569c19f3ec0_0 .var "rst", 0 0;
v0x5569c19f3f80_0 .var "rst_push_1", 0 0;
v0x5569c19f4040_0 .var "rst_push_2", 0 0;
o0x7f9b36308438 .functor BUFZ 14, C4<zzzzzzzzzzzzzz>; HiZ drive
v0x5569c19f4100_0 .net "switches", 13 0, o0x7f9b36308438;  0 drivers
v0x5569c19f41e0_0 .var "tact_counter", 25 0;
E_0x5569c19d9bf0 .event posedge, v0x5569c19f39d0_0;
L_0x5569c19f4380 .concat [ 26 6 0 0], v0x5569c19f41e0_0, L_0x7f9b362bf018;
L_0x5569c1a04490 .cmp/eq 32, L_0x5569c19f4380, L_0x7f9b362bf060;
L_0x5569c1a04600 .concat [ 10 4 0 0], v0x5569c19f3b50_0, L_0x7f9b362bf0a8;
L_0x5569c1a04720 .part o0x7f9b36308438, 0, 12;
L_0x5569c1a04880 .concat [ 2 12 0 0], L_0x7f9b362bf0f0, L_0x5569c1a04720;
L_0x5569c1a049f0 .cmp/eq 14, L_0x5569c1a04600, L_0x5569c1a04880;
    .scope S_0x5569c19a0de0;
T_0 ;
    %wait E_0x5569c19d9bf0;
    %load/vec4 v0x5569c19f3ec0_0;
    %flag_set/vec4 8;
    %jmp/0xz  T_0.0, 8;
    %pushi/vec4 0, 0, 26;
    %assign/vec4 v0x5569c19f41e0_0, 0;
    %jmp T_0.1;
T_0.0 ;
    %load/vec4 v0x5569c19f3e00_0;
    %flag_set/vec4 8;
    %jmp/0 T_0.2, 8;
    %pushi/vec4 0, 0, 26;
    %jmp/1 T_0.3, 8;
T_0.2 ; End of true expr.
    %load/vec4 v0x5569c19f41e0_0;
    %addi 1, 0, 26;
    %jmp/0 T_0.3, 8;
 ; End of false expr.
    %blend;
T_0.3;
    %assign/vec4 v0x5569c19f41e0_0, 0;
T_0.1 ;
    %jmp T_0;
    .thread T_0;
    .scope S_0x5569c19a0de0;
T_1 ;
    %wait E_0x5569c19d9bf0;
    %load/vec4 v0x5569c19f3ec0_0;
    %flag_set/vec4 8;
    %jmp/0xz  T_1.0, 8;
    %pushi/vec4 0, 0, 10;
    %assign/vec4 v0x5569c19f3b50_0, 0;
    %jmp T_1.1;
T_1.0 ;
    %load/vec4 v0x5569c19f3d40_0;
    %flag_set/vec4 8;
    %jmp/0 T_1.2, 8;
    %pushi/vec4 0, 0, 10;
    %jmp/1 T_1.3, 8;
T_1.2 ; End of true expr.
    %load/vec4 v0x5569c19f3e00_0;
    %flag_set/vec4 9;
    %jmp/0 T_1.4, 9;
    %load/vec4 v0x5569c19f3b50_0;
    %addi 1, 0, 10;
    %jmp/1 T_1.5, 9;
T_1.4 ; End of true expr.
    %load/vec4 v0x5569c19f3b50_0;
    %jmp/0 T_1.5, 9;
 ; End of false expr.
    %blend;
T_1.5;
    %jmp/0 T_1.3, 8;
 ; End of false expr.
    %blend;
T_1.3;
    %assign/vec4 v0x5569c19f3b50_0, 0;
T_1.1 ;
    %jmp T_1;
    .thread T_1;
    .scope S_0x5569c19a0de0;
T_2 ;
    %wait E_0x5569c19d9bf0;
    %load/vec4 v0x5569c19f3ec0_0;
    %flag_set/vec4 8;
    %jmp/0xz  T_2.0, 8;
    %pushi/vec4 0, 0, 1;
    %assign/vec4 v0x5569c19f3a90_0, 0;
    %jmp T_2.1;
T_2.0 ;
    %load/vec4 v0x5569c19f3d40_0;
    %flag_set/vec4 8;
    %jmp/0 T_2.2, 8;
    %load/vec4 v0x5569c19f3a90_0;
    %inv;
    %jmp/1 T_2.3, 8;
T_2.2 ; End of true expr.
    %load/vec4 v0x5569c19f3a90_0;
    %jmp/0 T_2.3, 8;
 ; End of false expr.
    %blend;
T_2.3;
    %assign/vec4 v0x5569c19f3a90_0, 0;
T_2.1 ;
    %jmp T_2;
    .thread T_2;
    .scope S_0x5569c19a0de0;
T_3 ;
    %wait E_0x5569c19d9bf0;
    %load/vec4 v0x5569c19c9e10_0;
    %assign/vec4 v0x5569c19f3f80_0, 0;
    %load/vec4 v0x5569c19f3f80_0;
    %assign/vec4 v0x5569c19f4040_0, 0;
    %jmp T_3;
    .thread T_3;
    .scope S_0x5569c19a0de0;
T_4 ;
    %wait E_0x5569c19d9bf0;
    %load/vec4 v0x5569c19f3f80_0;
    %inv;
    %load/vec4 v0x5569c19f4040_0;
    %and;
    %assign/vec4 v0x5569c19f3ec0_0, 0;
    %jmp T_4;
    .thread T_4;
    .scope S_0x5569c19a0de0;
T_5 ;
    %wait E_0x5569c19d9bf0;
    %load/vec4 v0x5569c19ca670_0;
    %assign/vec4 v0x5569c19f3850_0, 0;
    %load/vec4 v0x5569c19f3850_0;
    %assign/vec4 v0x5569c19f3910_0, 0;
    %jmp T_5;
    .thread T_5;
    .scope S_0x5569c19a0de0;
T_6 ;
    %wait E_0x5569c19d9bf0;
    %load/vec4 v0x5569c19f3850_0;
    %inv;
    %load/vec4 v0x5569c19f3910_0;
    %and;
    %assign/vec4 v0x5569c19f3790_0, 0;
    %jmp T_6;
    .thread T_6;
# The file index is used to find the file name in the following table.
:file_names 3;
    "N/A";
    "<interactive>";
    "blink.v";
