#! /usr/bin/vvp
:ivl_version "11.0 (stable)";
:ivl_delay_selection "TYPICAL";
:vpi_time_precision - 10;
:vpi_module "/usr/lib/x86_64-linux-gnu/ivl/system.vpi";
:vpi_module "/usr/lib/x86_64-linux-gnu/ivl/vhdl_sys.vpi";
:vpi_module "/usr/lib/x86_64-linux-gnu/ivl/vhdl_textio.vpi";
:vpi_module "/usr/lib/x86_64-linux-gnu/ivl/v2005_math.vpi";
:vpi_module "/usr/lib/x86_64-linux-gnu/ivl/va_math.vpi";
S_0x55735a3f7d90 .scope module, "even_test" "even_test" 2 4;
 .timescale -9 -10;
v0x55735a45ca10_0 .var "clk", 0 0;
v0x55735a45cad0_0 .var "num", 7 0;
v0x55735a45cb90_0 .net "out", 2 0, L_0x55735a45fb30;  1 drivers
S_0x55735a3f7f20 .scope module, "log2" "log2" 2 15, 3 12 0, S_0x55735a3f7d90;
 .timescale 0 0;
    .port_info 0 /INPUT 8 "num";
    .port_info 1 /OUTPUT 3 "degree";
L_0x7fd8e5587060 .functor BUFT 1, C4<000>, C4<0>, C4<0>, C4<0>;
L_0x55735a45ced0 .functor AND 3, L_0x55735a45cde0, L_0x7fd8e5587060, C4<111>, C4<111>;
L_0x7fd8e5587138 .functor BUFT 1, C4<001>, C4<0>, C4<0>, C4<0>;
L_0x55735a45d4d0 .functor AND 3, L_0x55735a45d3a0, L_0x7fd8e5587138, C4<111>, C4<111>;
L_0x55735a45d5e0 .functor OR 3, L_0x55735a45ced0, L_0x55735a45d4d0, C4<000>, C4<000>;
L_0x7fd8e5587210 .functor BUFT 1, C4<010>, C4<0>, C4<0>, C4<0>;
L_0x55735a45dc80 .functor AND 3, L_0x55735a45daa0, L_0x7fd8e5587210, C4<111>, C4<111>;
L_0x55735a45dd20 .functor OR 3, L_0x55735a45d5e0, L_0x55735a45dc80, C4<000>, C4<000>;
L_0x7fd8e55872e8 .functor BUFT 1, C4<011>, C4<0>, C4<0>, C4<0>;
L_0x55735a45e050 .functor AND 3, L_0x55735a45e200, L_0x7fd8e55872e8, C4<111>, C4<111>;
L_0x55735a45e490 .functor OR 3, L_0x55735a45dd20, L_0x55735a45e050, C4<000>, C4<000>;
L_0x7fd8e55873c0 .functor BUFT 1, C4<100>, C4<0>, C4<0>, C4<0>;
L_0x55735a45eb70 .functor AND 3, L_0x55735a45e950, L_0x7fd8e55873c0, C4<111>, C4<111>;
L_0x55735a45ec80 .functor OR 3, L_0x55735a45e490, L_0x55735a45eb70, C4<000>, C4<000>;
L_0x7fd8e5587498 .functor BUFT 1, C4<101>, C4<0>, C4<0>, C4<0>;
L_0x55735a45f2a0 .functor AND 3, L_0x55735a45f0f0, L_0x7fd8e5587498, C4<111>, C4<111>;
L_0x55735a45f3c0 .functor OR 3, L_0x55735a45ec80, L_0x55735a45f2a0, C4<000>, C4<000>;
L_0x7fd8e5587570 .functor BUFT 1, C4<110>, C4<0>, C4<0>, C4<0>;
L_0x55735a45fa70 .functor AND 3, L_0x55735a45f8a0, L_0x7fd8e5587570, C4<111>, C4<111>;
L_0x55735a45fba0 .functor OR 3, L_0x55735a45f3c0, L_0x55735a45fa70, C4<000>, C4<000>;
L_0x7fd8e5587648 .functor BUFT 1, C4<111>, C4<0>, C4<0>, C4<0>;
L_0x55735a4602e0 .functor AND 3, L_0x55735a4600f0, L_0x7fd8e5587648, C4<111>, C4<111>;
L_0x55735a45fb30 .functor OR 3, L_0x55735a45fba0, L_0x55735a4602e0, C4<000>, C4<000>;
L_0x7fd8e5587018 .functor BUFT 1, C4<00000001>, C4<0>, C4<0>, C4<0>;
v0x55735a3f8100_0 .net/2u *"_ivl_0", 7 0, L_0x7fd8e5587018;  1 drivers
L_0x7fd8e55870a8 .functor BUFT 1, C4<00000001>, C4<0>, C4<0>, C4<0>;
v0x55735a458af0_0 .net/2u *"_ivl_10", 7 0, L_0x7fd8e55870a8;  1 drivers
L_0x7fd8e55874e0 .functor BUFT 1, C4<00000001>, C4<0>, C4<0>, C4<0>;
v0x55735a458bd0_0 .net/2u *"_ivl_100", 7 0, L_0x7fd8e55874e0;  1 drivers
v0x55735a458c90_0 .net *"_ivl_102", 7 0, L_0x55735a45f520;  1 drivers
v0x55735a458d70_0 .net *"_ivl_104", 1 0, L_0x55735a45f480;  1 drivers
L_0x7fd8e5587528 .functor BUFT 1, C4<000000>, C4<0>, C4<0>, C4<0>;
v0x55735a458ea0_0 .net *"_ivl_106", 5 0, L_0x7fd8e5587528;  1 drivers
v0x55735a458f80_0 .net *"_ivl_108", 0 0, L_0x55735a45f760;  1 drivers
v0x55735a459040_0 .net *"_ivl_110", 2 0, L_0x55735a45f8a0;  1 drivers
v0x55735a459120_0 .net/2u *"_ivl_112", 2 0, L_0x7fd8e5587570;  1 drivers
v0x55735a459200_0 .net *"_ivl_114", 2 0, L_0x55735a45fa70;  1 drivers
v0x55735a4592e0_0 .net *"_ivl_116", 2 0, L_0x55735a45fba0;  1 drivers
L_0x7fd8e55875b8 .functor BUFT 1, C4<00000001>, C4<0>, C4<0>, C4<0>;
v0x55735a4593c0_0 .net/2u *"_ivl_118", 7 0, L_0x7fd8e55875b8;  1 drivers
v0x55735a4594a0_0 .net *"_ivl_12", 7 0, L_0x55735a45d0c0;  1 drivers
v0x55735a459580_0 .net *"_ivl_120", 7 0, L_0x55735a45fd50;  1 drivers
v0x55735a459660_0 .net *"_ivl_122", 0 0, L_0x55735a45fcb0;  1 drivers
L_0x7fd8e5587600 .functor BUFT 1, C4<0000000>, C4<0>, C4<0>, C4<0>;
v0x55735a459740_0 .net *"_ivl_124", 6 0, L_0x7fd8e5587600;  1 drivers
v0x55735a459820_0 .net *"_ivl_126", 0 0, L_0x55735a45ffb0;  1 drivers
v0x55735a4598e0_0 .net *"_ivl_128", 2 0, L_0x55735a4600f0;  1 drivers
v0x55735a4599c0_0 .net/2u *"_ivl_130", 2 0, L_0x7fd8e5587648;  1 drivers
v0x55735a459aa0_0 .net *"_ivl_132", 2 0, L_0x55735a4602e0;  1 drivers
v0x55735a459b80_0 .net *"_ivl_14", 6 0, L_0x55735a45cfc0;  1 drivers
L_0x7fd8e55870f0 .functor BUFT 1, C4<0>, C4<0>, C4<0>, C4<0>;
v0x55735a459c60_0 .net *"_ivl_16", 0 0, L_0x7fd8e55870f0;  1 drivers
v0x55735a459d40_0 .net *"_ivl_18", 0 0, L_0x55735a45d260;  1 drivers
v0x55735a459e00_0 .net *"_ivl_2", 0 0, L_0x55735a45ccc0;  1 drivers
v0x55735a459ec0_0 .net *"_ivl_20", 2 0, L_0x55735a45d3a0;  1 drivers
v0x55735a459fa0_0 .net/2u *"_ivl_22", 2 0, L_0x7fd8e5587138;  1 drivers
v0x55735a45a080_0 .net *"_ivl_24", 2 0, L_0x55735a45d4d0;  1 drivers
v0x55735a45a160_0 .net *"_ivl_26", 2 0, L_0x55735a45d5e0;  1 drivers
L_0x7fd8e5587180 .functor BUFT 1, C4<00000001>, C4<0>, C4<0>, C4<0>;
v0x55735a45a240_0 .net/2u *"_ivl_28", 7 0, L_0x7fd8e5587180;  1 drivers
v0x55735a45a320_0 .net *"_ivl_30", 7 0, L_0x55735a45d820;  1 drivers
v0x55735a45a400_0 .net *"_ivl_32", 5 0, L_0x55735a45d6f0;  1 drivers
L_0x7fd8e55871c8 .functor BUFT 1, C4<00>, C4<0>, C4<0>, C4<0>;
v0x55735a45a4e0_0 .net *"_ivl_34", 1 0, L_0x7fd8e55871c8;  1 drivers
v0x55735a45a5c0_0 .net *"_ivl_36", 0 0, L_0x55735a45d960;  1 drivers
v0x55735a45a680_0 .net *"_ivl_38", 2 0, L_0x55735a45daa0;  1 drivers
v0x55735a45a760_0 .net *"_ivl_4", 2 0, L_0x55735a45cde0;  1 drivers
v0x55735a45a840_0 .net/2u *"_ivl_40", 2 0, L_0x7fd8e5587210;  1 drivers
v0x55735a45a920_0 .net *"_ivl_42", 2 0, L_0x55735a45dc80;  1 drivers
v0x55735a45aa00_0 .net *"_ivl_44", 2 0, L_0x55735a45dd20;  1 drivers
L_0x7fd8e5587258 .functor BUFT 1, C4<00000001>, C4<0>, C4<0>, C4<0>;
v0x55735a45aae0_0 .net/2u *"_ivl_46", 7 0, L_0x7fd8e5587258;  1 drivers
v0x55735a45abc0_0 .net *"_ivl_48", 7 0, L_0x55735a45df60;  1 drivers
v0x55735a45aca0_0 .net *"_ivl_50", 4 0, L_0x55735a45dec0;  1 drivers
L_0x7fd8e55872a0 .functor BUFT 1, C4<000>, C4<0>, C4<0>, C4<0>;
v0x55735a45ad80_0 .net *"_ivl_52", 2 0, L_0x7fd8e55872a0;  1 drivers
v0x55735a45ae60_0 .net *"_ivl_54", 0 0, L_0x55735a45e0c0;  1 drivers
v0x55735a45af20_0 .net *"_ivl_56", 2 0, L_0x55735a45e200;  1 drivers
v0x55735a45b000_0 .net/2u *"_ivl_58", 2 0, L_0x7fd8e55872e8;  1 drivers
v0x55735a45b0e0_0 .net/2u *"_ivl_6", 2 0, L_0x7fd8e5587060;  1 drivers
v0x55735a45b1c0_0 .net *"_ivl_60", 2 0, L_0x55735a45e050;  1 drivers
v0x55735a45b2a0_0 .net *"_ivl_62", 2 0, L_0x55735a45e490;  1 drivers
L_0x7fd8e5587330 .functor BUFT 1, C4<00000001>, C4<0>, C4<0>, C4<0>;
v0x55735a45b380_0 .net/2u *"_ivl_64", 7 0, L_0x7fd8e5587330;  1 drivers
v0x55735a45b460_0 .net *"_ivl_66", 7 0, L_0x55735a45e640;  1 drivers
v0x55735a45b540_0 .net *"_ivl_68", 3 0, L_0x55735a45e5a0;  1 drivers
L_0x7fd8e5587378 .functor BUFT 1, C4<0000>, C4<0>, C4<0>, C4<0>;
v0x55735a45b620_0 .net *"_ivl_70", 3 0, L_0x7fd8e5587378;  1 drivers
v0x55735a45b700_0 .net *"_ivl_72", 0 0, L_0x55735a45e810;  1 drivers
v0x55735a45b7c0_0 .net *"_ivl_74", 2 0, L_0x55735a45e950;  1 drivers
v0x55735a45b8a0_0 .net/2u *"_ivl_76", 2 0, L_0x7fd8e55873c0;  1 drivers
v0x55735a45b980_0 .net *"_ivl_78", 2 0, L_0x55735a45eb70;  1 drivers
v0x55735a45ba60_0 .net *"_ivl_8", 2 0, L_0x55735a45ced0;  1 drivers
v0x55735a45bb40_0 .net *"_ivl_80", 2 0, L_0x55735a45ec80;  1 drivers
L_0x7fd8e5587408 .functor BUFT 1, C4<00000001>, C4<0>, C4<0>, C4<0>;
v0x55735a45bc20_0 .net/2u *"_ivl_82", 7 0, L_0x7fd8e5587408;  1 drivers
v0x55735a45bd00_0 .net *"_ivl_84", 7 0, L_0x55735a45ee30;  1 drivers
v0x55735a45bde0_0 .net *"_ivl_86", 2 0, L_0x55735a45ed90;  1 drivers
L_0x7fd8e5587450 .functor BUFT 1, C4<00000>, C4<0>, C4<0>, C4<0>;
v0x55735a45bec0_0 .net *"_ivl_88", 4 0, L_0x7fd8e5587450;  1 drivers
v0x55735a45bfa0_0 .net *"_ivl_90", 0 0, L_0x55735a45ead0;  1 drivers
v0x55735a45c060_0 .net *"_ivl_92", 2 0, L_0x55735a45f0f0;  1 drivers
v0x55735a45c140_0 .net/2u *"_ivl_94", 2 0, L_0x7fd8e5587498;  1 drivers
v0x55735a45c630_0 .net *"_ivl_96", 2 0, L_0x55735a45f2a0;  1 drivers
v0x55735a45c710_0 .net *"_ivl_98", 2 0, L_0x55735a45f3c0;  1 drivers
v0x55735a45c7f0_0 .net "degree", 2 0, L_0x55735a45fb30;  alias, 1 drivers
v0x55735a45c8d0_0 .net "num", 7 0, v0x55735a45cad0_0;  1 drivers
L_0x55735a45ccc0 .cmp/eq 8, L_0x7fd8e5587018, v0x55735a45cad0_0;
L_0x55735a45cde0 .concat [ 1 1 1 0], L_0x55735a45ccc0, L_0x55735a45ccc0, L_0x55735a45ccc0;
L_0x55735a45cfc0 .part v0x55735a45cad0_0, 1, 7;
L_0x55735a45d0c0 .concat [ 7 1 0 0], L_0x55735a45cfc0, L_0x7fd8e55870f0;
L_0x55735a45d260 .cmp/eq 8, L_0x7fd8e55870a8, L_0x55735a45d0c0;
L_0x55735a45d3a0 .concat [ 1 1 1 0], L_0x55735a45d260, L_0x55735a45d260, L_0x55735a45d260;
L_0x55735a45d6f0 .part v0x55735a45cad0_0, 2, 6;
L_0x55735a45d820 .concat [ 6 2 0 0], L_0x55735a45d6f0, L_0x7fd8e55871c8;
L_0x55735a45d960 .cmp/eq 8, L_0x7fd8e5587180, L_0x55735a45d820;
L_0x55735a45daa0 .concat [ 1 1 1 0], L_0x55735a45d960, L_0x55735a45d960, L_0x55735a45d960;
L_0x55735a45dec0 .part v0x55735a45cad0_0, 3, 5;
L_0x55735a45df60 .concat [ 5 3 0 0], L_0x55735a45dec0, L_0x7fd8e55872a0;
L_0x55735a45e0c0 .cmp/eq 8, L_0x7fd8e5587258, L_0x55735a45df60;
L_0x55735a45e200 .concat [ 1 1 1 0], L_0x55735a45e0c0, L_0x55735a45e0c0, L_0x55735a45e0c0;
L_0x55735a45e5a0 .part v0x55735a45cad0_0, 4, 4;
L_0x55735a45e640 .concat [ 4 4 0 0], L_0x55735a45e5a0, L_0x7fd8e5587378;
L_0x55735a45e810 .cmp/eq 8, L_0x7fd8e5587330, L_0x55735a45e640;
L_0x55735a45e950 .concat [ 1 1 1 0], L_0x55735a45e810, L_0x55735a45e810, L_0x55735a45e810;
L_0x55735a45ed90 .part v0x55735a45cad0_0, 5, 3;
L_0x55735a45ee30 .concat [ 3 5 0 0], L_0x55735a45ed90, L_0x7fd8e5587450;
L_0x55735a45ead0 .cmp/eq 8, L_0x7fd8e5587408, L_0x55735a45ee30;
L_0x55735a45f0f0 .concat [ 1 1 1 0], L_0x55735a45ead0, L_0x55735a45ead0, L_0x55735a45ead0;
L_0x55735a45f480 .part v0x55735a45cad0_0, 6, 2;
L_0x55735a45f520 .concat [ 2 6 0 0], L_0x55735a45f480, L_0x7fd8e5587528;
L_0x55735a45f760 .cmp/eq 8, L_0x7fd8e55874e0, L_0x55735a45f520;
L_0x55735a45f8a0 .concat [ 1 1 1 0], L_0x55735a45f760, L_0x55735a45f760, L_0x55735a45f760;
L_0x55735a45fcb0 .part v0x55735a45cad0_0, 7, 1;
L_0x55735a45fd50 .concat [ 1 7 0 0], L_0x55735a45fcb0, L_0x7fd8e5587600;
L_0x55735a45ffb0 .cmp/eq 8, L_0x7fd8e55875b8, L_0x55735a45fd50;
L_0x55735a4600f0 .concat [ 1 1 1 0], L_0x55735a45ffb0, L_0x55735a45ffb0, L_0x55735a45ffb0;
    .scope S_0x55735a3f7d90;
T_0 ;
    %delay 10, 0;
    %load/vec4 v0x55735a45ca10_0;
    %inv;
    %store/vec4 v0x55735a45ca10_0, 0, 1;
    %jmp T_0;
    .thread T_0;
    .scope S_0x55735a3f7d90;
T_1 ;
    %delay 100, 0;
    %pushi/vec4 1, 0, 8;
    %store/vec4 v0x55735a45cad0_0, 0, 8;
    %delay 100, 0;
    %vpi_call 2 25 "$display", "num = %d  degree = %d ", v0x55735a45cad0_0, v0x55735a45cb90_0 {0 0 0};
    %delay 100, 0;
    %pushi/vec4 2, 0, 8;
    %store/vec4 v0x55735a45cad0_0, 0, 8;
    %delay 100, 0;
    %vpi_call 2 30 "$display", "num = %d  degree = %d ", v0x55735a45cad0_0, v0x55735a45cb90_0 {0 0 0};
    %delay 100, 0;
    %pushi/vec4 4, 0, 8;
    %store/vec4 v0x55735a45cad0_0, 0, 8;
    %delay 100, 0;
    %vpi_call 2 35 "$display", "num = %d  degree = %d ", v0x55735a45cad0_0, v0x55735a45cb90_0 {0 0 0};
    %delay 100, 0;
    %pushi/vec4 8, 0, 8;
    %store/vec4 v0x55735a45cad0_0, 0, 8;
    %delay 100, 0;
    %vpi_call 2 40 "$display", "num = %d  degree = %d ", v0x55735a45cad0_0, v0x55735a45cb90_0 {0 0 0};
    %delay 100, 0;
    %pushi/vec4 16, 0, 8;
    %store/vec4 v0x55735a45cad0_0, 0, 8;
    %delay 100, 0;
    %vpi_call 2 45 "$display", "num = %d  degree = %d ", v0x55735a45cad0_0, v0x55735a45cb90_0 {0 0 0};
    %delay 100, 0;
    %pushi/vec4 32, 0, 8;
    %store/vec4 v0x55735a45cad0_0, 0, 8;
    %delay 100, 0;
    %vpi_call 2 50 "$display", "num = %d  degree = %d ", v0x55735a45cad0_0, v0x55735a45cb90_0 {0 0 0};
    %delay 100, 0;
    %pushi/vec4 64, 0, 8;
    %store/vec4 v0x55735a45cad0_0, 0, 8;
    %delay 100, 0;
    %vpi_call 2 55 "$display", "num = %d  degree = %d ", v0x55735a45cad0_0, v0x55735a45cb90_0 {0 0 0};
    %delay 100, 0;
    %pushi/vec4 128, 0, 8;
    %store/vec4 v0x55735a45cad0_0, 0, 8;
    %delay 100, 0;
    %vpi_call 2 60 "$display", "num = %d  degree = %d ", v0x55735a45cad0_0, v0x55735a45cb90_0 {0 0 0};
    %vpi_call 2 62 "$finish" {0 0 0};
    %end;
    .thread T_1;
# The file index is used to find the file name in the following table.
:file_names 4;
    "N/A";
    "<interactive>";
    "log_test.v";
    "log2.v";
