#! /usr/bin/vvp
:ivl_version "11.0 (stable)";
:ivl_delay_selection "TYPICAL";
:vpi_time_precision - 10;
:vpi_module "/usr/lib/x86_64-linux-gnu/ivl/system.vpi";
:vpi_module "/usr/lib/x86_64-linux-gnu/ivl/vhdl_sys.vpi";
:vpi_module "/usr/lib/x86_64-linux-gnu/ivl/vhdl_textio.vpi";
:vpi_module "/usr/lib/x86_64-linux-gnu/ivl/v2005_math.vpi";
:vpi_module "/usr/lib/x86_64-linux-gnu/ivl/va_math.vpi";
S_0x55d138596010 .scope module, "dec_test" "dec_test" 2 4;
 .timescale -9 -10;
P_0x55d138531620 .param/l "MAX_OFFSET" 1 2 16, +C4<00000000000000000000000000000100>;
P_0x55d138531660 .param/l "NUM_SIZE" 0 2 6, +C4<00000000000000000000000000010000>;
P_0x55d1385316a0 .param/l "OUT_SIZE" 0 2 7, +C4<00000000000000000000000000000100>;
v0x55d1385c1250_0 .var "clk", 0 0;
v0x55d1385c1310_0 .var "num", 15 0;
v0x55d1385c13d0_0 .var "offset", 3 0;
v0x55d1385c14a0_0 .net "out", 3 0, L_0x55d1385d8540;  1 drivers
S_0x55d138584b80 .scope begin, "$ivl_for_loop0" "$ivl_for_loop0" 2 33, 2 33 0, S_0x55d138596010;
 .timescale -9 -10;
v0x55d138562cb0_0 .var/i "i", 31 0;
S_0x55d1385b3dd0 .scope begin, "$ivl_for_loop1" "$ivl_for_loop1" 2 48, 2 48 0, S_0x55d138596010;
 .timescale -9 -10;
v0x55d1385613f0_0 .var/i "i", 31 0;
S_0x55d1385b4010 .scope module, "pr_coder" "pr_coder" 2 25, 3 1 0, S_0x55d138596010;
 .timescale -9 -10;
    .port_info 0 /INPUT 16 "num";
    .port_info 1 /OUTPUT 4 "out";
P_0x55d138555b80 .param/l "NUM_SIZE" 0 3 3, +C4<00000000000000000000000000010000>;
P_0x55d138555bc0 .param/l "OUT_SIZE" 0 3 4, +C4<00000000000000000000000000000100>;
L_0x55d1385d8540 .functor BUFZ 4, L_0x55d1385d8400, C4<0000>, C4<0000>, C4<0000>;
v0x55d1385c0d50_0 .net "num", 15 0, v0x55d1385c1310_0;  1 drivers
v0x55d1385c0e50_0 .net "out", 3 0, L_0x55d1385d8540;  alias, 1 drivers
v0x55d1385c0f30 .array "tmp", 0 16;
v0x55d1385c0f30_0 .net v0x55d1385c0f30 0, 3 0, L_0x55d1385d8400; 1 drivers
v0x55d1385c0f30_1 .net v0x55d1385c0f30 1, 3 0, L_0x55d1385d7e00; 1 drivers
v0x55d1385c0f30_2 .net v0x55d1385c0f30 2, 3 0, L_0x55d1385d7680; 1 drivers
v0x55d1385c0f30_3 .net v0x55d1385c0f30 3, 3 0, L_0x55d1385d7100; 1 drivers
v0x55d1385c0f30_4 .net v0x55d1385c0f30 4, 3 0, L_0x55d1385d6b90; 1 drivers
v0x55d1385c0f30_5 .net v0x55d1385c0f30 5, 3 0, L_0x55d1385d65b0; 1 drivers
v0x55d1385c0f30_6 .net v0x55d1385c0f30 6, 3 0, L_0x55d1385d6040; 1 drivers
v0x55d1385c0f30_7 .net v0x55d1385c0f30 7, 3 0, L_0x55d1385d5ac0; 1 drivers
v0x55d1385c0f30_8 .net v0x55d1385c0f30 8, 3 0, L_0x55d1385d5390; 1 drivers
v0x55d1385c0f30_9 .net v0x55d1385c0f30 9, 3 0, L_0x55d1385d4b70; 1 drivers
v0x55d1385c0f30_10 .net v0x55d1385c0f30 10, 3 0, L_0x55d1385d4290; 1 drivers
v0x55d1385c0f30_11 .net v0x55d1385c0f30 11, 3 0, L_0x55d1385d3a80; 1 drivers
v0x55d1385c0f30_12 .net v0x55d1385c0f30 12, 3 0, L_0x55d1385d32b0; 1 drivers
v0x55d1385c0f30_13 .net v0x55d1385c0f30 13, 3 0, L_0x55d1385d2ab0; 1 drivers
v0x55d1385c0f30_14 .net v0x55d1385c0f30 14, 3 0, L_0x55d1385d2260; 1 drivers
v0x55d1385c0f30_15 .net v0x55d1385c0f30 15, 3 0, L_0x55d1385d1a80; 1 drivers
L_0x7fbba2135018 .functor BUFT 1, C4<0000>, C4<0>, C4<0>, C4<0>;
v0x55d1385c0f30_16 .net v0x55d1385c0f30 16, 3 0, L_0x7fbba2135018; 1 drivers
L_0x55d1385d1780 .part v0x55d1385c1310_0, 15, 1;
L_0x55d1385d1e40 .part v0x55d1385c1310_0, 14, 1;
L_0x55d1385d2610 .part v0x55d1385c1310_0, 13, 1;
L_0x55d1385d2e20 .part v0x55d1385c1310_0, 12, 1;
L_0x55d1385d3620 .part v0x55d1385c1310_0, 11, 1;
L_0x55d1385d3df0 .part v0x55d1385c1310_0, 10, 1;
L_0x55d1385d4600 .part v0x55d1385c1310_0, 9, 1;
L_0x55d1385d4ee0 .part v0x55d1385c1310_0, 8, 1;
L_0x55d1385d5910 .part v0x55d1385c1310_0, 7, 1;
L_0x55d1385d5e80 .part v0x55d1385c1310_0, 6, 1;
L_0x55d1385d6400 .part v0x55d1385c1310_0, 5, 1;
L_0x55d1385d6970 .part v0x55d1385c1310_0, 4, 1;
L_0x55d1385d6f50 .part v0x55d1385c1310_0, 3, 1;
L_0x55d1385d74c0 .part v0x55d1385c1310_0, 2, 1;
L_0x55d1385d7a40 .part v0x55d1385c1310_0, 1, 1;
L_0x55d1385d81c0 .part v0x55d1385c1310_0, 0, 1;
S_0x55d1385b42c0 .scope generate, "genblk1[0]" "genblk1[0]" 3 15, 3 15 0, S_0x55d1385b4010;
 .timescale -9 -10;
P_0x55d1385b44e0 .param/l "i" 0 3 15, +C4<00>;
S_0x55d1385b45c0 .scope generate, "genblk3" "genblk3" 3 16, 3 16 0, S_0x55d1385b42c0;
 .timescale -9 -10;
L_0x55d1385d82f0 .functor AND 1, L_0x55d1385d8080, L_0x55d1385d81c0, C4<1>, C4<1>;
v0x55d1385b47a0_0 .net *"_ivl_10", 0 0, L_0x55d1385d81c0;  1 drivers
v0x55d1385b48a0_0 .net *"_ivl_11", 0 0, L_0x55d1385d82f0;  1 drivers
L_0x7fbba2135f48 .functor BUFT 1, C4<0000>, C4<0>, C4<0>, C4<0>;
v0x55d1385b4980_0 .net/2u *"_ivl_13", 3 0, L_0x7fbba2135f48;  1 drivers
v0x55d1385b4a70_0 .net *"_ivl_2", 31 0, L_0x55d1385d7f40;  1 drivers
L_0x7fbba2135eb8 .functor BUFT 1, C4<0000000000000000000000000000>, C4<0>, C4<0>, C4<0>;
v0x55d1385b4b50_0 .net *"_ivl_5", 27 0, L_0x7fbba2135eb8;  1 drivers
L_0x7fbba2135f00 .functor BUFT 1, C4<00000000000000000000000000000000>, C4<0>, C4<0>, C4<0>;
v0x55d1385b4c80_0 .net/2u *"_ivl_6", 31 0, L_0x7fbba2135f00;  1 drivers
v0x55d1385b4d60_0 .net *"_ivl_8", 0 0, L_0x55d1385d8080;  1 drivers
L_0x55d1385d7f40 .concat [ 4 28 0 0], L_0x55d1385d7e00, L_0x7fbba2135eb8;
L_0x55d1385d8080 .cmp/eq 32, L_0x55d1385d7f40, L_0x7fbba2135f00;
L_0x55d1385d8400 .functor MUXZ 4, L_0x55d1385d7e00, L_0x7fbba2135f48, L_0x55d1385d82f0, C4<>;
S_0x55d1385b4e20 .scope generate, "genblk1[1]" "genblk1[1]" 3 15, 3 15 0, S_0x55d1385b4010;
 .timescale -9 -10;
P_0x55d1385b5040 .param/l "i" 0 3 15, +C4<01>;
S_0x55d1385b5100 .scope generate, "genblk3" "genblk3" 3 16, 3 16 0, S_0x55d1385b4e20;
 .timescale -9 -10;
L_0x55d1385d7cf0 .functor AND 1, L_0x55d1385d7900, L_0x55d1385d7a40, C4<1>, C4<1>;
v0x55d1385b52e0_0 .net *"_ivl_10", 0 0, L_0x55d1385d7a40;  1 drivers
v0x55d1385b53e0_0 .net *"_ivl_11", 0 0, L_0x55d1385d7cf0;  1 drivers
L_0x7fbba2135e70 .functor BUFT 1, C4<0001>, C4<0>, C4<0>, C4<0>;
v0x55d1385b54c0_0 .net/2u *"_ivl_13", 3 0, L_0x7fbba2135e70;  1 drivers
v0x55d1385b5580_0 .net *"_ivl_2", 31 0, L_0x55d1385d77c0;  1 drivers
L_0x7fbba2135de0 .functor BUFT 1, C4<0000000000000000000000000000>, C4<0>, C4<0>, C4<0>;
v0x55d1385b5660_0 .net *"_ivl_5", 27 0, L_0x7fbba2135de0;  1 drivers
L_0x7fbba2135e28 .functor BUFT 1, C4<00000000000000000000000000000000>, C4<0>, C4<0>, C4<0>;
v0x55d1385b5790_0 .net/2u *"_ivl_6", 31 0, L_0x7fbba2135e28;  1 drivers
v0x55d1385b5870_0 .net *"_ivl_8", 0 0, L_0x55d1385d7900;  1 drivers
L_0x55d1385d77c0 .concat [ 4 28 0 0], L_0x55d1385d7680, L_0x7fbba2135de0;
L_0x55d1385d7900 .cmp/eq 32, L_0x55d1385d77c0, L_0x7fbba2135e28;
L_0x55d1385d7e00 .functor MUXZ 4, L_0x55d1385d7680, L_0x7fbba2135e70, L_0x55d1385d7cf0, C4<>;
S_0x55d1385b5930 .scope generate, "genblk1[2]" "genblk1[2]" 3 15, 3 15 0, S_0x55d1385b4010;
 .timescale -9 -10;
P_0x55d1385b5b30 .param/l "i" 0 3 15, +C4<010>;
S_0x55d1385b5bf0 .scope generate, "genblk3" "genblk3" 3 16, 3 16 0, S_0x55d1385b5930;
 .timescale -9 -10;
L_0x55d1385d6a10 .functor AND 1, L_0x55d1385d7380, L_0x55d1385d74c0, C4<1>, C4<1>;
v0x55d1385b5dd0_0 .net *"_ivl_10", 0 0, L_0x55d1385d74c0;  1 drivers
v0x55d1385b5ed0_0 .net *"_ivl_11", 0 0, L_0x55d1385d6a10;  1 drivers
L_0x7fbba2135d98 .functor BUFT 1, C4<0010>, C4<0>, C4<0>, C4<0>;
v0x55d1385b5fb0_0 .net/2u *"_ivl_13", 3 0, L_0x7fbba2135d98;  1 drivers
v0x55d1385b60a0_0 .net *"_ivl_2", 31 0, L_0x55d1385d7240;  1 drivers
L_0x7fbba2135d08 .functor BUFT 1, C4<0000000000000000000000000000>, C4<0>, C4<0>, C4<0>;
v0x55d1385b6180_0 .net *"_ivl_5", 27 0, L_0x7fbba2135d08;  1 drivers
L_0x7fbba2135d50 .functor BUFT 1, C4<00000000000000000000000000000000>, C4<0>, C4<0>, C4<0>;
v0x55d1385b62b0_0 .net/2u *"_ivl_6", 31 0, L_0x7fbba2135d50;  1 drivers
v0x55d1385b6390_0 .net *"_ivl_8", 0 0, L_0x55d1385d7380;  1 drivers
L_0x55d1385d7240 .concat [ 4 28 0 0], L_0x55d1385d7100, L_0x7fbba2135d08;
L_0x55d1385d7380 .cmp/eq 32, L_0x55d1385d7240, L_0x7fbba2135d50;
L_0x55d1385d7680 .functor MUXZ 4, L_0x55d1385d7100, L_0x7fbba2135d98, L_0x55d1385d6a10, C4<>;
S_0x55d1385b6450 .scope generate, "genblk1[3]" "genblk1[3]" 3 15, 3 15 0, S_0x55d1385b4010;
 .timescale -9 -10;
P_0x55d1385b6650 .param/l "i" 0 3 15, +C4<011>;
S_0x55d1385b6730 .scope generate, "genblk3" "genblk3" 3 16, 3 16 0, S_0x55d1385b6450;
 .timescale -9 -10;
L_0x55d1385d6ff0 .functor AND 1, L_0x55d1385d6e10, L_0x55d1385d6f50, C4<1>, C4<1>;
v0x55d1385b6910_0 .net *"_ivl_10", 0 0, L_0x55d1385d6f50;  1 drivers
v0x55d1385b6a10_0 .net *"_ivl_11", 0 0, L_0x55d1385d6ff0;  1 drivers
L_0x7fbba2135cc0 .functor BUFT 1, C4<0011>, C4<0>, C4<0>, C4<0>;
v0x55d1385b6af0_0 .net/2u *"_ivl_13", 3 0, L_0x7fbba2135cc0;  1 drivers
v0x55d1385b6bb0_0 .net *"_ivl_2", 31 0, L_0x55d1385d6cd0;  1 drivers
L_0x7fbba2135c30 .functor BUFT 1, C4<0000000000000000000000000000>, C4<0>, C4<0>, C4<0>;
v0x55d1385b6c90_0 .net *"_ivl_5", 27 0, L_0x7fbba2135c30;  1 drivers
L_0x7fbba2135c78 .functor BUFT 1, C4<00000000000000000000000000000000>, C4<0>, C4<0>, C4<0>;
v0x55d1385b6dc0_0 .net/2u *"_ivl_6", 31 0, L_0x7fbba2135c78;  1 drivers
v0x55d1385b6ea0_0 .net *"_ivl_8", 0 0, L_0x55d1385d6e10;  1 drivers
L_0x55d1385d6cd0 .concat [ 4 28 0 0], L_0x55d1385d6b90, L_0x7fbba2135c30;
L_0x55d1385d6e10 .cmp/eq 32, L_0x55d1385d6cd0, L_0x7fbba2135c78;
L_0x55d1385d7100 .functor MUXZ 4, L_0x55d1385d6b90, L_0x7fbba2135cc0, L_0x55d1385d6ff0, C4<>;
S_0x55d1385b6f60 .scope generate, "genblk1[4]" "genblk1[4]" 3 15, 3 15 0, S_0x55d1385b4010;
 .timescale -9 -10;
P_0x55d1385b71b0 .param/l "i" 0 3 15, +C4<0100>;
S_0x55d1385b7290 .scope generate, "genblk3" "genblk3" 3 16, 3 16 0, S_0x55d1385b6f60;
 .timescale -9 -10;
L_0x55d1385d6a80 .functor AND 1, L_0x55d1385d6830, L_0x55d1385d6970, C4<1>, C4<1>;
v0x55d1385b7470_0 .net *"_ivl_10", 0 0, L_0x55d1385d6970;  1 drivers
v0x55d1385b7570_0 .net *"_ivl_11", 0 0, L_0x55d1385d6a80;  1 drivers
L_0x7fbba2135be8 .functor BUFT 1, C4<0100>, C4<0>, C4<0>, C4<0>;
v0x55d1385b7650_0 .net/2u *"_ivl_13", 3 0, L_0x7fbba2135be8;  1 drivers
v0x55d1385b7710_0 .net *"_ivl_2", 31 0, L_0x55d1385d66f0;  1 drivers
L_0x7fbba2135b58 .functor BUFT 1, C4<0000000000000000000000000000>, C4<0>, C4<0>, C4<0>;
v0x55d1385b77f0_0 .net *"_ivl_5", 27 0, L_0x7fbba2135b58;  1 drivers
L_0x7fbba2135ba0 .functor BUFT 1, C4<00000000000000000000000000000000>, C4<0>, C4<0>, C4<0>;
v0x55d1385b7920_0 .net/2u *"_ivl_6", 31 0, L_0x7fbba2135ba0;  1 drivers
v0x55d1385b7a00_0 .net *"_ivl_8", 0 0, L_0x55d1385d6830;  1 drivers
L_0x55d1385d66f0 .concat [ 4 28 0 0], L_0x55d1385d65b0, L_0x7fbba2135b58;
L_0x55d1385d6830 .cmp/eq 32, L_0x55d1385d66f0, L_0x7fbba2135ba0;
L_0x55d1385d6b90 .functor MUXZ 4, L_0x55d1385d65b0, L_0x7fbba2135be8, L_0x55d1385d6a80, C4<>;
S_0x55d1385b7ac0 .scope generate, "genblk1[5]" "genblk1[5]" 3 15, 3 15 0, S_0x55d1385b4010;
 .timescale -9 -10;
P_0x55d1385b7cc0 .param/l "i" 0 3 15, +C4<0101>;
S_0x55d1385b7da0 .scope generate, "genblk3" "genblk3" 3 16, 3 16 0, S_0x55d1385b7ac0;
 .timescale -9 -10;
L_0x55d1385d64a0 .functor AND 1, L_0x55d1385d62c0, L_0x55d1385d6400, C4<1>, C4<1>;
v0x55d1385b7f80_0 .net *"_ivl_10", 0 0, L_0x55d1385d6400;  1 drivers
v0x55d1385b8080_0 .net *"_ivl_11", 0 0, L_0x55d1385d64a0;  1 drivers
L_0x7fbba2135b10 .functor BUFT 1, C4<0101>, C4<0>, C4<0>, C4<0>;
v0x55d1385b8160_0 .net/2u *"_ivl_13", 3 0, L_0x7fbba2135b10;  1 drivers
v0x55d1385b8220_0 .net *"_ivl_2", 31 0, L_0x55d1385d6180;  1 drivers
L_0x7fbba2135a80 .functor BUFT 1, C4<0000000000000000000000000000>, C4<0>, C4<0>, C4<0>;
v0x55d1385b8300_0 .net *"_ivl_5", 27 0, L_0x7fbba2135a80;  1 drivers
L_0x7fbba2135ac8 .functor BUFT 1, C4<00000000000000000000000000000000>, C4<0>, C4<0>, C4<0>;
v0x55d1385b8430_0 .net/2u *"_ivl_6", 31 0, L_0x7fbba2135ac8;  1 drivers
v0x55d1385b8510_0 .net *"_ivl_8", 0 0, L_0x55d1385d62c0;  1 drivers
L_0x55d1385d6180 .concat [ 4 28 0 0], L_0x55d1385d6040, L_0x7fbba2135a80;
L_0x55d1385d62c0 .cmp/eq 32, L_0x55d1385d6180, L_0x7fbba2135ac8;
L_0x55d1385d65b0 .functor MUXZ 4, L_0x55d1385d6040, L_0x7fbba2135b10, L_0x55d1385d64a0, C4<>;
S_0x55d1385b85d0 .scope generate, "genblk1[6]" "genblk1[6]" 3 15, 3 15 0, S_0x55d1385b4010;
 .timescale -9 -10;
P_0x55d1385b87d0 .param/l "i" 0 3 15, +C4<0110>;
S_0x55d1385b88b0 .scope generate, "genblk3" "genblk3" 3 16, 3 16 0, S_0x55d1385b85d0;
 .timescale -9 -10;
L_0x55d1385d5f80 .functor AND 1, L_0x55d1385d5d40, L_0x55d1385d5e80, C4<1>, C4<1>;
v0x55d1385b8a90_0 .net *"_ivl_10", 0 0, L_0x55d1385d5e80;  1 drivers
v0x55d1385b8b90_0 .net *"_ivl_11", 0 0, L_0x55d1385d5f80;  1 drivers
L_0x7fbba2135a38 .functor BUFT 1, C4<0110>, C4<0>, C4<0>, C4<0>;
v0x55d1385b8c70_0 .net/2u *"_ivl_13", 3 0, L_0x7fbba2135a38;  1 drivers
v0x55d1385b8d30_0 .net *"_ivl_2", 31 0, L_0x55d1385d5c00;  1 drivers
L_0x7fbba21359a8 .functor BUFT 1, C4<0000000000000000000000000000>, C4<0>, C4<0>, C4<0>;
v0x55d1385b8e10_0 .net *"_ivl_5", 27 0, L_0x7fbba21359a8;  1 drivers
L_0x7fbba21359f0 .functor BUFT 1, C4<00000000000000000000000000000000>, C4<0>, C4<0>, C4<0>;
v0x55d1385b8f40_0 .net/2u *"_ivl_6", 31 0, L_0x7fbba21359f0;  1 drivers
v0x55d1385b9020_0 .net *"_ivl_8", 0 0, L_0x55d1385d5d40;  1 drivers
L_0x55d1385d5c00 .concat [ 4 28 0 0], L_0x55d1385d5ac0, L_0x7fbba21359a8;
L_0x55d1385d5d40 .cmp/eq 32, L_0x55d1385d5c00, L_0x7fbba21359f0;
L_0x55d1385d6040 .functor MUXZ 4, L_0x55d1385d5ac0, L_0x7fbba2135a38, L_0x55d1385d5f80, C4<>;
S_0x55d1385b90e0 .scope generate, "genblk1[7]" "genblk1[7]" 3 15, 3 15 0, S_0x55d1385b4010;
 .timescale -9 -10;
P_0x55d1385b92e0 .param/l "i" 0 3 15, +C4<0111>;
S_0x55d1385b93c0 .scope generate, "genblk3" "genblk3" 3 16, 3 16 0, S_0x55d1385b90e0;
 .timescale -9 -10;
L_0x55d1385d59b0 .functor AND 1, L_0x55d1385d57d0, L_0x55d1385d5910, C4<1>, C4<1>;
v0x55d1385b95a0_0 .net *"_ivl_10", 0 0, L_0x55d1385d5910;  1 drivers
v0x55d1385b96a0_0 .net *"_ivl_11", 0 0, L_0x55d1385d59b0;  1 drivers
L_0x7fbba2135960 .functor BUFT 1, C4<0111>, C4<0>, C4<0>, C4<0>;
v0x55d1385b9780_0 .net/2u *"_ivl_13", 3 0, L_0x7fbba2135960;  1 drivers
v0x55d1385b9840_0 .net *"_ivl_2", 31 0, L_0x55d1385d5480;  1 drivers
L_0x7fbba21358d0 .functor BUFT 1, C4<0000000000000000000000000000>, C4<0>, C4<0>, C4<0>;
v0x55d1385b9920_0 .net *"_ivl_5", 27 0, L_0x7fbba21358d0;  1 drivers
L_0x7fbba2135918 .functor BUFT 1, C4<00000000000000000000000000000000>, C4<0>, C4<0>, C4<0>;
v0x55d1385b9a50_0 .net/2u *"_ivl_6", 31 0, L_0x7fbba2135918;  1 drivers
v0x55d1385b9b30_0 .net *"_ivl_8", 0 0, L_0x55d1385d57d0;  1 drivers
L_0x55d1385d5480 .concat [ 4 28 0 0], L_0x55d1385d5390, L_0x7fbba21358d0;
L_0x55d1385d57d0 .cmp/eq 32, L_0x55d1385d5480, L_0x7fbba2135918;
L_0x55d1385d5ac0 .functor MUXZ 4, L_0x55d1385d5390, L_0x7fbba2135960, L_0x55d1385d59b0, C4<>;
S_0x55d1385b9bf0 .scope generate, "genblk1[8]" "genblk1[8]" 3 15, 3 15 0, S_0x55d1385b4010;
 .timescale -9 -10;
P_0x55d1385b7160 .param/l "i" 0 3 15, +C4<01000>;
S_0x55d1385b9e80 .scope generate, "genblk3" "genblk3" 3 16, 3 16 0, S_0x55d1385b9bf0;
 .timescale -9 -10;
L_0x55d1385d4fd0 .functor AND 1, L_0x55d1385d4da0, L_0x55d1385d4ee0, C4<1>, C4<1>;
v0x55d1385ba060_0 .net *"_ivl_10", 0 0, L_0x55d1385d4ee0;  1 drivers
v0x55d1385ba160_0 .net *"_ivl_11", 0 0, L_0x55d1385d4fd0;  1 drivers
L_0x7fbba2135840 .functor BUFT 1, C4<01000>, C4<0>, C4<0>, C4<0>;
v0x55d1385ba240_0 .net/2u *"_ivl_13", 4 0, L_0x7fbba2135840;  1 drivers
v0x55d1385ba300_0 .net *"_ivl_16", 4 0, L_0x55d1385d50e0;  1 drivers
L_0x7fbba2135888 .functor BUFT 1, C4<0>, C4<0>, C4<0>, C4<0>;
v0x55d1385ba3e0_0 .net *"_ivl_19", 0 0, L_0x7fbba2135888;  1 drivers
v0x55d1385ba510_0 .net *"_ivl_2", 31 0, L_0x55d1385d4c60;  1 drivers
v0x55d1385ba5f0_0 .net *"_ivl_20", 4 0, L_0x55d1385d51d0;  1 drivers
L_0x7fbba21357b0 .functor BUFT 1, C4<0000000000000000000000000000>, C4<0>, C4<0>, C4<0>;
v0x55d1385ba6d0_0 .net *"_ivl_5", 27 0, L_0x7fbba21357b0;  1 drivers
L_0x7fbba21357f8 .functor BUFT 1, C4<00000000000000000000000000000000>, C4<0>, C4<0>, C4<0>;
v0x55d1385ba7b0_0 .net/2u *"_ivl_6", 31 0, L_0x7fbba21357f8;  1 drivers
v0x55d1385ba890_0 .net *"_ivl_8", 0 0, L_0x55d1385d4da0;  1 drivers
L_0x55d1385d4c60 .concat [ 4 28 0 0], L_0x55d1385d4b70, L_0x7fbba21357b0;
L_0x55d1385d4da0 .cmp/eq 32, L_0x55d1385d4c60, L_0x7fbba21357f8;
L_0x55d1385d50e0 .concat [ 4 1 0 0], L_0x55d1385d4b70, L_0x7fbba2135888;
L_0x55d1385d51d0 .functor MUXZ 5, L_0x55d1385d50e0, L_0x7fbba2135840, L_0x55d1385d4fd0, C4<>;
L_0x55d1385d5390 .part L_0x55d1385d51d0, 0, 4;
S_0x55d1385ba950 .scope generate, "genblk1[9]" "genblk1[9]" 3 15, 3 15 0, S_0x55d1385b4010;
 .timescale -9 -10;
P_0x55d1385bab00 .param/l "i" 0 3 15, +C4<01001>;
S_0x55d1385babe0 .scope generate, "genblk3" "genblk3" 3 16, 3 16 0, S_0x55d1385ba950;
 .timescale -9 -10;
L_0x55d1385d47b0 .functor AND 1, L_0x55d1385d44c0, L_0x55d1385d4600, C4<1>, C4<1>;
v0x55d1385badc0_0 .net *"_ivl_10", 0 0, L_0x55d1385d4600;  1 drivers
v0x55d1385baec0_0 .net *"_ivl_11", 0 0, L_0x55d1385d47b0;  1 drivers
L_0x7fbba2135720 .functor BUFT 1, C4<01001>, C4<0>, C4<0>, C4<0>;
v0x55d1385bafa0_0 .net/2u *"_ivl_13", 4 0, L_0x7fbba2135720;  1 drivers
v0x55d1385bb060_0 .net *"_ivl_16", 4 0, L_0x55d1385d48c0;  1 drivers
L_0x7fbba2135768 .functor BUFT 1, C4<0>, C4<0>, C4<0>, C4<0>;
v0x55d1385bb140_0 .net *"_ivl_19", 0 0, L_0x7fbba2135768;  1 drivers
v0x55d1385bb270_0 .net *"_ivl_2", 31 0, L_0x55d1385d4380;  1 drivers
v0x55d1385bb350_0 .net *"_ivl_20", 4 0, L_0x55d1385d49b0;  1 drivers
L_0x7fbba2135690 .functor BUFT 1, C4<0000000000000000000000000000>, C4<0>, C4<0>, C4<0>;
v0x55d1385bb430_0 .net *"_ivl_5", 27 0, L_0x7fbba2135690;  1 drivers
L_0x7fbba21356d8 .functor BUFT 1, C4<00000000000000000000000000000000>, C4<0>, C4<0>, C4<0>;
v0x55d1385bb510_0 .net/2u *"_ivl_6", 31 0, L_0x7fbba21356d8;  1 drivers
v0x55d1385bb680_0 .net *"_ivl_8", 0 0, L_0x55d1385d44c0;  1 drivers
L_0x55d1385d4380 .concat [ 4 28 0 0], L_0x55d1385d4290, L_0x7fbba2135690;
L_0x55d1385d44c0 .cmp/eq 32, L_0x55d1385d4380, L_0x7fbba21356d8;
L_0x55d1385d48c0 .concat [ 4 1 0 0], L_0x55d1385d4290, L_0x7fbba2135768;
L_0x55d1385d49b0 .functor MUXZ 5, L_0x55d1385d48c0, L_0x7fbba2135720, L_0x55d1385d47b0, C4<>;
L_0x55d1385d4b70 .part L_0x55d1385d49b0, 0, 4;
S_0x55d1385bb740 .scope generate, "genblk1[10]" "genblk1[10]" 3 15, 3 15 0, S_0x55d1385b4010;
 .timescale -9 -10;
P_0x55d1385bb8f0 .param/l "i" 0 3 15, +C4<01010>;
S_0x55d1385bb9d0 .scope generate, "genblk3" "genblk3" 3 16, 3 16 0, S_0x55d1385bb740;
 .timescale -9 -10;
L_0x55d1385d3ed0 .functor AND 1, L_0x55d1385d3cb0, L_0x55d1385d3df0, C4<1>, C4<1>;
v0x55d1385bbbb0_0 .net *"_ivl_10", 0 0, L_0x55d1385d3df0;  1 drivers
v0x55d1385bbcb0_0 .net *"_ivl_11", 0 0, L_0x55d1385d3ed0;  1 drivers
L_0x7fbba2135600 .functor BUFT 1, C4<01010>, C4<0>, C4<0>, C4<0>;
v0x55d1385bbd90_0 .net/2u *"_ivl_13", 4 0, L_0x7fbba2135600;  1 drivers
v0x55d1385bbe50_0 .net *"_ivl_16", 4 0, L_0x55d1385d3fe0;  1 drivers
L_0x7fbba2135648 .functor BUFT 1, C4<0>, C4<0>, C4<0>, C4<0>;
v0x55d1385bbf30_0 .net *"_ivl_19", 0 0, L_0x7fbba2135648;  1 drivers
v0x55d1385bc060_0 .net *"_ivl_2", 31 0, L_0x55d1385d3b70;  1 drivers
v0x55d1385bc140_0 .net *"_ivl_20", 4 0, L_0x55d1385d40d0;  1 drivers
L_0x7fbba2135570 .functor BUFT 1, C4<0000000000000000000000000000>, C4<0>, C4<0>, C4<0>;
v0x55d1385bc220_0 .net *"_ivl_5", 27 0, L_0x7fbba2135570;  1 drivers
L_0x7fbba21355b8 .functor BUFT 1, C4<00000000000000000000000000000000>, C4<0>, C4<0>, C4<0>;
v0x55d1385bc300_0 .net/2u *"_ivl_6", 31 0, L_0x7fbba21355b8;  1 drivers
v0x55d1385bc470_0 .net *"_ivl_8", 0 0, L_0x55d1385d3cb0;  1 drivers
L_0x55d1385d3b70 .concat [ 4 28 0 0], L_0x55d1385d3a80, L_0x7fbba2135570;
L_0x55d1385d3cb0 .cmp/eq 32, L_0x55d1385d3b70, L_0x7fbba21355b8;
L_0x55d1385d3fe0 .concat [ 4 1 0 0], L_0x55d1385d3a80, L_0x7fbba2135648;
L_0x55d1385d40d0 .functor MUXZ 5, L_0x55d1385d3fe0, L_0x7fbba2135600, L_0x55d1385d3ed0, C4<>;
L_0x55d1385d4290 .part L_0x55d1385d40d0, 0, 4;
S_0x55d1385bc530 .scope generate, "genblk1[11]" "genblk1[11]" 3 15, 3 15 0, S_0x55d1385b4010;
 .timescale -9 -10;
P_0x55d1385bc6e0 .param/l "i" 0 3 15, +C4<01011>;
S_0x55d1385bc7c0 .scope generate, "genblk3" "genblk3" 3 16, 3 16 0, S_0x55d1385bc530;
 .timescale -9 -10;
L_0x55d1385d36c0 .functor AND 1, L_0x55d1385d34e0, L_0x55d1385d3620, C4<1>, C4<1>;
v0x55d1385bc9a0_0 .net *"_ivl_10", 0 0, L_0x55d1385d3620;  1 drivers
v0x55d1385bcaa0_0 .net *"_ivl_11", 0 0, L_0x55d1385d36c0;  1 drivers
L_0x7fbba21354e0 .functor BUFT 1, C4<01011>, C4<0>, C4<0>, C4<0>;
v0x55d1385bcb80_0 .net/2u *"_ivl_13", 4 0, L_0x7fbba21354e0;  1 drivers
v0x55d1385bcc40_0 .net *"_ivl_16", 4 0, L_0x55d1385d37d0;  1 drivers
L_0x7fbba2135528 .functor BUFT 1, C4<0>, C4<0>, C4<0>, C4<0>;
v0x55d1385bcd20_0 .net *"_ivl_19", 0 0, L_0x7fbba2135528;  1 drivers
v0x55d1385bce50_0 .net *"_ivl_2", 31 0, L_0x55d1385d33a0;  1 drivers
v0x55d1385bcf30_0 .net *"_ivl_20", 4 0, L_0x55d1385d38c0;  1 drivers
L_0x7fbba2135450 .functor BUFT 1, C4<0000000000000000000000000000>, C4<0>, C4<0>, C4<0>;
v0x55d1385bd010_0 .net *"_ivl_5", 27 0, L_0x7fbba2135450;  1 drivers
L_0x7fbba2135498 .functor BUFT 1, C4<00000000000000000000000000000000>, C4<0>, C4<0>, C4<0>;
v0x55d1385bd0f0_0 .net/2u *"_ivl_6", 31 0, L_0x7fbba2135498;  1 drivers
v0x55d1385bd260_0 .net *"_ivl_8", 0 0, L_0x55d1385d34e0;  1 drivers
L_0x55d1385d33a0 .concat [ 4 28 0 0], L_0x55d1385d32b0, L_0x7fbba2135450;
L_0x55d1385d34e0 .cmp/eq 32, L_0x55d1385d33a0, L_0x7fbba2135498;
L_0x55d1385d37d0 .concat [ 4 1 0 0], L_0x55d1385d32b0, L_0x7fbba2135528;
L_0x55d1385d38c0 .functor MUXZ 5, L_0x55d1385d37d0, L_0x7fbba21354e0, L_0x55d1385d36c0, C4<>;
L_0x55d1385d3a80 .part L_0x55d1385d38c0, 0, 4;
S_0x55d1385bd320 .scope generate, "genblk1[12]" "genblk1[12]" 3 15, 3 15 0, S_0x55d1385b4010;
 .timescale -9 -10;
P_0x55d1385bd4d0 .param/l "i" 0 3 15, +C4<01100>;
S_0x55d1385bd5b0 .scope generate, "genblk3" "genblk3" 3 16, 3 16 0, S_0x55d1385bd320;
 .timescale -9 -10;
L_0x55d1385d2ef0 .functor AND 1, L_0x55d1385d2ce0, L_0x55d1385d2e20, C4<1>, C4<1>;
v0x55d1385bd790_0 .net *"_ivl_10", 0 0, L_0x55d1385d2e20;  1 drivers
v0x55d1385bd890_0 .net *"_ivl_11", 0 0, L_0x55d1385d2ef0;  1 drivers
L_0x7fbba21353c0 .functor BUFT 1, C4<01100>, C4<0>, C4<0>, C4<0>;
v0x55d1385bd970_0 .net/2u *"_ivl_13", 4 0, L_0x7fbba21353c0;  1 drivers
v0x55d1385bda30_0 .net *"_ivl_16", 4 0, L_0x55d1385d3000;  1 drivers
L_0x7fbba2135408 .functor BUFT 1, C4<0>, C4<0>, C4<0>, C4<0>;
v0x55d1385bdb10_0 .net *"_ivl_19", 0 0, L_0x7fbba2135408;  1 drivers
v0x55d1385bdc40_0 .net *"_ivl_2", 31 0, L_0x55d1385d2ba0;  1 drivers
v0x55d1385bdd20_0 .net *"_ivl_20", 4 0, L_0x55d1385d30f0;  1 drivers
L_0x7fbba2135330 .functor BUFT 1, C4<0000000000000000000000000000>, C4<0>, C4<0>, C4<0>;
v0x55d1385bde00_0 .net *"_ivl_5", 27 0, L_0x7fbba2135330;  1 drivers
L_0x7fbba2135378 .functor BUFT 1, C4<00000000000000000000000000000000>, C4<0>, C4<0>, C4<0>;
v0x55d1385bdee0_0 .net/2u *"_ivl_6", 31 0, L_0x7fbba2135378;  1 drivers
v0x55d1385be050_0 .net *"_ivl_8", 0 0, L_0x55d1385d2ce0;  1 drivers
L_0x55d1385d2ba0 .concat [ 4 28 0 0], L_0x55d1385d2ab0, L_0x7fbba2135330;
L_0x55d1385d2ce0 .cmp/eq 32, L_0x55d1385d2ba0, L_0x7fbba2135378;
L_0x55d1385d3000 .concat [ 4 1 0 0], L_0x55d1385d2ab0, L_0x7fbba2135408;
L_0x55d1385d30f0 .functor MUXZ 5, L_0x55d1385d3000, L_0x7fbba21353c0, L_0x55d1385d2ef0, C4<>;
L_0x55d1385d32b0 .part L_0x55d1385d30f0, 0, 4;
S_0x55d1385be110 .scope generate, "genblk1[13]" "genblk1[13]" 3 15, 3 15 0, S_0x55d1385b4010;
 .timescale -9 -10;
P_0x55d1385be2c0 .param/l "i" 0 3 15, +C4<01101>;
S_0x55d1385be3a0 .scope generate, "genblk3" "genblk3" 3 16, 3 16 0, S_0x55d1385be110;
 .timescale -9 -10;
L_0x55d1385d2740 .functor AND 1, L_0x55d1385d2520, L_0x55d1385d2610, C4<1>, C4<1>;
v0x55d1385be580_0 .net *"_ivl_10", 0 0, L_0x55d1385d2610;  1 drivers
v0x55d1385be680_0 .net *"_ivl_11", 0 0, L_0x55d1385d2740;  1 drivers
L_0x7fbba21352a0 .functor BUFT 1, C4<01101>, C4<0>, C4<0>, C4<0>;
v0x55d1385be760_0 .net/2u *"_ivl_13", 4 0, L_0x7fbba21352a0;  1 drivers
v0x55d1385be820_0 .net *"_ivl_16", 4 0, L_0x55d1385d2800;  1 drivers
L_0x7fbba21352e8 .functor BUFT 1, C4<0>, C4<0>, C4<0>, C4<0>;
v0x55d1385be900_0 .net *"_ivl_19", 0 0, L_0x7fbba21352e8;  1 drivers
v0x55d1385bea30_0 .net *"_ivl_2", 31 0, L_0x55d1385d2350;  1 drivers
v0x55d1385beb10_0 .net *"_ivl_20", 4 0, L_0x55d1385d28f0;  1 drivers
L_0x7fbba2135210 .functor BUFT 1, C4<0000000000000000000000000000>, C4<0>, C4<0>, C4<0>;
v0x55d1385bebf0_0 .net *"_ivl_5", 27 0, L_0x7fbba2135210;  1 drivers
L_0x7fbba2135258 .functor BUFT 1, C4<00000000000000000000000000000000>, C4<0>, C4<0>, C4<0>;
v0x55d1385becd0_0 .net/2u *"_ivl_6", 31 0, L_0x7fbba2135258;  1 drivers
v0x55d1385bee40_0 .net *"_ivl_8", 0 0, L_0x55d1385d2520;  1 drivers
L_0x55d1385d2350 .concat [ 4 28 0 0], L_0x55d1385d2260, L_0x7fbba2135210;
L_0x55d1385d2520 .cmp/eq 32, L_0x55d1385d2350, L_0x7fbba2135258;
L_0x55d1385d2800 .concat [ 4 1 0 0], L_0x55d1385d2260, L_0x7fbba21352e8;
L_0x55d1385d28f0 .functor MUXZ 5, L_0x55d1385d2800, L_0x7fbba21352a0, L_0x55d1385d2740, C4<>;
L_0x55d1385d2ab0 .part L_0x55d1385d28f0, 0, 4;
S_0x55d1385bef00 .scope generate, "genblk1[14]" "genblk1[14]" 3 15, 3 15 0, S_0x55d1385b4010;
 .timescale -9 -10;
P_0x55d1385bf0b0 .param/l "i" 0 3 15, +C4<01110>;
S_0x55d1385bf190 .scope generate, "genblk3" "genblk3" 3 16, 3 16 0, S_0x55d1385bef00;
 .timescale -9 -10;
L_0x55d138554f30 .functor AND 1, L_0x55d1385d1d00, L_0x55d1385d1e40, C4<1>, C4<1>;
v0x55d1385bf370_0 .net *"_ivl_10", 0 0, L_0x55d1385d1e40;  1 drivers
v0x55d1385bf470_0 .net *"_ivl_11", 0 0, L_0x55d138554f30;  1 drivers
L_0x7fbba2135180 .functor BUFT 1, C4<01110>, C4<0>, C4<0>, C4<0>;
v0x55d1385bf550_0 .net/2u *"_ivl_13", 4 0, L_0x7fbba2135180;  1 drivers
v0x55d1385bf610_0 .net *"_ivl_16", 4 0, L_0x55d1385d1f80;  1 drivers
L_0x7fbba21351c8 .functor BUFT 1, C4<0>, C4<0>, C4<0>, C4<0>;
v0x55d1385bf6f0_0 .net *"_ivl_19", 0 0, L_0x7fbba21351c8;  1 drivers
v0x55d1385bf820_0 .net *"_ivl_2", 31 0, L_0x55d1385d1b70;  1 drivers
v0x55d1385bf900_0 .net *"_ivl_20", 4 0, L_0x55d1385d20a0;  1 drivers
L_0x7fbba21350f0 .functor BUFT 1, C4<0000000000000000000000000000>, C4<0>, C4<0>, C4<0>;
v0x55d1385bf9e0_0 .net *"_ivl_5", 27 0, L_0x7fbba21350f0;  1 drivers
L_0x7fbba2135138 .functor BUFT 1, C4<00000000000000000000000000000000>, C4<0>, C4<0>, C4<0>;
v0x55d1385bfac0_0 .net/2u *"_ivl_6", 31 0, L_0x7fbba2135138;  1 drivers
v0x55d1385bfc30_0 .net *"_ivl_8", 0 0, L_0x55d1385d1d00;  1 drivers
L_0x55d1385d1b70 .concat [ 4 28 0 0], L_0x55d1385d1a80, L_0x7fbba21350f0;
L_0x55d1385d1d00 .cmp/eq 32, L_0x55d1385d1b70, L_0x7fbba2135138;
L_0x55d1385d1f80 .concat [ 4 1 0 0], L_0x55d1385d1a80, L_0x7fbba21351c8;
L_0x55d1385d20a0 .functor MUXZ 5, L_0x55d1385d1f80, L_0x7fbba2135180, L_0x55d138554f30, C4<>;
L_0x55d1385d2260 .part L_0x55d1385d20a0, 0, 4;
S_0x55d1385bfcf0 .scope generate, "genblk1[15]" "genblk1[15]" 3 15, 3 15 0, S_0x55d1385b4010;
 .timescale -9 -10;
P_0x55d1385bfea0 .param/l "i" 0 3 15, +C4<01111>;
S_0x55d1385bff80 .scope generate, "genblk3" "genblk3" 3 16, 3 16 0, S_0x55d1385bfcf0;
 .timescale -9 -10;
L_0x55d138562c20 .functor AND 1, L_0x55d1385d1630, L_0x55d1385d1780, C4<1>, C4<1>;
v0x55d1385c0160_0 .net *"_ivl_10", 0 0, L_0x55d1385d1780;  1 drivers
v0x55d1385c0260_0 .net *"_ivl_11", 0 0, L_0x55d138562c20;  1 drivers
L_0x7fbba21350a8 .functor BUFT 1, C4<01111>, C4<0>, C4<0>, C4<0>;
v0x55d1385c0340_0 .net/2u *"_ivl_13", 4 0, L_0x7fbba21350a8;  1 drivers
L_0x7fbba2135fd8 .functor BUFT 1, C4<00000>, C4<0>, C4<0>, C4<0>;
v0x55d1385c0400_0 .net *"_ivl_16", 4 0, L_0x7fbba2135fd8;  1 drivers
L_0x7fbba2135f90 .functor BUFT 1, C4<00000000000000000000000000000000>, C4<0>, C4<0>, C4<0>;
v0x55d1385c04e0_0 .net *"_ivl_2", 31 0, L_0x7fbba2135f90;  1 drivers
v0x55d1385c0610_0 .net *"_ivl_20", 4 0, L_0x55d1385d1910;  1 drivers
L_0x7fbba2135060 .functor BUFT 1, C4<00000000000000000000000000000000>, C4<0>, C4<0>, C4<0>;
v0x55d1385c06f0_0 .net/2u *"_ivl_6", 31 0, L_0x7fbba2135060;  1 drivers
v0x55d1385c07d0_0 .net *"_ivl_8", 0 0, L_0x55d1385d1630;  1 drivers
L_0x55d1385d1630 .cmp/eq 32, L_0x7fbba2135f90, L_0x7fbba2135060;
L_0x55d1385d1910 .functor MUXZ 5, L_0x7fbba2135fd8, L_0x7fbba21350a8, L_0x55d138562c20, C4<>;
L_0x55d1385d1a80 .part L_0x55d1385d1910, 0, 4;
S_0x55d1385c0890 .scope generate, "genblk1[16]" "genblk1[16]" 3 15, 3 15 0, S_0x55d1385b4010;
 .timescale -9 -10;
P_0x55d1385c0a90 .param/l "i" 0 3 15, +C4<010000>;
S_0x55d1385c0b70 .scope generate, "genblk2" "genblk2" 3 16, 3 16 0, S_0x55d1385c0890;
 .timescale -9 -10;
    .scope S_0x55d138596010;
T_0 ;
    %delay 10, 0;
    %load/vec4 v0x55d1385c1250_0;
    %inv;
    %store/vec4 v0x55d1385c1250_0, 0, 1;
    %jmp T_0;
    .thread T_0;
    .scope S_0x55d138596010;
T_1 ;
    %fork t_1, S_0x55d138584b80;
    %jmp t_0;
    .scope S_0x55d138584b80;
t_1 ;
    %pushi/vec4 0, 0, 32;
    %store/vec4 v0x55d138562cb0_0, 0, 32;
T_1.0 ;
    %load/vec4 v0x55d138562cb0_0;
    %cmpi/s 50, 0, 32;
    %jmp/0xz T_1.1, 5;
    %delay 100, 0;
    %vpi_call 2 35 "$display", "  " {0 0 0};
    %vpi_func 2 37 "$random" 32 {0 0 0};
    %pad/s 16;
    %store/vec4 v0x55d1385c1310_0, 0, 16;
    %delay 100, 0;
    %vpi_call 2 40 "$display", "N = %d = %b -->>  %d", v0x55d1385c1310_0, v0x55d1385c1310_0, v0x55d1385c14a0_0 {0 0 0};
    %load/vec4 v0x55d138562cb0_0;
    %addi 1, 0, 32;
    %store/vec4 v0x55d138562cb0_0, 0, 32;
    %jmp T_1.0;
T_1.1 ;
    %end;
    .scope S_0x55d138596010;
t_0 %join;
    %vpi_call 2 43 "$display", "************************** \012", " " {0 0 0};
    %fork t_3, S_0x55d1385b3dd0;
    %jmp t_2;
    .scope S_0x55d1385b3dd0;
t_3 ;
    %pushi/vec4 0, 0, 32;
    %store/vec4 v0x55d1385613f0_0, 0, 32;
T_1.2 ;
    %load/vec4 v0x55d1385613f0_0;
    %cmpi/s 50, 0, 32;
    %jmp/0xz T_1.3, 5;
    %delay 100, 0;
    %vpi_call 2 50 "$display", "  " {0 0 0};
    %vpi_func 2 52 "$random" 32 {0 0 0};
    %pad/s 4;
    %store/vec4 v0x55d1385c13d0_0, 0, 4;
    %vpi_func 2 53 "$random" 32 {0 0 0};
    %ix/getv 4, v0x55d1385c13d0_0;
    %shiftr 4;
    %pad/s 16;
    %store/vec4 v0x55d1385c1310_0, 0, 16;
    %load/vec4 v0x55d1385c1310_0;
    %ix/getv 4, v0x55d1385c13d0_0;
    %shiftr 4;
    %store/vec4 v0x55d1385c1310_0, 0, 16;
    %delay 100, 0;
    %vpi_call 2 58 "$display", "N = %d = %b -->>  %d,  (offset = %d)", v0x55d1385c1310_0, v0x55d1385c1310_0, v0x55d1385c14a0_0, v0x55d1385c13d0_0 {0 0 0};
    %load/vec4 v0x55d1385613f0_0;
    %addi 1, 0, 32;
    %store/vec4 v0x55d1385613f0_0, 0, 32;
    %jmp T_1.2;
T_1.3 ;
    %end;
    .scope S_0x55d138596010;
t_2 %join;
    %vpi_call 2 60 "$finish" {0 0 0};
    %end;
    .thread T_1;
# The file index is used to find the file name in the following table.
:file_names 4;
    "N/A";
    "<interactive>";
    "coder_test.v";
    "pr_coder.v";
