#! /usr/bin/vvp
:ivl_version "11.0 (stable)";
:ivl_delay_selection "TYPICAL";
:vpi_time_precision + 0;
:vpi_module "/usr/lib/x86_64-linux-gnu/ivl/system.vpi";
:vpi_module "/usr/lib/x86_64-linux-gnu/ivl/vhdl_sys.vpi";
:vpi_module "/usr/lib/x86_64-linux-gnu/ivl/vhdl_textio.vpi";
:vpi_module "/usr/lib/x86_64-linux-gnu/ivl/v2005_math.vpi";
:vpi_module "/usr/lib/x86_64-linux-gnu/ivl/va_math.vpi";
S_0x5636914cbdd0 .scope module, "timer" "timer" 2 5;
 .timescale 0 0;
    .port_info 0 /INPUT 1 "clk";
    .port_info 1 /INPUT 1 "KEY0";
    .port_info 2 /INPUT 1 "KEY1";
    .port_info 3 /INPUT 1 "KEY2";
    .port_info 4 /INPUT 1 "KEY3";
    .port_info 5 /OUTPUT 7 "HEX0";
    .port_info 6 /OUTPUT 7 "HEX1";
    .port_info 7 /OUTPUT 7 "HEX2";
    .port_info 8 /OUTPUT 7 "HEX4";
    .port_info 9 /OUTPUT 7 "HEX5";
P_0x5636914a7620 .param/l "DIV_FREQ" 1 2 27, +C4<000000000000000000000000000000000000000000000000000000000000000000000000010011000100101101000000>;
P_0x5636914a7660 .param/l "FREQ_MHZ" 0 2 8, +C4<00000000000000000000000000110010>;
P_0x5636914a76a0 .param/l "MIN_COUNT_IN_MS" 0 2 7, +C4<00000000000000000000000001100100>;
L_0x56369158d0f0 .functor BUFZ 4, L_0x5636915a9a60, C4<0000>, C4<0000>, C4<0000>;
L_0x563691589ab0 .functor BUFZ 4, L_0x5636915a9c90, C4<0000>, C4<0000>, C4<0000>;
v0x563691585c80_0 .var "HEX0", 6 0;
v0x563691585d60_0 .var "HEX1", 6 0;
v0x563691585e40_0 .var "HEX2", 6 0;
v0x563691585f00_0 .var "HEX4", 6 0;
v0x563691585fe0_0 .var "HEX5", 6 0;
o0x7fd63327b2a8 .functor BUFZ 1, C4<z>; HiZ drive
v0x563691586110_0 .net "KEY0", 0 0, o0x7fd63327b2a8;  0 drivers
o0x7fd63327b2d8 .functor BUFZ 1, C4<z>; HiZ drive
v0x5636915861d0_0 .net "KEY1", 0 0, o0x7fd63327b2d8;  0 drivers
o0x7fd63327b308 .functor BUFZ 1, C4<z>; HiZ drive
v0x563691586290_0 .net "KEY2", 0 0, o0x7fd63327b308;  0 drivers
o0x7fd63327b338 .functor BUFZ 1, C4<z>; HiZ drive
v0x563691586350_0 .net "KEY3", 0 0, o0x7fd63327b338;  0 drivers
L_0x7fd63322e018 .functor BUFT 1, C4<1001>, C4<0>, C4<0>, C4<0>;
v0x5636915864a0_0 .net/2u *"_ivl_0", 3 0, L_0x7fd63322e018;  1 drivers
v0x563691586580_0 .net *"_ivl_12", 3 0, L_0x5636915a9a60;  1 drivers
v0x563691586660_0 .net *"_ivl_14", 3 0, L_0x5636915a9b00;  1 drivers
L_0x7fd633230fe8 .functor BUFT 1, C4<0>, C4<0>, C4<0>, C4<0>;
v0x563691586740_0 .net *"_ivl_17", 0 0, L_0x7fd633230fe8;  1 drivers
v0x563691586820_0 .net *"_ivl_20", 3 0, L_0x5636915a9c90;  1 drivers
v0x563691586900_0 .net *"_ivl_22", 3 0, L_0x5636915a9d30;  1 drivers
L_0x7fd633231030 .functor BUFT 1, C4<0>, C4<0>, C4<0>, C4<0>;
v0x5636915869e0_0 .net *"_ivl_25", 0 0, L_0x7fd633231030;  1 drivers
L_0x7fd63322e060 .functor BUFT 1, C4<1001>, C4<0>, C4<0>, C4<0>;
v0x563691586ac0_0 .net/2u *"_ivl_4", 3 0, L_0x7fd63322e060;  1 drivers
L_0x7fd63322e0a8 .functor BUFT 1, C4<1001>, C4<0>, C4<0>, C4<0>;
v0x563691586ba0_0 .net/2u *"_ivl_8", 3 0, L_0x7fd63322e0a8;  1 drivers
o0x7fd63327b068 .functor BUFZ 1, C4<z>; HiZ drive
v0x563691586c80_0 .net "clk", 0 0, o0x7fd63327b068;  0 drivers
v0x563691586d20_0 .net "cur_show1", 3 0, L_0x56369158d0f0;  1 drivers
v0x563691586dc0_0 .net "cur_show2", 3 0, L_0x563691589ab0;  1 drivers
v0x563691586e90_0 .net "hex0_loc", 6 0, L_0x56369158c270;  1 drivers
v0x563691586f60_0 .net "hex1_loc", 6 0, L_0x56369158f8d0;  1 drivers
v0x563691587030_0 .net "hex1_show", 6 0, L_0x563691596350;  1 drivers
v0x563691587100_0 .net "hex2_loc", 6 0, L_0x563691592910;  1 drivers
v0x5636915871d0_0 .net "hex2_show", 6 0, L_0x563691599580;  1 drivers
v0x5636915872a0_0 .net "imp", 0 0, L_0x5636915a9970;  1 drivers
v0x563691587370_0 .net "overflow_dec", 0 0, L_0x563691588820;  1 drivers
v0x563691587410_0 .net "overflow_split", 0 0, L_0x5636915885c0;  1 drivers
v0x5636915874b0_0 .net "overflow_unit", 0 0, L_0x5636915886e0;  1 drivers
v0x563691587570 .array "r_left", 0 3, 3 0;
v0x563691587630 .array "r_right", 0 3, 3 0;
v0x5636915876f0_0 .var "rst", 0 0;
v0x5636915877c0_0 .var "rst_push_1", 0 0;
v0x563691587860_0 .var "rst_push_2", 0 0;
v0x563691587920_0 .var "s_dec_count", 3 0;
v0x563691587a10_0 .var "s_unit_count", 3 0;
v0x563691587ae0_0 .var "show", 0 0;
v0x563691587b80_0 .var "show_cnt", 2 0;
v0x563691587c60_0 .var "show_push_1", 0 0;
v0x563691587d20_0 .var "show_push_2", 0 0;
v0x563691587de0_0 .var "split_count", 3 0;
v0x563691587ed0_0 .var "start", 0 0;
v0x563691587f70_0 .var "start_push_1", 0 0;
v0x563691588030_0 .var "start_push_2", 0 0;
v0x5636915880f0_0 .var "work", 0 0;
v0x5636915881b0_0 .var "write", 0 0;
v0x563691588270_0 .var "write_push_1", 0 0;
v0x563691588330_0 .var "write_push_2", 0 0;
E_0x5636914f9480 .event posedge, v0x563691585160_0;
L_0x5636915885c0 .cmp/eq 4, v0x563691587de0_0, L_0x7fd63322e018;
L_0x5636915886e0 .cmp/eq 4, v0x563691587a10_0, L_0x7fd63322e060;
L_0x563691588820 .cmp/eq 4, v0x563691587920_0, L_0x7fd63322e0a8;
L_0x5636915a9a60 .array/port v0x563691587630, L_0x5636915a9b00;
L_0x5636915a9b00 .concat [ 3 1 0 0], v0x563691587b80_0, L_0x7fd633230fe8;
L_0x5636915a9c90 .array/port v0x563691587570, L_0x5636915a9d30;
L_0x5636915a9d30 .concat [ 3 1 0 0], v0x563691587b80_0, L_0x7fd633231030;
S_0x5636914cc350 .scope module, "for_cur_remembered_left" "decoder" 2 92, 3 1 0, S_0x5636914cbdd0;
 .timescale 0 0;
    .port_info 0 /INPUT 4 "hex_num";
    .port_info 1 /OUTPUT 7 "HEX0";
v0x563691553a70_0 .net "HEX0", 6 0, L_0x563691599580;  alias, 1 drivers
L_0x7fd633230610 .functor BUFT 1, C4<0000>, C4<0>, C4<0>, C4<0>;
v0x563691555230_0 .net/2u *"_ivl_0", 3 0, L_0x7fd633230610;  1 drivers
L_0x7fd6332306e8 .functor BUFT 1, C4<1111001>, C4<0>, C4<0>, C4<0>;
v0x563691555e70_0 .net/2u *"_ivl_10", 6 0, L_0x7fd6332306e8;  1 drivers
v0x5636914db350_0 .net *"_ivl_100", 6 0, L_0x563691597a90;  1 drivers
v0x5636914d9bf0_0 .net *"_ivl_102", 6 0, L_0x563691597cc0;  1 drivers
v0x5636914d8490_0 .net *"_ivl_104", 6 0, L_0x563691597e50;  1 drivers
v0x5636914d6d00_0 .net *"_ivl_106", 6 0, L_0x563691597b30;  1 drivers
v0x563691571c50_0 .net *"_ivl_108", 6 0, L_0x563691598180;  1 drivers
v0x563691571d30_0 .net *"_ivl_110", 6 0, L_0x5636915983d0;  1 drivers
v0x563691571e10_0 .net *"_ivl_112", 6 0, L_0x563691598560;  1 drivers
v0x563691571ef0_0 .net *"_ivl_114", 6 0, L_0x5636915987c0;  1 drivers
v0x563691571fd0_0 .net *"_ivl_116", 6 0, L_0x563691598950;  1 drivers
v0x5636915720b0_0 .net *"_ivl_118", 6 0, L_0x563691598bc0;  1 drivers
L_0x7fd633230730 .functor BUFT 1, C4<0010>, C4<0>, C4<0>, C4<0>;
v0x563691572190_0 .net/2u *"_ivl_12", 3 0, L_0x7fd633230730;  1 drivers
v0x563691572270_0 .net *"_ivl_120", 6 0, L_0x563691598d50;  1 drivers
v0x563691572350_0 .net *"_ivl_122", 6 0, L_0x563691598fd0;  1 drivers
v0x563691572430_0 .net *"_ivl_124", 6 0, L_0x563691599160;  1 drivers
v0x563691572620_0 .net *"_ivl_126", 6 0, L_0x5636915993f0;  1 drivers
v0x563691572700_0 .net *"_ivl_14", 0 0, L_0x563691596870;  1 drivers
L_0x7fd633230778 .functor BUFT 1, C4<0100100>, C4<0>, C4<0>, C4<0>;
v0x5636915727c0_0 .net/2u *"_ivl_16", 6 0, L_0x7fd633230778;  1 drivers
L_0x7fd6332307c0 .functor BUFT 1, C4<0011>, C4<0>, C4<0>, C4<0>;
v0x5636915728a0_0 .net/2u *"_ivl_18", 3 0, L_0x7fd6332307c0;  1 drivers
v0x563691572980_0 .net *"_ivl_2", 0 0, L_0x563691596640;  1 drivers
v0x563691572a40_0 .net *"_ivl_20", 0 0, L_0x563691596910;  1 drivers
L_0x7fd633230808 .functor BUFT 1, C4<0110000>, C4<0>, C4<0>, C4<0>;
v0x563691572b00_0 .net/2u *"_ivl_22", 6 0, L_0x7fd633230808;  1 drivers
L_0x7fd633230850 .functor BUFT 1, C4<0100>, C4<0>, C4<0>, C4<0>;
v0x563691572be0_0 .net/2u *"_ivl_24", 3 0, L_0x7fd633230850;  1 drivers
v0x563691572cc0_0 .net *"_ivl_26", 0 0, L_0x563691596a00;  1 drivers
L_0x7fd633230898 .functor BUFT 1, C4<0011001>, C4<0>, C4<0>, C4<0>;
v0x563691572d80_0 .net/2u *"_ivl_28", 6 0, L_0x7fd633230898;  1 drivers
L_0x7fd6332308e0 .functor BUFT 1, C4<0101>, C4<0>, C4<0>, C4<0>;
v0x563691572e60_0 .net/2u *"_ivl_30", 3 0, L_0x7fd6332308e0;  1 drivers
v0x563691572f40_0 .net *"_ivl_32", 0 0, L_0x563691596af0;  1 drivers
L_0x7fd633230928 .functor BUFT 1, C4<0010010>, C4<0>, C4<0>, C4<0>;
v0x563691573000_0 .net/2u *"_ivl_34", 6 0, L_0x7fd633230928;  1 drivers
L_0x7fd633230970 .functor BUFT 1, C4<0110>, C4<0>, C4<0>, C4<0>;
v0x5636915730e0_0 .net/2u *"_ivl_36", 3 0, L_0x7fd633230970;  1 drivers
v0x5636915731c0_0 .net *"_ivl_38", 0 0, L_0x563691596c20;  1 drivers
L_0x7fd633230658 .functor BUFT 1, C4<1000000>, C4<0>, C4<0>, C4<0>;
v0x563691573280_0 .net/2u *"_ivl_4", 6 0, L_0x7fd633230658;  1 drivers
L_0x7fd6332309b8 .functor BUFT 1, C4<0000010>, C4<0>, C4<0>, C4<0>;
v0x563691573570_0 .net/2u *"_ivl_40", 6 0, L_0x7fd6332309b8;  1 drivers
L_0x7fd633230a00 .functor BUFT 1, C4<0111>, C4<0>, C4<0>, C4<0>;
v0x563691573650_0 .net/2u *"_ivl_42", 3 0, L_0x7fd633230a00;  1 drivers
v0x563691573730_0 .net *"_ivl_44", 0 0, L_0x563691596d10;  1 drivers
L_0x7fd633230a48 .functor BUFT 1, C4<1111000>, C4<0>, C4<0>, C4<0>;
v0x5636915737f0_0 .net/2u *"_ivl_46", 6 0, L_0x7fd633230a48;  1 drivers
L_0x7fd633230a90 .functor BUFT 1, C4<1000>, C4<0>, C4<0>, C4<0>;
v0x5636915738d0_0 .net/2u *"_ivl_48", 3 0, L_0x7fd633230a90;  1 drivers
v0x5636915739b0_0 .net *"_ivl_50", 0 0, L_0x563691596e50;  1 drivers
L_0x7fd633230ad8 .functor BUFT 1, C4<0000000>, C4<0>, C4<0>, C4<0>;
v0x563691573a70_0 .net/2u *"_ivl_52", 6 0, L_0x7fd633230ad8;  1 drivers
L_0x7fd633230b20 .functor BUFT 1, C4<1001>, C4<0>, C4<0>, C4<0>;
v0x563691573b50_0 .net/2u *"_ivl_54", 3 0, L_0x7fd633230b20;  1 drivers
v0x563691573c30_0 .net *"_ivl_56", 0 0, L_0x563691596f40;  1 drivers
L_0x7fd633230b68 .functor BUFT 1, C4<0010000>, C4<0>, C4<0>, C4<0>;
v0x563691573cf0_0 .net/2u *"_ivl_58", 6 0, L_0x7fd633230b68;  1 drivers
L_0x7fd6332306a0 .functor BUFT 1, C4<0001>, C4<0>, C4<0>, C4<0>;
v0x563691573dd0_0 .net/2u *"_ivl_6", 3 0, L_0x7fd6332306a0;  1 drivers
L_0x7fd633230bb0 .functor BUFT 1, C4<1010>, C4<0>, C4<0>, C4<0>;
v0x563691573eb0_0 .net/2u *"_ivl_60", 3 0, L_0x7fd633230bb0;  1 drivers
v0x563691573f90_0 .net *"_ivl_62", 0 0, L_0x563691597090;  1 drivers
L_0x7fd633230bf8 .functor BUFT 1, C4<0001000>, C4<0>, C4<0>, C4<0>;
v0x563691574050_0 .net/2u *"_ivl_64", 6 0, L_0x7fd633230bf8;  1 drivers
L_0x7fd633230c40 .functor BUFT 1, C4<1011>, C4<0>, C4<0>, C4<0>;
v0x563691574130_0 .net/2u *"_ivl_66", 3 0, L_0x7fd633230c40;  1 drivers
v0x563691574210_0 .net *"_ivl_68", 0 0, L_0x563691597130;  1 drivers
L_0x7fd633230c88 .functor BUFT 1, C4<0000011>, C4<0>, C4<0>, C4<0>;
v0x5636915742d0_0 .net/2u *"_ivl_70", 6 0, L_0x7fd633230c88;  1 drivers
L_0x7fd633230cd0 .functor BUFT 1, C4<1100>, C4<0>, C4<0>, C4<0>;
v0x5636915743b0_0 .net/2u *"_ivl_72", 3 0, L_0x7fd633230cd0;  1 drivers
v0x563691574490_0 .net *"_ivl_74", 0 0, L_0x563691597220;  1 drivers
L_0x7fd633230d18 .functor BUFT 1, C4<1000110>, C4<0>, C4<0>, C4<0>;
v0x563691574550_0 .net/2u *"_ivl_76", 6 0, L_0x7fd633230d18;  1 drivers
L_0x7fd633230d60 .functor BUFT 1, C4<1101>, C4<0>, C4<0>, C4<0>;
v0x563691574630_0 .net/2u *"_ivl_78", 3 0, L_0x7fd633230d60;  1 drivers
v0x563691574710_0 .net *"_ivl_8", 0 0, L_0x563691596780;  1 drivers
v0x5636915747d0_0 .net *"_ivl_80", 0 0, L_0x563691597310;  1 drivers
L_0x7fd633230da8 .functor BUFT 1, C4<0100001>, C4<0>, C4<0>, C4<0>;
v0x563691574890_0 .net/2u *"_ivl_82", 6 0, L_0x7fd633230da8;  1 drivers
L_0x7fd633230df0 .functor BUFT 1, C4<1110>, C4<0>, C4<0>, C4<0>;
v0x563691574970_0 .net/2u *"_ivl_84", 3 0, L_0x7fd633230df0;  1 drivers
v0x563691574a50_0 .net *"_ivl_86", 0 0, L_0x563691597480;  1 drivers
L_0x7fd633230e38 .functor BUFT 1, C4<0000110>, C4<0>, C4<0>, C4<0>;
v0x563691574b10_0 .net/2u *"_ivl_88", 6 0, L_0x7fd633230e38;  1 drivers
L_0x7fd633230e80 .functor BUFT 1, C4<1111>, C4<0>, C4<0>, C4<0>;
v0x563691574bf0_0 .net/2u *"_ivl_90", 3 0, L_0x7fd633230e80;  1 drivers
v0x563691574cd0_0 .net *"_ivl_92", 0 0, L_0x563691597780;  1 drivers
L_0x7fd633230ec8 .functor BUFT 1, C4<0001110>, C4<0>, C4<0>, C4<0>;
v0x563691574d90_0 .net/2u *"_ivl_94", 6 0, L_0x7fd633230ec8;  1 drivers
L_0x7fd633230f10 .functor BUFT 1, C4<0000001>, C4<0>, C4<0>, C4<0>;
v0x563691574e70_0 .net/2u *"_ivl_96", 6 0, L_0x7fd633230f10;  1 drivers
v0x563691574f50_0 .net *"_ivl_98", 6 0, L_0x563691597900;  1 drivers
v0x563691575440_0 .net "hex_num", 3 0, L_0x563691589ab0;  alias, 1 drivers
L_0x563691596640 .cmp/eq 4, L_0x563691589ab0, L_0x7fd633230610;
L_0x563691596780 .cmp/eq 4, L_0x563691589ab0, L_0x7fd6332306a0;
L_0x563691596870 .cmp/eq 4, L_0x563691589ab0, L_0x7fd633230730;
L_0x563691596910 .cmp/eq 4, L_0x563691589ab0, L_0x7fd6332307c0;
L_0x563691596a00 .cmp/eq 4, L_0x563691589ab0, L_0x7fd633230850;
L_0x563691596af0 .cmp/eq 4, L_0x563691589ab0, L_0x7fd6332308e0;
L_0x563691596c20 .cmp/eq 4, L_0x563691589ab0, L_0x7fd633230970;
L_0x563691596d10 .cmp/eq 4, L_0x563691589ab0, L_0x7fd633230a00;
L_0x563691596e50 .cmp/eq 4, L_0x563691589ab0, L_0x7fd633230a90;
L_0x563691596f40 .cmp/eq 4, L_0x563691589ab0, L_0x7fd633230b20;
L_0x563691597090 .cmp/eq 4, L_0x563691589ab0, L_0x7fd633230bb0;
L_0x563691597130 .cmp/eq 4, L_0x563691589ab0, L_0x7fd633230c40;
L_0x563691597220 .cmp/eq 4, L_0x563691589ab0, L_0x7fd633230cd0;
L_0x563691597310 .cmp/eq 4, L_0x563691589ab0, L_0x7fd633230d60;
L_0x563691597480 .cmp/eq 4, L_0x563691589ab0, L_0x7fd633230df0;
L_0x563691597780 .cmp/eq 4, L_0x563691589ab0, L_0x7fd633230e80;
L_0x563691597900 .functor MUXZ 7, L_0x7fd633230f10, L_0x7fd633230ec8, L_0x563691597780, C4<>;
L_0x563691597a90 .functor MUXZ 7, L_0x563691597900, L_0x7fd633230e38, L_0x563691597480, C4<>;
L_0x563691597cc0 .functor MUXZ 7, L_0x563691597a90, L_0x7fd633230da8, L_0x563691597310, C4<>;
L_0x563691597e50 .functor MUXZ 7, L_0x563691597cc0, L_0x7fd633230d18, L_0x563691597220, C4<>;
L_0x563691597b30 .functor MUXZ 7, L_0x563691597e50, L_0x7fd633230c88, L_0x563691597130, C4<>;
L_0x563691598180 .functor MUXZ 7, L_0x563691597b30, L_0x7fd633230bf8, L_0x563691597090, C4<>;
L_0x5636915983d0 .functor MUXZ 7, L_0x563691598180, L_0x7fd633230b68, L_0x563691596f40, C4<>;
L_0x563691598560 .functor MUXZ 7, L_0x5636915983d0, L_0x7fd633230ad8, L_0x563691596e50, C4<>;
L_0x5636915987c0 .functor MUXZ 7, L_0x563691598560, L_0x7fd633230a48, L_0x563691596d10, C4<>;
L_0x563691598950 .functor MUXZ 7, L_0x5636915987c0, L_0x7fd6332309b8, L_0x563691596c20, C4<>;
L_0x563691598bc0 .functor MUXZ 7, L_0x563691598950, L_0x7fd633230928, L_0x563691596af0, C4<>;
L_0x563691598d50 .functor MUXZ 7, L_0x563691598bc0, L_0x7fd633230898, L_0x563691596a00, C4<>;
L_0x563691598fd0 .functor MUXZ 7, L_0x563691598d50, L_0x7fd633230808, L_0x563691596910, C4<>;
L_0x563691599160 .functor MUXZ 7, L_0x563691598fd0, L_0x7fd633230778, L_0x563691596870, C4<>;
L_0x5636915993f0 .functor MUXZ 7, L_0x563691599160, L_0x7fd6332306e8, L_0x563691596780, C4<>;
L_0x563691599580 .functor MUXZ 7, L_0x5636915993f0, L_0x7fd633230658, L_0x563691596640, C4<>;
S_0x5636914cbf60 .scope module, "for_cur_remembered_right" "decoder" 2 86, 3 1 0, S_0x5636914cbdd0;
 .timescale 0 0;
    .port_info 0 /INPUT 4 "hex_num";
    .port_info 1 /OUTPUT 7 "HEX0";
v0x563691575580_0 .net "HEX0", 6 0, L_0x563691596350;  alias, 1 drivers
L_0x7fd63322fcc8 .functor BUFT 1, C4<0000>, C4<0>, C4<0>, C4<0>;
v0x563691575680_0 .net/2u *"_ivl_0", 3 0, L_0x7fd63322fcc8;  1 drivers
L_0x7fd63322fda0 .functor BUFT 1, C4<1111001>, C4<0>, C4<0>, C4<0>;
v0x563691575760_0 .net/2u *"_ivl_10", 6 0, L_0x7fd63322fda0;  1 drivers
v0x563691575820_0 .net *"_ivl_100", 6 0, L_0x563691594860;  1 drivers
v0x563691575900_0 .net *"_ivl_102", 6 0, L_0x563691594a90;  1 drivers
v0x563691575a30_0 .net *"_ivl_104", 6 0, L_0x563691594c20;  1 drivers
v0x563691575b10_0 .net *"_ivl_106", 6 0, L_0x563691594900;  1 drivers
v0x563691575bf0_0 .net *"_ivl_108", 6 0, L_0x563691594f50;  1 drivers
v0x563691575cd0_0 .net *"_ivl_110", 6 0, L_0x5636915951a0;  1 drivers
v0x563691575db0_0 .net *"_ivl_112", 6 0, L_0x563691595330;  1 drivers
v0x563691575e90_0 .net *"_ivl_114", 6 0, L_0x563691595590;  1 drivers
v0x563691575f70_0 .net *"_ivl_116", 6 0, L_0x563691595720;  1 drivers
v0x563691576050_0 .net *"_ivl_118", 6 0, L_0x563691595990;  1 drivers
L_0x7fd63322fde8 .functor BUFT 1, C4<0010>, C4<0>, C4<0>, C4<0>;
v0x563691576130_0 .net/2u *"_ivl_12", 3 0, L_0x7fd63322fde8;  1 drivers
v0x563691576210_0 .net *"_ivl_120", 6 0, L_0x563691595b20;  1 drivers
v0x5636915762f0_0 .net *"_ivl_122", 6 0, L_0x563691595da0;  1 drivers
v0x5636915763d0_0 .net *"_ivl_124", 6 0, L_0x563691595f30;  1 drivers
v0x5636915764b0_0 .net *"_ivl_126", 6 0, L_0x5636915961c0;  1 drivers
v0x563691576590_0 .net *"_ivl_14", 0 0, L_0x563691592e30;  1 drivers
L_0x7fd63322fe30 .functor BUFT 1, C4<0100100>, C4<0>, C4<0>, C4<0>;
v0x563691576650_0 .net/2u *"_ivl_16", 6 0, L_0x7fd63322fe30;  1 drivers
L_0x7fd63322fe78 .functor BUFT 1, C4<0011>, C4<0>, C4<0>, C4<0>;
v0x563691576730_0 .net/2u *"_ivl_18", 3 0, L_0x7fd63322fe78;  1 drivers
v0x563691576810_0 .net *"_ivl_2", 0 0, L_0x563691592c00;  1 drivers
v0x5636915768d0_0 .net *"_ivl_20", 0 0, L_0x563691592ed0;  1 drivers
L_0x7fd63322fec0 .functor BUFT 1, C4<0110000>, C4<0>, C4<0>, C4<0>;
v0x563691576990_0 .net/2u *"_ivl_22", 6 0, L_0x7fd63322fec0;  1 drivers
L_0x7fd63322ff08 .functor BUFT 1, C4<0100>, C4<0>, C4<0>, C4<0>;
v0x563691576a70_0 .net/2u *"_ivl_24", 3 0, L_0x7fd63322ff08;  1 drivers
v0x563691576b50_0 .net *"_ivl_26", 0 0, L_0x563691592fc0;  1 drivers
L_0x7fd63322ff50 .functor BUFT 1, C4<0011001>, C4<0>, C4<0>, C4<0>;
v0x563691576c10_0 .net/2u *"_ivl_28", 6 0, L_0x7fd63322ff50;  1 drivers
L_0x7fd63322ff98 .functor BUFT 1, C4<0101>, C4<0>, C4<0>, C4<0>;
v0x563691576cf0_0 .net/2u *"_ivl_30", 3 0, L_0x7fd63322ff98;  1 drivers
v0x563691576dd0_0 .net *"_ivl_32", 0 0, L_0x5636915930b0;  1 drivers
L_0x7fd63322ffe0 .functor BUFT 1, C4<0010010>, C4<0>, C4<0>, C4<0>;
v0x563691576e90_0 .net/2u *"_ivl_34", 6 0, L_0x7fd63322ffe0;  1 drivers
L_0x7fd633230028 .functor BUFT 1, C4<0110>, C4<0>, C4<0>, C4<0>;
v0x563691576f70_0 .net/2u *"_ivl_36", 3 0, L_0x7fd633230028;  1 drivers
v0x563691577050_0 .net *"_ivl_38", 0 0, L_0x5636915931e0;  1 drivers
L_0x7fd63322fd10 .functor BUFT 1, C4<1000000>, C4<0>, C4<0>, C4<0>;
v0x563691577110_0 .net/2u *"_ivl_4", 6 0, L_0x7fd63322fd10;  1 drivers
L_0x7fd633230070 .functor BUFT 1, C4<0000010>, C4<0>, C4<0>, C4<0>;
v0x5636915771f0_0 .net/2u *"_ivl_40", 6 0, L_0x7fd633230070;  1 drivers
L_0x7fd6332300b8 .functor BUFT 1, C4<0111>, C4<0>, C4<0>, C4<0>;
v0x5636915772d0_0 .net/2u *"_ivl_42", 3 0, L_0x7fd6332300b8;  1 drivers
v0x5636915773b0_0 .net *"_ivl_44", 0 0, L_0x5636915932d0;  1 drivers
L_0x7fd633230100 .functor BUFT 1, C4<1111000>, C4<0>, C4<0>, C4<0>;
v0x563691577470_0 .net/2u *"_ivl_46", 6 0, L_0x7fd633230100;  1 drivers
L_0x7fd633230148 .functor BUFT 1, C4<1000>, C4<0>, C4<0>, C4<0>;
v0x563691577550_0 .net/2u *"_ivl_48", 3 0, L_0x7fd633230148;  1 drivers
v0x563691577630_0 .net *"_ivl_50", 0 0, L_0x563691593410;  1 drivers
L_0x7fd633230190 .functor BUFT 1, C4<0000000>, C4<0>, C4<0>, C4<0>;
v0x5636915776f0_0 .net/2u *"_ivl_52", 6 0, L_0x7fd633230190;  1 drivers
L_0x7fd6332301d8 .functor BUFT 1, C4<1001>, C4<0>, C4<0>, C4<0>;
v0x5636915777d0_0 .net/2u *"_ivl_54", 3 0, L_0x7fd6332301d8;  1 drivers
v0x5636915778b0_0 .net *"_ivl_56", 0 0, L_0x563691593500;  1 drivers
L_0x7fd633230220 .functor BUFT 1, C4<0010000>, C4<0>, C4<0>, C4<0>;
v0x563691577970_0 .net/2u *"_ivl_58", 6 0, L_0x7fd633230220;  1 drivers
L_0x7fd63322fd58 .functor BUFT 1, C4<0001>, C4<0>, C4<0>, C4<0>;
v0x563691577a50_0 .net/2u *"_ivl_6", 3 0, L_0x7fd63322fd58;  1 drivers
L_0x7fd633230268 .functor BUFT 1, C4<1010>, C4<0>, C4<0>, C4<0>;
v0x563691577b30_0 .net/2u *"_ivl_60", 3 0, L_0x7fd633230268;  1 drivers
v0x563691577c10_0 .net *"_ivl_62", 0 0, L_0x563691593650;  1 drivers
L_0x7fd6332302b0 .functor BUFT 1, C4<0001000>, C4<0>, C4<0>, C4<0>;
v0x563691577cd0_0 .net/2u *"_ivl_64", 6 0, L_0x7fd6332302b0;  1 drivers
L_0x7fd6332302f8 .functor BUFT 1, C4<1011>, C4<0>, C4<0>, C4<0>;
v0x563691577db0_0 .net/2u *"_ivl_66", 3 0, L_0x7fd6332302f8;  1 drivers
v0x563691577e90_0 .net *"_ivl_68", 0 0, L_0x5636915936f0;  1 drivers
L_0x7fd633230340 .functor BUFT 1, C4<0000011>, C4<0>, C4<0>, C4<0>;
v0x563691577f50_0 .net/2u *"_ivl_70", 6 0, L_0x7fd633230340;  1 drivers
L_0x7fd633230388 .functor BUFT 1, C4<1100>, C4<0>, C4<0>, C4<0>;
v0x563691578030_0 .net/2u *"_ivl_72", 3 0, L_0x7fd633230388;  1 drivers
v0x563691578110_0 .net *"_ivl_74", 0 0, L_0x5636915937e0;  1 drivers
L_0x7fd6332303d0 .functor BUFT 1, C4<1000110>, C4<0>, C4<0>, C4<0>;
v0x5636915781d0_0 .net/2u *"_ivl_76", 6 0, L_0x7fd6332303d0;  1 drivers
L_0x7fd633230418 .functor BUFT 1, C4<1101>, C4<0>, C4<0>, C4<0>;
v0x5636915782b0_0 .net/2u *"_ivl_78", 3 0, L_0x7fd633230418;  1 drivers
v0x563691578390_0 .net *"_ivl_8", 0 0, L_0x563691592d40;  1 drivers
v0x563691578450_0 .net *"_ivl_80", 0 0, L_0x5636915940e0;  1 drivers
L_0x7fd633230460 .functor BUFT 1, C4<0100001>, C4<0>, C4<0>, C4<0>;
v0x563691578510_0 .net/2u *"_ivl_82", 6 0, L_0x7fd633230460;  1 drivers
L_0x7fd6332304a8 .functor BUFT 1, C4<1110>, C4<0>, C4<0>, C4<0>;
v0x5636915785f0_0 .net/2u *"_ivl_84", 3 0, L_0x7fd6332304a8;  1 drivers
v0x5636915786d0_0 .net *"_ivl_86", 0 0, L_0x563691594250;  1 drivers
L_0x7fd6332304f0 .functor BUFT 1, C4<0000110>, C4<0>, C4<0>, C4<0>;
v0x563691578790_0 .net/2u *"_ivl_88", 6 0, L_0x7fd6332304f0;  1 drivers
L_0x7fd633230538 .functor BUFT 1, C4<1111>, C4<0>, C4<0>, C4<0>;
v0x563691578870_0 .net/2u *"_ivl_90", 3 0, L_0x7fd633230538;  1 drivers
v0x563691578950_0 .net *"_ivl_92", 0 0, L_0x563691594550;  1 drivers
L_0x7fd633230580 .functor BUFT 1, C4<0001110>, C4<0>, C4<0>, C4<0>;
v0x563691578a10_0 .net/2u *"_ivl_94", 6 0, L_0x7fd633230580;  1 drivers
L_0x7fd6332305c8 .functor BUFT 1, C4<0000001>, C4<0>, C4<0>, C4<0>;
v0x563691578af0_0 .net/2u *"_ivl_96", 6 0, L_0x7fd6332305c8;  1 drivers
v0x563691578bd0_0 .net *"_ivl_98", 6 0, L_0x5636915946d0;  1 drivers
v0x5636915790c0_0 .net "hex_num", 3 0, L_0x56369158d0f0;  alias, 1 drivers
L_0x563691592c00 .cmp/eq 4, L_0x56369158d0f0, L_0x7fd63322fcc8;
L_0x563691592d40 .cmp/eq 4, L_0x56369158d0f0, L_0x7fd63322fd58;
L_0x563691592e30 .cmp/eq 4, L_0x56369158d0f0, L_0x7fd63322fde8;
L_0x563691592ed0 .cmp/eq 4, L_0x56369158d0f0, L_0x7fd63322fe78;
L_0x563691592fc0 .cmp/eq 4, L_0x56369158d0f0, L_0x7fd63322ff08;
L_0x5636915930b0 .cmp/eq 4, L_0x56369158d0f0, L_0x7fd63322ff98;
L_0x5636915931e0 .cmp/eq 4, L_0x56369158d0f0, L_0x7fd633230028;
L_0x5636915932d0 .cmp/eq 4, L_0x56369158d0f0, L_0x7fd6332300b8;
L_0x563691593410 .cmp/eq 4, L_0x56369158d0f0, L_0x7fd633230148;
L_0x563691593500 .cmp/eq 4, L_0x56369158d0f0, L_0x7fd6332301d8;
L_0x563691593650 .cmp/eq 4, L_0x56369158d0f0, L_0x7fd633230268;
L_0x5636915936f0 .cmp/eq 4, L_0x56369158d0f0, L_0x7fd6332302f8;
L_0x5636915937e0 .cmp/eq 4, L_0x56369158d0f0, L_0x7fd633230388;
L_0x5636915940e0 .cmp/eq 4, L_0x56369158d0f0, L_0x7fd633230418;
L_0x563691594250 .cmp/eq 4, L_0x56369158d0f0, L_0x7fd6332304a8;
L_0x563691594550 .cmp/eq 4, L_0x56369158d0f0, L_0x7fd633230538;
L_0x5636915946d0 .functor MUXZ 7, L_0x7fd6332305c8, L_0x7fd633230580, L_0x563691594550, C4<>;
L_0x563691594860 .functor MUXZ 7, L_0x5636915946d0, L_0x7fd6332304f0, L_0x563691594250, C4<>;
L_0x563691594a90 .functor MUXZ 7, L_0x563691594860, L_0x7fd633230460, L_0x5636915940e0, C4<>;
L_0x563691594c20 .functor MUXZ 7, L_0x563691594a90, L_0x7fd6332303d0, L_0x5636915937e0, C4<>;
L_0x563691594900 .functor MUXZ 7, L_0x563691594c20, L_0x7fd633230340, L_0x5636915936f0, C4<>;
L_0x563691594f50 .functor MUXZ 7, L_0x563691594900, L_0x7fd6332302b0, L_0x563691593650, C4<>;
L_0x5636915951a0 .functor MUXZ 7, L_0x563691594f50, L_0x7fd633230220, L_0x563691593500, C4<>;
L_0x563691595330 .functor MUXZ 7, L_0x5636915951a0, L_0x7fd633230190, L_0x563691593410, C4<>;
L_0x563691595590 .functor MUXZ 7, L_0x563691595330, L_0x7fd633230100, L_0x5636915932d0, C4<>;
L_0x563691595720 .functor MUXZ 7, L_0x563691595590, L_0x7fd633230070, L_0x5636915931e0, C4<>;
L_0x563691595990 .functor MUXZ 7, L_0x563691595720, L_0x7fd63322ffe0, L_0x5636915930b0, C4<>;
L_0x563691595b20 .functor MUXZ 7, L_0x563691595990, L_0x7fd63322ff50, L_0x563691592fc0, C4<>;
L_0x563691595da0 .functor MUXZ 7, L_0x563691595b20, L_0x7fd63322fec0, L_0x563691592ed0, C4<>;
L_0x563691595f30 .functor MUXZ 7, L_0x563691595da0, L_0x7fd63322fe30, L_0x563691592e30, C4<>;
L_0x5636915961c0 .functor MUXZ 7, L_0x563691595f30, L_0x7fd63322fda0, L_0x563691592d40, C4<>;
L_0x563691596350 .functor MUXZ 7, L_0x5636915961c0, L_0x7fd63322fd10, L_0x563691592c00, C4<>;
S_0x56369154bd30 .scope module, "for_hex0" "decoder" 2 68, 3 1 0, S_0x5636914cbdd0;
 .timescale 0 0;
    .port_info 0 /INPUT 4 "hex_num";
    .port_info 1 /OUTPUT 7 "HEX0";
v0x563691579200_0 .net "HEX0", 6 0, L_0x56369158c270;  alias, 1 drivers
L_0x7fd63322e0f0 .functor BUFT 1, C4<0000>, C4<0>, C4<0>, C4<0>;
v0x5636915792e0_0 .net/2u *"_ivl_0", 3 0, L_0x7fd63322e0f0;  1 drivers
L_0x7fd63322e1c8 .functor BUFT 1, C4<1111001>, C4<0>, C4<0>, C4<0>;
v0x5636915793c0_0 .net/2u *"_ivl_10", 6 0, L_0x7fd63322e1c8;  1 drivers
v0x563691579480_0 .net *"_ivl_100", 6 0, L_0x56369158a780;  1 drivers
v0x563691579560_0 .net *"_ivl_102", 6 0, L_0x56369158a9b0;  1 drivers
v0x563691579690_0 .net *"_ivl_104", 6 0, L_0x56369158ab40;  1 drivers
v0x563691579770_0 .net *"_ivl_106", 6 0, L_0x56369158a820;  1 drivers
v0x563691579850_0 .net *"_ivl_108", 6 0, L_0x56369158ae70;  1 drivers
v0x563691579930_0 .net *"_ivl_110", 6 0, L_0x56369158b0c0;  1 drivers
v0x563691579a10_0 .net *"_ivl_112", 6 0, L_0x56369158b250;  1 drivers
v0x563691579af0_0 .net *"_ivl_114", 6 0, L_0x56369158b4b0;  1 drivers
v0x563691579bd0_0 .net *"_ivl_116", 6 0, L_0x56369158b640;  1 drivers
v0x563691579cb0_0 .net *"_ivl_118", 6 0, L_0x56369158b8b0;  1 drivers
L_0x7fd63322e210 .functor BUFT 1, C4<0010>, C4<0>, C4<0>, C4<0>;
v0x563691579d90_0 .net/2u *"_ivl_12", 3 0, L_0x7fd63322e210;  1 drivers
v0x563691579e70_0 .net *"_ivl_120", 6 0, L_0x56369158ba40;  1 drivers
v0x563691579f50_0 .net *"_ivl_122", 6 0, L_0x56369158bcc0;  1 drivers
v0x56369157a030_0 .net *"_ivl_124", 6 0, L_0x56369158be50;  1 drivers
v0x56369157a110_0 .net *"_ivl_126", 6 0, L_0x56369158c0e0;  1 drivers
v0x56369157a1f0_0 .net *"_ivl_14", 0 0, L_0x563691588bd0;  1 drivers
L_0x7fd63322e258 .functor BUFT 1, C4<0100100>, C4<0>, C4<0>, C4<0>;
v0x56369157a2b0_0 .net/2u *"_ivl_16", 6 0, L_0x7fd63322e258;  1 drivers
L_0x7fd63322e2a0 .functor BUFT 1, C4<0011>, C4<0>, C4<0>, C4<0>;
v0x56369157a390_0 .net/2u *"_ivl_18", 3 0, L_0x7fd63322e2a0;  1 drivers
v0x56369157a470_0 .net *"_ivl_2", 0 0, L_0x563691588990;  1 drivers
v0x56369157a530_0 .net *"_ivl_20", 0 0, L_0x563691588db0;  1 drivers
L_0x7fd63322e2e8 .functor BUFT 1, C4<0110000>, C4<0>, C4<0>, C4<0>;
v0x56369157a5f0_0 .net/2u *"_ivl_22", 6 0, L_0x7fd63322e2e8;  1 drivers
L_0x7fd63322e330 .functor BUFT 1, C4<0100>, C4<0>, C4<0>, C4<0>;
v0x56369157a6d0_0 .net/2u *"_ivl_24", 3 0, L_0x7fd63322e330;  1 drivers
v0x56369157a7b0_0 .net *"_ivl_26", 0 0, L_0x563691588ee0;  1 drivers
L_0x7fd63322e378 .functor BUFT 1, C4<0011001>, C4<0>, C4<0>, C4<0>;
v0x56369157a870_0 .net/2u *"_ivl_28", 6 0, L_0x7fd63322e378;  1 drivers
L_0x7fd63322e3c0 .functor BUFT 1, C4<0101>, C4<0>, C4<0>, C4<0>;
v0x56369157a950_0 .net/2u *"_ivl_30", 3 0, L_0x7fd63322e3c0;  1 drivers
v0x56369157aa30_0 .net *"_ivl_32", 0 0, L_0x563691589030;  1 drivers
L_0x7fd63322e408 .functor BUFT 1, C4<0010010>, C4<0>, C4<0>, C4<0>;
v0x56369157aaf0_0 .net/2u *"_ivl_34", 6 0, L_0x7fd63322e408;  1 drivers
L_0x7fd63322e450 .functor BUFT 1, C4<0110>, C4<0>, C4<0>, C4<0>;
v0x56369157abd0_0 .net/2u *"_ivl_36", 3 0, L_0x7fd63322e450;  1 drivers
v0x56369157acb0_0 .net *"_ivl_38", 0 0, L_0x563691589190;  1 drivers
L_0x7fd63322e138 .functor BUFT 1, C4<1000000>, C4<0>, C4<0>, C4<0>;
v0x56369157ad70_0 .net/2u *"_ivl_4", 6 0, L_0x7fd63322e138;  1 drivers
L_0x7fd63322e498 .functor BUFT 1, C4<0000010>, C4<0>, C4<0>, C4<0>;
v0x56369157ae50_0 .net/2u *"_ivl_40", 6 0, L_0x7fd63322e498;  1 drivers
L_0x7fd63322e4e0 .functor BUFT 1, C4<0111>, C4<0>, C4<0>, C4<0>;
v0x56369157af30_0 .net/2u *"_ivl_42", 3 0, L_0x7fd63322e4e0;  1 drivers
v0x56369157b010_0 .net *"_ivl_44", 0 0, L_0x5636915893f0;  1 drivers
L_0x7fd63322e528 .functor BUFT 1, C4<1111000>, C4<0>, C4<0>, C4<0>;
v0x56369157b0d0_0 .net/2u *"_ivl_46", 6 0, L_0x7fd63322e528;  1 drivers
L_0x7fd63322e570 .functor BUFT 1, C4<1000>, C4<0>, C4<0>, C4<0>;
v0x56369157b1b0_0 .net/2u *"_ivl_48", 3 0, L_0x7fd63322e570;  1 drivers
v0x56369157b290_0 .net *"_ivl_50", 0 0, L_0x563691589590;  1 drivers
L_0x7fd63322e5b8 .functor BUFT 1, C4<0000000>, C4<0>, C4<0>, C4<0>;
v0x56369157b350_0 .net/2u *"_ivl_52", 6 0, L_0x7fd63322e5b8;  1 drivers
L_0x7fd63322e600 .functor BUFT 1, C4<1001>, C4<0>, C4<0>, C4<0>;
v0x56369157b430_0 .net/2u *"_ivl_54", 3 0, L_0x7fd63322e600;  1 drivers
v0x56369157b510_0 .net *"_ivl_56", 0 0, L_0x5636915896e0;  1 drivers
L_0x7fd63322e648 .functor BUFT 1, C4<0010000>, C4<0>, C4<0>, C4<0>;
v0x56369157b5d0_0 .net/2u *"_ivl_58", 6 0, L_0x7fd63322e648;  1 drivers
L_0x7fd63322e180 .functor BUFT 1, C4<0001>, C4<0>, C4<0>, C4<0>;
v0x56369157b6b0_0 .net/2u *"_ivl_6", 3 0, L_0x7fd63322e180;  1 drivers
L_0x7fd63322e690 .functor BUFT 1, C4<1010>, C4<0>, C4<0>, C4<0>;
v0x56369157b790_0 .net/2u *"_ivl_60", 3 0, L_0x7fd63322e690;  1 drivers
v0x56369157b870_0 .net *"_ivl_62", 0 0, L_0x563691589890;  1 drivers
L_0x7fd63322e6d8 .functor BUFT 1, C4<0001000>, C4<0>, C4<0>, C4<0>;
v0x56369157b930_0 .net/2u *"_ivl_64", 6 0, L_0x7fd63322e6d8;  1 drivers
L_0x7fd63322e720 .functor BUFT 1, C4<1011>, C4<0>, C4<0>, C4<0>;
v0x56369157ba10_0 .net/2u *"_ivl_66", 3 0, L_0x7fd63322e720;  1 drivers
v0x56369157baf0_0 .net *"_ivl_68", 0 0, L_0x563691589990;  1 drivers
L_0x7fd63322e768 .functor BUFT 1, C4<0000011>, C4<0>, C4<0>, C4<0>;
v0x56369157bbb0_0 .net/2u *"_ivl_70", 6 0, L_0x7fd63322e768;  1 drivers
L_0x7fd63322e7b0 .functor BUFT 1, C4<1100>, C4<0>, C4<0>, C4<0>;
v0x56369157bc90_0 .net/2u *"_ivl_72", 3 0, L_0x7fd63322e7b0;  1 drivers
v0x56369157bd70_0 .net *"_ivl_74", 0 0, L_0x563691589b50;  1 drivers
L_0x7fd63322e7f8 .functor BUFT 1, C4<1000110>, C4<0>, C4<0>, C4<0>;
v0x56369157be30_0 .net/2u *"_ivl_76", 6 0, L_0x7fd63322e7f8;  1 drivers
L_0x7fd63322e840 .functor BUFT 1, C4<1101>, C4<0>, C4<0>, C4<0>;
v0x56369157bf10_0 .net/2u *"_ivl_78", 3 0, L_0x7fd63322e840;  1 drivers
v0x56369157bff0_0 .net *"_ivl_8", 0 0, L_0x563691588ad0;  1 drivers
v0x56369157c0b0_0 .net *"_ivl_80", 0 0, L_0x563691589ca0;  1 drivers
L_0x7fd63322e888 .functor BUFT 1, C4<0100001>, C4<0>, C4<0>, C4<0>;
v0x56369157c170_0 .net/2u *"_ivl_82", 6 0, L_0x7fd63322e888;  1 drivers
L_0x7fd63322e8d0 .functor BUFT 1, C4<1110>, C4<0>, C4<0>, C4<0>;
v0x56369157c250_0 .net/2u *"_ivl_84", 3 0, L_0x7fd63322e8d0;  1 drivers
v0x56369157c330_0 .net *"_ivl_86", 0 0, L_0x56369158a080;  1 drivers
L_0x7fd63322e918 .functor BUFT 1, C4<0000110>, C4<0>, C4<0>, C4<0>;
v0x56369157c3f0_0 .net/2u *"_ivl_88", 6 0, L_0x7fd63322e918;  1 drivers
L_0x7fd63322e960 .functor BUFT 1, C4<1111>, C4<0>, C4<0>, C4<0>;
v0x56369157c4d0_0 .net/2u *"_ivl_90", 3 0, L_0x7fd63322e960;  1 drivers
v0x56369157c5b0_0 .net *"_ivl_92", 0 0, L_0x56369158a3e0;  1 drivers
L_0x7fd63322e9a8 .functor BUFT 1, C4<0001110>, C4<0>, C4<0>, C4<0>;
v0x56369157c670_0 .net/2u *"_ivl_94", 6 0, L_0x7fd63322e9a8;  1 drivers
L_0x7fd63322e9f0 .functor BUFT 1, C4<0000001>, C4<0>, C4<0>, C4<0>;
v0x56369157c750_0 .net/2u *"_ivl_96", 6 0, L_0x7fd63322e9f0;  1 drivers
v0x56369157c830_0 .net *"_ivl_98", 6 0, L_0x56369158a5c0;  1 drivers
v0x56369157cd20_0 .net "hex_num", 3 0, v0x563691587de0_0;  1 drivers
L_0x563691588990 .cmp/eq 4, v0x563691587de0_0, L_0x7fd63322e0f0;
L_0x563691588ad0 .cmp/eq 4, v0x563691587de0_0, L_0x7fd63322e180;
L_0x563691588bd0 .cmp/eq 4, v0x563691587de0_0, L_0x7fd63322e210;
L_0x563691588db0 .cmp/eq 4, v0x563691587de0_0, L_0x7fd63322e2a0;
L_0x563691588ee0 .cmp/eq 4, v0x563691587de0_0, L_0x7fd63322e330;
L_0x563691589030 .cmp/eq 4, v0x563691587de0_0, L_0x7fd63322e3c0;
L_0x563691589190 .cmp/eq 4, v0x563691587de0_0, L_0x7fd63322e450;
L_0x5636915893f0 .cmp/eq 4, v0x563691587de0_0, L_0x7fd63322e4e0;
L_0x563691589590 .cmp/eq 4, v0x563691587de0_0, L_0x7fd63322e570;
L_0x5636915896e0 .cmp/eq 4, v0x563691587de0_0, L_0x7fd63322e600;
L_0x563691589890 .cmp/eq 4, v0x563691587de0_0, L_0x7fd63322e690;
L_0x563691589990 .cmp/eq 4, v0x563691587de0_0, L_0x7fd63322e720;
L_0x563691589b50 .cmp/eq 4, v0x563691587de0_0, L_0x7fd63322e7b0;
L_0x563691589ca0 .cmp/eq 4, v0x563691587de0_0, L_0x7fd63322e840;
L_0x56369158a080 .cmp/eq 4, v0x563691587de0_0, L_0x7fd63322e8d0;
L_0x56369158a3e0 .cmp/eq 4, v0x563691587de0_0, L_0x7fd63322e960;
L_0x56369158a5c0 .functor MUXZ 7, L_0x7fd63322e9f0, L_0x7fd63322e9a8, L_0x56369158a3e0, C4<>;
L_0x56369158a780 .functor MUXZ 7, L_0x56369158a5c0, L_0x7fd63322e918, L_0x56369158a080, C4<>;
L_0x56369158a9b0 .functor MUXZ 7, L_0x56369158a780, L_0x7fd63322e888, L_0x563691589ca0, C4<>;
L_0x56369158ab40 .functor MUXZ 7, L_0x56369158a9b0, L_0x7fd63322e7f8, L_0x563691589b50, C4<>;
L_0x56369158a820 .functor MUXZ 7, L_0x56369158ab40, L_0x7fd63322e768, L_0x563691589990, C4<>;
L_0x56369158ae70 .functor MUXZ 7, L_0x56369158a820, L_0x7fd63322e6d8, L_0x563691589890, C4<>;
L_0x56369158b0c0 .functor MUXZ 7, L_0x56369158ae70, L_0x7fd63322e648, L_0x5636915896e0, C4<>;
L_0x56369158b250 .functor MUXZ 7, L_0x56369158b0c0, L_0x7fd63322e5b8, L_0x563691589590, C4<>;
L_0x56369158b4b0 .functor MUXZ 7, L_0x56369158b250, L_0x7fd63322e528, L_0x5636915893f0, C4<>;
L_0x56369158b640 .functor MUXZ 7, L_0x56369158b4b0, L_0x7fd63322e498, L_0x563691589190, C4<>;
L_0x56369158b8b0 .functor MUXZ 7, L_0x56369158b640, L_0x7fd63322e408, L_0x563691589030, C4<>;
L_0x56369158ba40 .functor MUXZ 7, L_0x56369158b8b0, L_0x7fd63322e378, L_0x563691588ee0, C4<>;
L_0x56369158bcc0 .functor MUXZ 7, L_0x56369158ba40, L_0x7fd63322e2e8, L_0x563691588db0, C4<>;
L_0x56369158be50 .functor MUXZ 7, L_0x56369158bcc0, L_0x7fd63322e258, L_0x563691588bd0, C4<>;
L_0x56369158c0e0 .functor MUXZ 7, L_0x56369158be50, L_0x7fd63322e1c8, L_0x563691588ad0, C4<>;
L_0x56369158c270 .functor MUXZ 7, L_0x56369158c0e0, L_0x7fd63322e138, L_0x563691588990, C4<>;
S_0x56369154d260 .scope module, "for_hex1" "decoder" 2 74, 3 1 0, S_0x5636914cbdd0;
 .timescale 0 0;
    .port_info 0 /INPUT 4 "hex_num";
    .port_info 1 /OUTPUT 7 "HEX0";
v0x56369157ce60_0 .net "HEX0", 6 0, L_0x56369158f8d0;  alias, 1 drivers
L_0x7fd63322ea38 .functor BUFT 1, C4<0000>, C4<0>, C4<0>, C4<0>;
v0x56369157cf60_0 .net/2u *"_ivl_0", 3 0, L_0x7fd63322ea38;  1 drivers
L_0x7fd63322eb10 .functor BUFT 1, C4<1111001>, C4<0>, C4<0>, C4<0>;
v0x56369157d040_0 .net/2u *"_ivl_10", 6 0, L_0x7fd63322eb10;  1 drivers
v0x56369157d100_0 .net *"_ivl_100", 6 0, L_0x56369158dde0;  1 drivers
v0x56369157d1e0_0 .net *"_ivl_102", 6 0, L_0x56369158e010;  1 drivers
v0x56369157d310_0 .net *"_ivl_104", 6 0, L_0x56369158e1a0;  1 drivers
v0x56369157d3f0_0 .net *"_ivl_106", 6 0, L_0x56369158de80;  1 drivers
v0x56369157d4d0_0 .net *"_ivl_108", 6 0, L_0x56369158e4d0;  1 drivers
v0x56369157d5b0_0 .net *"_ivl_110", 6 0, L_0x56369158e720;  1 drivers
v0x56369157d690_0 .net *"_ivl_112", 6 0, L_0x56369158e8b0;  1 drivers
v0x56369157d770_0 .net *"_ivl_114", 6 0, L_0x56369158eb10;  1 drivers
v0x56369157d850_0 .net *"_ivl_116", 6 0, L_0x56369158eca0;  1 drivers
v0x56369157d930_0 .net *"_ivl_118", 6 0, L_0x56369158ef10;  1 drivers
L_0x7fd63322eb58 .functor BUFT 1, C4<0010>, C4<0>, C4<0>, C4<0>;
v0x56369157da10_0 .net/2u *"_ivl_12", 3 0, L_0x7fd63322eb58;  1 drivers
v0x56369157daf0_0 .net *"_ivl_120", 6 0, L_0x56369158f0a0;  1 drivers
v0x56369157dbd0_0 .net *"_ivl_122", 6 0, L_0x56369158f320;  1 drivers
v0x56369157dcb0_0 .net *"_ivl_124", 6 0, L_0x56369158f4b0;  1 drivers
v0x56369157dd90_0 .net *"_ivl_126", 6 0, L_0x56369158f740;  1 drivers
v0x56369157de70_0 .net *"_ivl_14", 0 0, L_0x56369158c6f0;  1 drivers
L_0x7fd63322eba0 .functor BUFT 1, C4<0100100>, C4<0>, C4<0>, C4<0>;
v0x56369157df30_0 .net/2u *"_ivl_16", 6 0, L_0x7fd63322eba0;  1 drivers
L_0x7fd63322ebe8 .functor BUFT 1, C4<0011>, C4<0>, C4<0>, C4<0>;
v0x56369157e010_0 .net/2u *"_ivl_18", 3 0, L_0x7fd63322ebe8;  1 drivers
v0x56369157e0f0_0 .net *"_ivl_2", 0 0, L_0x56369158c560;  1 drivers
v0x56369157e1b0_0 .net *"_ivl_20", 0 0, L_0x56369158c7e0;  1 drivers
L_0x7fd63322ec30 .functor BUFT 1, C4<0110000>, C4<0>, C4<0>, C4<0>;
v0x56369157e270_0 .net/2u *"_ivl_22", 6 0, L_0x7fd63322ec30;  1 drivers
L_0x7fd63322ec78 .functor BUFT 1, C4<0100>, C4<0>, C4<0>, C4<0>;
v0x56369157e350_0 .net/2u *"_ivl_24", 3 0, L_0x7fd63322ec78;  1 drivers
v0x56369157e430_0 .net *"_ivl_26", 0 0, L_0x56369158c8d0;  1 drivers
L_0x7fd63322ecc0 .functor BUFT 1, C4<0011001>, C4<0>, C4<0>, C4<0>;
v0x56369157e4f0_0 .net/2u *"_ivl_28", 6 0, L_0x7fd63322ecc0;  1 drivers
L_0x7fd63322ed08 .functor BUFT 1, C4<0101>, C4<0>, C4<0>, C4<0>;
v0x56369157e5d0_0 .net/2u *"_ivl_30", 3 0, L_0x7fd63322ed08;  1 drivers
v0x56369157e6b0_0 .net *"_ivl_32", 0 0, L_0x56369158c9c0;  1 drivers
L_0x7fd63322ed50 .functor BUFT 1, C4<0010010>, C4<0>, C4<0>, C4<0>;
v0x56369157e770_0 .net/2u *"_ivl_34", 6 0, L_0x7fd63322ed50;  1 drivers
L_0x7fd63322ed98 .functor BUFT 1, C4<0110>, C4<0>, C4<0>, C4<0>;
v0x56369157e850_0 .net/2u *"_ivl_36", 3 0, L_0x7fd63322ed98;  1 drivers
v0x56369157e930_0 .net *"_ivl_38", 0 0, L_0x56369158caf0;  1 drivers
L_0x7fd63322ea80 .functor BUFT 1, C4<1000000>, C4<0>, C4<0>, C4<0>;
v0x56369157e9f0_0 .net/2u *"_ivl_4", 6 0, L_0x7fd63322ea80;  1 drivers
L_0x7fd63322ede0 .functor BUFT 1, C4<0000010>, C4<0>, C4<0>, C4<0>;
v0x56369157ead0_0 .net/2u *"_ivl_40", 6 0, L_0x7fd63322ede0;  1 drivers
L_0x7fd63322ee28 .functor BUFT 1, C4<0111>, C4<0>, C4<0>, C4<0>;
v0x56369157ebb0_0 .net/2u *"_ivl_42", 3 0, L_0x7fd63322ee28;  1 drivers
v0x56369157ec90_0 .net *"_ivl_44", 0 0, L_0x56369158cbe0;  1 drivers
L_0x7fd63322ee70 .functor BUFT 1, C4<1111000>, C4<0>, C4<0>, C4<0>;
v0x56369157ed50_0 .net/2u *"_ivl_46", 6 0, L_0x7fd63322ee70;  1 drivers
L_0x7fd63322eeb8 .functor BUFT 1, C4<1000>, C4<0>, C4<0>, C4<0>;
v0x56369157ee30_0 .net/2u *"_ivl_48", 3 0, L_0x7fd63322eeb8;  1 drivers
v0x56369157ef10_0 .net *"_ivl_50", 0 0, L_0x56369158cd20;  1 drivers
L_0x7fd63322ef00 .functor BUFT 1, C4<0000000>, C4<0>, C4<0>, C4<0>;
v0x56369157efd0_0 .net/2u *"_ivl_52", 6 0, L_0x7fd63322ef00;  1 drivers
L_0x7fd63322ef48 .functor BUFT 1, C4<1001>, C4<0>, C4<0>, C4<0>;
v0x56369157f0b0_0 .net/2u *"_ivl_54", 3 0, L_0x7fd63322ef48;  1 drivers
v0x56369157f190_0 .net *"_ivl_56", 0 0, L_0x56369158ce10;  1 drivers
L_0x7fd63322ef90 .functor BUFT 1, C4<0010000>, C4<0>, C4<0>, C4<0>;
v0x56369157f250_0 .net/2u *"_ivl_58", 6 0, L_0x7fd63322ef90;  1 drivers
L_0x7fd63322eac8 .functor BUFT 1, C4<0001>, C4<0>, C4<0>, C4<0>;
v0x56369157f330_0 .net/2u *"_ivl_6", 3 0, L_0x7fd63322eac8;  1 drivers
L_0x7fd63322efd8 .functor BUFT 1, C4<1010>, C4<0>, C4<0>, C4<0>;
v0x56369157f410_0 .net/2u *"_ivl_60", 3 0, L_0x7fd63322efd8;  1 drivers
v0x56369157f4f0_0 .net *"_ivl_62", 0 0, L_0x56369158cf60;  1 drivers
L_0x7fd63322f020 .functor BUFT 1, C4<0001000>, C4<0>, C4<0>, C4<0>;
v0x56369157f5b0_0 .net/2u *"_ivl_64", 6 0, L_0x7fd63322f020;  1 drivers
L_0x7fd63322f068 .functor BUFT 1, C4<1011>, C4<0>, C4<0>, C4<0>;
v0x56369157f690_0 .net/2u *"_ivl_66", 3 0, L_0x7fd63322f068;  1 drivers
v0x56369157f770_0 .net *"_ivl_68", 0 0, L_0x56369158d000;  1 drivers
L_0x7fd63322f0b0 .functor BUFT 1, C4<0000011>, C4<0>, C4<0>, C4<0>;
v0x56369157f830_0 .net/2u *"_ivl_70", 6 0, L_0x7fd63322f0b0;  1 drivers
L_0x7fd63322f0f8 .functor BUFT 1, C4<1100>, C4<0>, C4<0>, C4<0>;
v0x56369157f910_0 .net/2u *"_ivl_72", 3 0, L_0x7fd63322f0f8;  1 drivers
v0x56369157f9f0_0 .net *"_ivl_74", 0 0, L_0x56369158d160;  1 drivers
L_0x7fd63322f140 .functor BUFT 1, C4<1000110>, C4<0>, C4<0>, C4<0>;
v0x56369157fab0_0 .net/2u *"_ivl_76", 6 0, L_0x7fd63322f140;  1 drivers
L_0x7fd63322f188 .functor BUFT 1, C4<1101>, C4<0>, C4<0>, C4<0>;
v0x56369157fb90_0 .net/2u *"_ivl_78", 3 0, L_0x7fd63322f188;  1 drivers
v0x56369157fc70_0 .net *"_ivl_8", 0 0, L_0x56369158c650;  1 drivers
v0x56369157fd30_0 .net *"_ivl_80", 0 0, L_0x56369158d250;  1 drivers
L_0x7fd63322f1d0 .functor BUFT 1, C4<0100001>, C4<0>, C4<0>, C4<0>;
v0x56369157fdf0_0 .net/2u *"_ivl_82", 6 0, L_0x7fd63322f1d0;  1 drivers
L_0x7fd63322f218 .functor BUFT 1, C4<1110>, C4<0>, C4<0>, C4<0>;
v0x56369157fed0_0 .net/2u *"_ivl_84", 3 0, L_0x7fd63322f218;  1 drivers
v0x56369157ffb0_0 .net *"_ivl_86", 0 0, L_0x56369158d9e0;  1 drivers
L_0x7fd63322f260 .functor BUFT 1, C4<0000110>, C4<0>, C4<0>, C4<0>;
v0x563691580070_0 .net/2u *"_ivl_88", 6 0, L_0x7fd63322f260;  1 drivers
L_0x7fd63322f2a8 .functor BUFT 1, C4<1111>, C4<0>, C4<0>, C4<0>;
v0x563691580150_0 .net/2u *"_ivl_90", 3 0, L_0x7fd63322f2a8;  1 drivers
v0x563691580230_0 .net *"_ivl_92", 0 0, L_0x56369158dad0;  1 drivers
L_0x7fd63322f2f0 .functor BUFT 1, C4<0001110>, C4<0>, C4<0>, C4<0>;
v0x5636915802f0_0 .net/2u *"_ivl_94", 6 0, L_0x7fd63322f2f0;  1 drivers
L_0x7fd63322f338 .functor BUFT 1, C4<0000001>, C4<0>, C4<0>, C4<0>;
v0x5636915803d0_0 .net/2u *"_ivl_96", 6 0, L_0x7fd63322f338;  1 drivers
v0x5636915804b0_0 .net *"_ivl_98", 6 0, L_0x56369158dc50;  1 drivers
v0x5636915809a0_0 .net "hex_num", 3 0, v0x563691587a10_0;  1 drivers
L_0x56369158c560 .cmp/eq 4, v0x563691587a10_0, L_0x7fd63322ea38;
L_0x56369158c650 .cmp/eq 4, v0x563691587a10_0, L_0x7fd63322eac8;
L_0x56369158c6f0 .cmp/eq 4, v0x563691587a10_0, L_0x7fd63322eb58;
L_0x56369158c7e0 .cmp/eq 4, v0x563691587a10_0, L_0x7fd63322ebe8;
L_0x56369158c8d0 .cmp/eq 4, v0x563691587a10_0, L_0x7fd63322ec78;
L_0x56369158c9c0 .cmp/eq 4, v0x563691587a10_0, L_0x7fd63322ed08;
L_0x56369158caf0 .cmp/eq 4, v0x563691587a10_0, L_0x7fd63322ed98;
L_0x56369158cbe0 .cmp/eq 4, v0x563691587a10_0, L_0x7fd63322ee28;
L_0x56369158cd20 .cmp/eq 4, v0x563691587a10_0, L_0x7fd63322eeb8;
L_0x56369158ce10 .cmp/eq 4, v0x563691587a10_0, L_0x7fd63322ef48;
L_0x56369158cf60 .cmp/eq 4, v0x563691587a10_0, L_0x7fd63322efd8;
L_0x56369158d000 .cmp/eq 4, v0x563691587a10_0, L_0x7fd63322f068;
L_0x56369158d160 .cmp/eq 4, v0x563691587a10_0, L_0x7fd63322f0f8;
L_0x56369158d250 .cmp/eq 4, v0x563691587a10_0, L_0x7fd63322f188;
L_0x56369158d9e0 .cmp/eq 4, v0x563691587a10_0, L_0x7fd63322f218;
L_0x56369158dad0 .cmp/eq 4, v0x563691587a10_0, L_0x7fd63322f2a8;
L_0x56369158dc50 .functor MUXZ 7, L_0x7fd63322f338, L_0x7fd63322f2f0, L_0x56369158dad0, C4<>;
L_0x56369158dde0 .functor MUXZ 7, L_0x56369158dc50, L_0x7fd63322f260, L_0x56369158d9e0, C4<>;
L_0x56369158e010 .functor MUXZ 7, L_0x56369158dde0, L_0x7fd63322f1d0, L_0x56369158d250, C4<>;
L_0x56369158e1a0 .functor MUXZ 7, L_0x56369158e010, L_0x7fd63322f140, L_0x56369158d160, C4<>;
L_0x56369158de80 .functor MUXZ 7, L_0x56369158e1a0, L_0x7fd63322f0b0, L_0x56369158d000, C4<>;
L_0x56369158e4d0 .functor MUXZ 7, L_0x56369158de80, L_0x7fd63322f020, L_0x56369158cf60, C4<>;
L_0x56369158e720 .functor MUXZ 7, L_0x56369158e4d0, L_0x7fd63322ef90, L_0x56369158ce10, C4<>;
L_0x56369158e8b0 .functor MUXZ 7, L_0x56369158e720, L_0x7fd63322ef00, L_0x56369158cd20, C4<>;
L_0x56369158eb10 .functor MUXZ 7, L_0x56369158e8b0, L_0x7fd63322ee70, L_0x56369158cbe0, C4<>;
L_0x56369158eca0 .functor MUXZ 7, L_0x56369158eb10, L_0x7fd63322ede0, L_0x56369158caf0, C4<>;
L_0x56369158ef10 .functor MUXZ 7, L_0x56369158eca0, L_0x7fd63322ed50, L_0x56369158c9c0, C4<>;
L_0x56369158f0a0 .functor MUXZ 7, L_0x56369158ef10, L_0x7fd63322ecc0, L_0x56369158c8d0, C4<>;
L_0x56369158f320 .functor MUXZ 7, L_0x56369158f0a0, L_0x7fd63322ec30, L_0x56369158c7e0, C4<>;
L_0x56369158f4b0 .functor MUXZ 7, L_0x56369158f320, L_0x7fd63322eba0, L_0x56369158c6f0, C4<>;
L_0x56369158f740 .functor MUXZ 7, L_0x56369158f4b0, L_0x7fd63322eb10, L_0x56369158c650, C4<>;
L_0x56369158f8d0 .functor MUXZ 7, L_0x56369158f740, L_0x7fd63322ea80, L_0x56369158c560, C4<>;
S_0x56369154d0d0 .scope module, "for_hex2" "decoder" 2 80, 3 1 0, S_0x5636914cbdd0;
 .timescale 0 0;
    .port_info 0 /INPUT 4 "hex_num";
    .port_info 1 /OUTPUT 7 "HEX0";
v0x563691580b30_0 .net "HEX0", 6 0, L_0x563691592910;  alias, 1 drivers
L_0x7fd63322f380 .functor BUFT 1, C4<0000>, C4<0>, C4<0>, C4<0>;
v0x563691580c30_0 .net/2u *"_ivl_0", 3 0, L_0x7fd63322f380;  1 drivers
L_0x7fd63322f458 .functor BUFT 1, C4<1111001>, C4<0>, C4<0>, C4<0>;
v0x563691580d10_0 .net/2u *"_ivl_10", 6 0, L_0x7fd63322f458;  1 drivers
v0x563691580dd0_0 .net *"_ivl_100", 6 0, L_0x563691590e20;  1 drivers
v0x563691580eb0_0 .net *"_ivl_102", 6 0, L_0x563691591050;  1 drivers
v0x563691580fe0_0 .net *"_ivl_104", 6 0, L_0x5636915911e0;  1 drivers
v0x5636915810c0_0 .net *"_ivl_106", 6 0, L_0x563691590ec0;  1 drivers
v0x5636915811a0_0 .net *"_ivl_108", 6 0, L_0x563691591510;  1 drivers
v0x563691581280_0 .net *"_ivl_110", 6 0, L_0x563691591760;  1 drivers
v0x563691581360_0 .net *"_ivl_112", 6 0, L_0x5636915918f0;  1 drivers
v0x563691581440_0 .net *"_ivl_114", 6 0, L_0x563691591b50;  1 drivers
v0x563691581520_0 .net *"_ivl_116", 6 0, L_0x563691591ce0;  1 drivers
v0x563691581600_0 .net *"_ivl_118", 6 0, L_0x563691591f50;  1 drivers
L_0x7fd63322f4a0 .functor BUFT 1, C4<0010>, C4<0>, C4<0>, C4<0>;
v0x5636915816e0_0 .net/2u *"_ivl_12", 3 0, L_0x7fd63322f4a0;  1 drivers
v0x5636915817c0_0 .net *"_ivl_120", 6 0, L_0x5636915920e0;  1 drivers
v0x5636915818a0_0 .net *"_ivl_122", 6 0, L_0x563691592360;  1 drivers
v0x563691581980_0 .net *"_ivl_124", 6 0, L_0x5636915924f0;  1 drivers
v0x563691581a60_0 .net *"_ivl_126", 6 0, L_0x563691592780;  1 drivers
v0x563691581b40_0 .net *"_ivl_14", 0 0, L_0x56369158fd50;  1 drivers
L_0x7fd63322f4e8 .functor BUFT 1, C4<0100100>, C4<0>, C4<0>, C4<0>;
v0x563691581c00_0 .net/2u *"_ivl_16", 6 0, L_0x7fd63322f4e8;  1 drivers
L_0x7fd63322f530 .functor BUFT 1, C4<0011>, C4<0>, C4<0>, C4<0>;
v0x563691581ce0_0 .net/2u *"_ivl_18", 3 0, L_0x7fd63322f530;  1 drivers
v0x563691581dc0_0 .net *"_ivl_2", 0 0, L_0x56369158fbc0;  1 drivers
v0x563691581e80_0 .net *"_ivl_20", 0 0, L_0x56369158fe40;  1 drivers
L_0x7fd63322f578 .functor BUFT 1, C4<0110000>, C4<0>, C4<0>, C4<0>;
v0x563691581f40_0 .net/2u *"_ivl_22", 6 0, L_0x7fd63322f578;  1 drivers
L_0x7fd63322f5c0 .functor BUFT 1, C4<0100>, C4<0>, C4<0>, C4<0>;
v0x563691582020_0 .net/2u *"_ivl_24", 3 0, L_0x7fd63322f5c0;  1 drivers
v0x563691582100_0 .net *"_ivl_26", 0 0, L_0x56369158ff30;  1 drivers
L_0x7fd63322f608 .functor BUFT 1, C4<0011001>, C4<0>, C4<0>, C4<0>;
v0x5636915821c0_0 .net/2u *"_ivl_28", 6 0, L_0x7fd63322f608;  1 drivers
L_0x7fd63322f650 .functor BUFT 1, C4<0101>, C4<0>, C4<0>, C4<0>;
v0x5636915822a0_0 .net/2u *"_ivl_30", 3 0, L_0x7fd63322f650;  1 drivers
v0x563691582380_0 .net *"_ivl_32", 0 0, L_0x563691590020;  1 drivers
L_0x7fd63322f698 .functor BUFT 1, C4<0010010>, C4<0>, C4<0>, C4<0>;
v0x563691582440_0 .net/2u *"_ivl_34", 6 0, L_0x7fd63322f698;  1 drivers
L_0x7fd63322f6e0 .functor BUFT 1, C4<0110>, C4<0>, C4<0>, C4<0>;
v0x563691582520_0 .net/2u *"_ivl_36", 3 0, L_0x7fd63322f6e0;  1 drivers
v0x563691582600_0 .net *"_ivl_38", 0 0, L_0x563691590150;  1 drivers
L_0x7fd63322f3c8 .functor BUFT 1, C4<1000000>, C4<0>, C4<0>, C4<0>;
v0x5636915826c0_0 .net/2u *"_ivl_4", 6 0, L_0x7fd63322f3c8;  1 drivers
L_0x7fd63322f728 .functor BUFT 1, C4<0000010>, C4<0>, C4<0>, C4<0>;
v0x5636915827a0_0 .net/2u *"_ivl_40", 6 0, L_0x7fd63322f728;  1 drivers
L_0x7fd63322f770 .functor BUFT 1, C4<0111>, C4<0>, C4<0>, C4<0>;
v0x563691582880_0 .net/2u *"_ivl_42", 3 0, L_0x7fd63322f770;  1 drivers
v0x563691582960_0 .net *"_ivl_44", 0 0, L_0x563691590240;  1 drivers
L_0x7fd63322f7b8 .functor BUFT 1, C4<1111000>, C4<0>, C4<0>, C4<0>;
v0x563691582a20_0 .net/2u *"_ivl_46", 6 0, L_0x7fd63322f7b8;  1 drivers
L_0x7fd63322f800 .functor BUFT 1, C4<1000>, C4<0>, C4<0>, C4<0>;
v0x563691582b00_0 .net/2u *"_ivl_48", 3 0, L_0x7fd63322f800;  1 drivers
v0x563691582be0_0 .net *"_ivl_50", 0 0, L_0x563691590380;  1 drivers
L_0x7fd63322f848 .functor BUFT 1, C4<0000000>, C4<0>, C4<0>, C4<0>;
v0x563691582ca0_0 .net/2u *"_ivl_52", 6 0, L_0x7fd63322f848;  1 drivers
L_0x7fd63322f890 .functor BUFT 1, C4<1001>, C4<0>, C4<0>, C4<0>;
v0x563691582d80_0 .net/2u *"_ivl_54", 3 0, L_0x7fd63322f890;  1 drivers
v0x563691582e60_0 .net *"_ivl_56", 0 0, L_0x563691590470;  1 drivers
L_0x7fd63322f8d8 .functor BUFT 1, C4<0010000>, C4<0>, C4<0>, C4<0>;
v0x563691582f20_0 .net/2u *"_ivl_58", 6 0, L_0x7fd63322f8d8;  1 drivers
L_0x7fd63322f410 .functor BUFT 1, C4<0001>, C4<0>, C4<0>, C4<0>;
v0x563691583000_0 .net/2u *"_ivl_6", 3 0, L_0x7fd63322f410;  1 drivers
L_0x7fd63322f920 .functor BUFT 1, C4<1010>, C4<0>, C4<0>, C4<0>;
v0x5636915830e0_0 .net/2u *"_ivl_60", 3 0, L_0x7fd63322f920;  1 drivers
v0x5636915831c0_0 .net *"_ivl_62", 0 0, L_0x5636915905c0;  1 drivers
L_0x7fd63322f968 .functor BUFT 1, C4<0001000>, C4<0>, C4<0>, C4<0>;
v0x563691583280_0 .net/2u *"_ivl_64", 6 0, L_0x7fd63322f968;  1 drivers
L_0x7fd63322f9b0 .functor BUFT 1, C4<1011>, C4<0>, C4<0>, C4<0>;
v0x563691583360_0 .net/2u *"_ivl_66", 3 0, L_0x7fd63322f9b0;  1 drivers
v0x563691583440_0 .net *"_ivl_68", 0 0, L_0x563691590660;  1 drivers
L_0x7fd63322f9f8 .functor BUFT 1, C4<0000011>, C4<0>, C4<0>, C4<0>;
v0x563691583500_0 .net/2u *"_ivl_70", 6 0, L_0x7fd63322f9f8;  1 drivers
L_0x7fd63322fa40 .functor BUFT 1, C4<1100>, C4<0>, C4<0>, C4<0>;
v0x5636915835e0_0 .net/2u *"_ivl_72", 3 0, L_0x7fd63322fa40;  1 drivers
v0x5636915836c0_0 .net *"_ivl_74", 0 0, L_0x5636915907c0;  1 drivers
L_0x7fd63322fa88 .functor BUFT 1, C4<1000110>, C4<0>, C4<0>, C4<0>;
v0x563691583780_0 .net/2u *"_ivl_76", 6 0, L_0x7fd63322fa88;  1 drivers
L_0x7fd63322fad0 .functor BUFT 1, C4<1101>, C4<0>, C4<0>, C4<0>;
v0x563691583860_0 .net/2u *"_ivl_78", 3 0, L_0x7fd63322fad0;  1 drivers
v0x563691583940_0 .net *"_ivl_8", 0 0, L_0x56369158fcb0;  1 drivers
v0x563691583a00_0 .net *"_ivl_80", 0 0, L_0x5636915908b0;  1 drivers
L_0x7fd63322fb18 .functor BUFT 1, C4<0100001>, C4<0>, C4<0>, C4<0>;
v0x563691583ac0_0 .net/2u *"_ivl_82", 6 0, L_0x7fd63322fb18;  1 drivers
L_0x7fd63322fb60 .functor BUFT 1, C4<1110>, C4<0>, C4<0>, C4<0>;
v0x563691583ba0_0 .net/2u *"_ivl_84", 3 0, L_0x7fd63322fb60;  1 drivers
v0x563691583c80_0 .net *"_ivl_86", 0 0, L_0x563691590a20;  1 drivers
L_0x7fd63322fba8 .functor BUFT 1, C4<0000110>, C4<0>, C4<0>, C4<0>;
v0x563691583d40_0 .net/2u *"_ivl_88", 6 0, L_0x7fd63322fba8;  1 drivers
L_0x7fd63322fbf0 .functor BUFT 1, C4<1111>, C4<0>, C4<0>, C4<0>;
v0x563691583e20_0 .net/2u *"_ivl_90", 3 0, L_0x7fd63322fbf0;  1 drivers
v0x563691583f00_0 .net *"_ivl_92", 0 0, L_0x563691590b10;  1 drivers
L_0x7fd63322fc38 .functor BUFT 1, C4<0001110>, C4<0>, C4<0>, C4<0>;
v0x563691583fc0_0 .net/2u *"_ivl_94", 6 0, L_0x7fd63322fc38;  1 drivers
L_0x7fd63322fc80 .functor BUFT 1, C4<0000001>, C4<0>, C4<0>, C4<0>;
v0x5636915840a0_0 .net/2u *"_ivl_96", 6 0, L_0x7fd63322fc80;  1 drivers
v0x563691584180_0 .net *"_ivl_98", 6 0, L_0x563691590c90;  1 drivers
v0x563691584670_0 .net "hex_num", 3 0, v0x563691587920_0;  1 drivers
L_0x56369158fbc0 .cmp/eq 4, v0x563691587920_0, L_0x7fd63322f380;
L_0x56369158fcb0 .cmp/eq 4, v0x563691587920_0, L_0x7fd63322f410;
L_0x56369158fd50 .cmp/eq 4, v0x563691587920_0, L_0x7fd63322f4a0;
L_0x56369158fe40 .cmp/eq 4, v0x563691587920_0, L_0x7fd63322f530;
L_0x56369158ff30 .cmp/eq 4, v0x563691587920_0, L_0x7fd63322f5c0;
L_0x563691590020 .cmp/eq 4, v0x563691587920_0, L_0x7fd63322f650;
L_0x563691590150 .cmp/eq 4, v0x563691587920_0, L_0x7fd63322f6e0;
L_0x563691590240 .cmp/eq 4, v0x563691587920_0, L_0x7fd63322f770;
L_0x563691590380 .cmp/eq 4, v0x563691587920_0, L_0x7fd63322f800;
L_0x563691590470 .cmp/eq 4, v0x563691587920_0, L_0x7fd63322f890;
L_0x5636915905c0 .cmp/eq 4, v0x563691587920_0, L_0x7fd63322f920;
L_0x563691590660 .cmp/eq 4, v0x563691587920_0, L_0x7fd63322f9b0;
L_0x5636915907c0 .cmp/eq 4, v0x563691587920_0, L_0x7fd63322fa40;
L_0x5636915908b0 .cmp/eq 4, v0x563691587920_0, L_0x7fd63322fad0;
L_0x563691590a20 .cmp/eq 4, v0x563691587920_0, L_0x7fd63322fb60;
L_0x563691590b10 .cmp/eq 4, v0x563691587920_0, L_0x7fd63322fbf0;
L_0x563691590c90 .functor MUXZ 7, L_0x7fd63322fc80, L_0x7fd63322fc38, L_0x563691590b10, C4<>;
L_0x563691590e20 .functor MUXZ 7, L_0x563691590c90, L_0x7fd63322fba8, L_0x563691590a20, C4<>;
L_0x563691591050 .functor MUXZ 7, L_0x563691590e20, L_0x7fd63322fb18, L_0x5636915908b0, C4<>;
L_0x5636915911e0 .functor MUXZ 7, L_0x563691591050, L_0x7fd63322fa88, L_0x5636915907c0, C4<>;
L_0x563691590ec0 .functor MUXZ 7, L_0x5636915911e0, L_0x7fd63322f9f8, L_0x563691590660, C4<>;
L_0x563691591510 .functor MUXZ 7, L_0x563691590ec0, L_0x7fd63322f968, L_0x5636915905c0, C4<>;
L_0x563691591760 .functor MUXZ 7, L_0x563691591510, L_0x7fd63322f8d8, L_0x563691590470, C4<>;
L_0x5636915918f0 .functor MUXZ 7, L_0x563691591760, L_0x7fd63322f848, L_0x563691590380, C4<>;
L_0x563691591b50 .functor MUXZ 7, L_0x5636915918f0, L_0x7fd63322f7b8, L_0x563691590240, C4<>;
L_0x563691591ce0 .functor MUXZ 7, L_0x563691591b50, L_0x7fd63322f728, L_0x563691590150, C4<>;
L_0x563691591f50 .functor MUXZ 7, L_0x563691591ce0, L_0x7fd63322f698, L_0x563691590020, C4<>;
L_0x5636915920e0 .functor MUXZ 7, L_0x563691591f50, L_0x7fd63322f608, L_0x56369158ff30, C4<>;
L_0x563691592360 .functor MUXZ 7, L_0x5636915920e0, L_0x7fd63322f578, L_0x56369158fe40, C4<>;
L_0x5636915924f0 .functor MUXZ 7, L_0x563691592360, L_0x7fd63322f4e8, L_0x56369158fd50, C4<>;
L_0x563691592780 .functor MUXZ 7, L_0x5636915924f0, L_0x7fd63322f458, L_0x56369158fcb0, C4<>;
L_0x563691592910 .functor MUXZ 7, L_0x563691592780, L_0x7fd63322f3c8, L_0x56369158fbc0, C4<>;
S_0x5636915847b0 .scope module, "freq_del" "freq_del" 2 104, 4 1 0, S_0x5636914cbdd0;
 .timescale 0 0;
    .port_info 0 /INPUT 1 "clk";
    .port_info 1 /INPUT 1 "reset";
    .port_info 2 /OUTPUT 1 "imp";
P_0x563691553f10 .param/l "IMP_WAIT" 0 4 3, +C4<000000000000000000000000000000000000000000000000000000000000000000000000010011000100101101000000>;
P_0x563691553f50 .param/l "count_size" 1 4 17, +C4<00000000000000000000000000011010>;
v0x563691584cd0_0 .net *"_ivl_0", 95 0, L_0x563691599870;  1 drivers
L_0x7fd633230f58 .functor BUFT 1, C4<0000000000000000000000000000000000000000000000000000000000000000000000>, C4<0>, C4<0>, C4<0>;
v0x563691584dd0_0 .net *"_ivl_3", 69 0, L_0x7fd633230f58;  1 drivers
L_0x7fd633230fa0 .functor BUFT 1, C4<000000000000000000000000000000000000000000000000000000000000000000000000010011000100101100111111>, C4<0>, C4<0>, C4<0>;
v0x563691584eb0_0 .net/2u *"_ivl_4", 95 0, L_0x7fd633230fa0;  1 drivers
v0x563691584f70_0 .net "clk", 0 0, o0x7fd63327b068;  alias, 0 drivers
v0x563691585030_0 .var "counter2", 25 0;
v0x563691585160_0 .net "imp", 0 0, L_0x5636915a9970;  alias, 1 drivers
v0x563691585220_0 .net "reset", 0 0, v0x5636915876f0_0;  1 drivers
E_0x563691584c50 .event posedge, v0x563691584f70_0;
L_0x563691599870 .concat [ 26 70 0 0], v0x563691585030_0, L_0x7fd633230f58;
L_0x5636915a9970 .cmp/eq 96, L_0x563691599870, L_0x7fd633230fa0;
S_0x563691584990 .scope generate, "remembered_timings[0]" "remembered_timings[0]" 2 236, 2 236 0, S_0x5636914cbdd0;
 .timescale 0 0;
P_0x5636915853b0 .param/l "i" 0 2 236, +C4<00>;
S_0x563691585490 .scope generate, "remembered_timings[1]" "remembered_timings[1]" 2 236, 2 236 0, S_0x5636914cbdd0;
 .timescale 0 0;
P_0x563691585670 .param/l "i" 0 2 236, +C4<01>;
S_0x563691585750 .scope generate, "remembered_timings[2]" "remembered_timings[2]" 2 236, 2 236 0, S_0x5636914cbdd0;
 .timescale 0 0;
P_0x563691580ae0 .param/l "i" 0 2 236, +C4<010>;
S_0x5636915859c0 .scope generate, "remembered_timings[3]" "remembered_timings[3]" 2 236, 2 236 0, S_0x5636914cbdd0;
 .timescale 0 0;
P_0x563691585ba0 .param/l "i" 0 2 236, +C4<011>;
    .scope S_0x563691584990;
T_0 ;
    %wait E_0x563691584c50;
    %load/vec4 v0x5636915876f0_0;
    %flag_set/vec4 8;
    %jmp/0xz  T_0.0, 8;
    %pushi/vec4 0, 0, 4;
    %ix/load 3, 0, 0;
    %flag_set/imm 4, 0;
    %ix/load 4, 0, 0; Constant delay
    %assign/vec4/a/d v0x563691587570, 0, 4;
    %pushi/vec4 0, 0, 4;
    %ix/load 3, 0, 0;
    %flag_set/imm 4, 0;
    %ix/load 4, 0, 0; Constant delay
    %assign/vec4/a/d v0x563691587630, 0, 4;
    %jmp T_0.1;
T_0.0 ;
    %load/vec4 v0x5636915881b0_0;
    %ix/load 4, 0, 0;
    %flag_set/imm 4, 0;
    %load/vec4a v0x563691587570, 4;
    %nor/r;
    %and;
    %flag_set/vec4 8;
    %jmp/0 T_0.2, 8;
    %load/vec4 v0x563691587920_0;
    %jmp/1 T_0.3, 8;
T_0.2 ; End of true expr.
    %ix/load 4, 0, 0;
    %flag_set/imm 4, 0;
    %load/vec4a v0x563691587570, 4;
    %jmp/0 T_0.3, 8;
 ; End of false expr.
    %blend;
T_0.3;
    %ix/load 3, 0, 0;
    %flag_set/imm 4, 0;
    %ix/load 4, 0, 0; Constant delay
    %assign/vec4/a/d v0x563691587570, 0, 4;
    %load/vec4 v0x5636915881b0_0;
    %ix/load 4, 0, 0;
    %flag_set/imm 4, 0;
    %load/vec4a v0x563691587630, 4;
    %nor/r;
    %and;
    %flag_set/vec4 8;
    %jmp/0 T_0.4, 8;
    %load/vec4 v0x563691587a10_0;
    %jmp/1 T_0.5, 8;
T_0.4 ; End of true expr.
    %ix/load 4, 0, 0;
    %flag_set/imm 4, 0;
    %load/vec4a v0x563691587630, 4;
    %jmp/0 T_0.5, 8;
 ; End of false expr.
    %blend;
T_0.5;
    %ix/load 3, 0, 0;
    %flag_set/imm 4, 0;
    %ix/load 4, 0, 0; Constant delay
    %assign/vec4/a/d v0x563691587630, 0, 4;
T_0.1 ;
    %jmp T_0;
    .thread T_0;
    .scope S_0x563691585490;
T_1 ;
    %wait E_0x563691584c50;
    %load/vec4 v0x5636915876f0_0;
    %flag_set/vec4 8;
    %jmp/0xz  T_1.0, 8;
    %pushi/vec4 0, 0, 4;
    %ix/load 3, 1, 0;
    %flag_set/imm 4, 0;
    %ix/load 4, 0, 0; Constant delay
    %assign/vec4/a/d v0x563691587570, 0, 4;
    %pushi/vec4 0, 0, 4;
    %ix/load 3, 1, 0;
    %flag_set/imm 4, 0;
    %ix/load 4, 0, 0; Constant delay
    %assign/vec4/a/d v0x563691587630, 0, 4;
    %jmp T_1.1;
T_1.0 ;
    %load/vec4 v0x5636915881b0_0;
    %pad/u 4;
    %ix/load 4, 0, 0;
    %flag_set/imm 4, 0;
    %load/vec4a v0x563691587570, 4;
    %and;
    %ix/load 4, 1, 0;
    %flag_set/imm 4, 0;
    %load/vec4a v0x563691587570, 4;
    %nor/r;
    %pad/u 4;
    %and;
    %cmpi/ne 0, 0, 4;
    %flag_mov 8, 4;
    %jmp/0 T_1.2, 8;
    %load/vec4 v0x563691587920_0;
    %jmp/1 T_1.3, 8;
T_1.2 ; End of true expr.
    %ix/load 4, 1, 0;
    %flag_set/imm 4, 0;
    %load/vec4a v0x563691587570, 4;
    %jmp/0 T_1.3, 8;
 ; End of false expr.
    %blend;
T_1.3;
    %ix/load 3, 1, 0;
    %flag_set/imm 4, 0;
    %ix/load 4, 0, 0; Constant delay
    %assign/vec4/a/d v0x563691587570, 0, 4;
    %load/vec4 v0x5636915881b0_0;
    %pad/u 4;
    %ix/load 4, 0, 0;
    %flag_set/imm 4, 0;
    %load/vec4a v0x563691587630, 4;
    %and;
    %ix/load 4, 1, 0;
    %flag_set/imm 4, 0;
    %load/vec4a v0x563691587630, 4;
    %nor/r;
    %pad/u 4;
    %and;
    %cmpi/ne 0, 0, 4;
    %flag_mov 8, 4;
    %jmp/0 T_1.4, 8;
    %load/vec4 v0x563691587a10_0;
    %jmp/1 T_1.5, 8;
T_1.4 ; End of true expr.
    %ix/load 4, 1, 0;
    %flag_set/imm 4, 0;
    %load/vec4a v0x563691587630, 4;
    %jmp/0 T_1.5, 8;
 ; End of false expr.
    %blend;
T_1.5;
    %ix/load 3, 1, 0;
    %flag_set/imm 4, 0;
    %ix/load 4, 0, 0; Constant delay
    %assign/vec4/a/d v0x563691587630, 0, 4;
T_1.1 ;
    %jmp T_1;
    .thread T_1;
    .scope S_0x563691585750;
T_2 ;
    %wait E_0x563691584c50;
    %load/vec4 v0x5636915876f0_0;
    %flag_set/vec4 8;
    %jmp/0xz  T_2.0, 8;
    %pushi/vec4 0, 0, 4;
    %ix/load 3, 2, 0;
    %flag_set/imm 4, 0;
    %ix/load 4, 0, 0; Constant delay
    %assign/vec4/a/d v0x563691587570, 0, 4;
    %pushi/vec4 0, 0, 4;
    %ix/load 3, 2, 0;
    %flag_set/imm 4, 0;
    %ix/load 4, 0, 0; Constant delay
    %assign/vec4/a/d v0x563691587630, 0, 4;
    %jmp T_2.1;
T_2.0 ;
    %load/vec4 v0x5636915881b0_0;
    %pad/u 4;
    %ix/load 4, 1, 0;
    %flag_set/imm 4, 0;
    %load/vec4a v0x563691587570, 4;
    %and;
    %ix/load 4, 2, 0;
    %flag_set/imm 4, 0;
    %load/vec4a v0x563691587570, 4;
    %nor/r;
    %pad/u 4;
    %and;
    %cmpi/ne 0, 0, 4;
    %flag_mov 8, 4;
    %jmp/0 T_2.2, 8;
    %load/vec4 v0x563691587920_0;
    %jmp/1 T_2.3, 8;
T_2.2 ; End of true expr.
    %ix/load 4, 2, 0;
    %flag_set/imm 4, 0;
    %load/vec4a v0x563691587570, 4;
    %jmp/0 T_2.3, 8;
 ; End of false expr.
    %blend;
T_2.3;
    %ix/load 3, 2, 0;
    %flag_set/imm 4, 0;
    %ix/load 4, 0, 0; Constant delay
    %assign/vec4/a/d v0x563691587570, 0, 4;
    %load/vec4 v0x5636915881b0_0;
    %pad/u 4;
    %ix/load 4, 1, 0;
    %flag_set/imm 4, 0;
    %load/vec4a v0x563691587630, 4;
    %and;
    %ix/load 4, 2, 0;
    %flag_set/imm 4, 0;
    %load/vec4a v0x563691587630, 4;
    %nor/r;
    %pad/u 4;
    %and;
    %cmpi/ne 0, 0, 4;
    %flag_mov 8, 4;
    %jmp/0 T_2.4, 8;
    %load/vec4 v0x563691587a10_0;
    %jmp/1 T_2.5, 8;
T_2.4 ; End of true expr.
    %ix/load 4, 2, 0;
    %flag_set/imm 4, 0;
    %load/vec4a v0x563691587630, 4;
    %jmp/0 T_2.5, 8;
 ; End of false expr.
    %blend;
T_2.5;
    %ix/load 3, 2, 0;
    %flag_set/imm 4, 0;
    %ix/load 4, 0, 0; Constant delay
    %assign/vec4/a/d v0x563691587630, 0, 4;
T_2.1 ;
    %jmp T_2;
    .thread T_2;
    .scope S_0x5636915859c0;
T_3 ;
    %wait E_0x563691584c50;
    %load/vec4 v0x5636915876f0_0;
    %flag_set/vec4 8;
    %jmp/0xz  T_3.0, 8;
    %pushi/vec4 0, 0, 4;
    %ix/load 3, 3, 0;
    %flag_set/imm 4, 0;
    %ix/load 4, 0, 0; Constant delay
    %assign/vec4/a/d v0x563691587570, 0, 4;
    %pushi/vec4 0, 0, 4;
    %ix/load 3, 3, 0;
    %flag_set/imm 4, 0;
    %ix/load 4, 0, 0; Constant delay
    %assign/vec4/a/d v0x563691587630, 0, 4;
    %jmp T_3.1;
T_3.0 ;
    %load/vec4 v0x5636915881b0_0;
    %pad/u 4;
    %ix/load 4, 2, 0;
    %flag_set/imm 4, 0;
    %load/vec4a v0x563691587570, 4;
    %and;
    %ix/load 4, 3, 0;
    %flag_set/imm 4, 0;
    %load/vec4a v0x563691587570, 4;
    %nor/r;
    %pad/u 4;
    %and;
    %cmpi/ne 0, 0, 4;
    %flag_mov 8, 4;
    %jmp/0 T_3.2, 8;
    %load/vec4 v0x563691587920_0;
    %jmp/1 T_3.3, 8;
T_3.2 ; End of true expr.
    %ix/load 4, 3, 0;
    %flag_set/imm 4, 0;
    %load/vec4a v0x563691587570, 4;
    %jmp/0 T_3.3, 8;
 ; End of false expr.
    %blend;
T_3.3;
    %ix/load 3, 3, 0;
    %flag_set/imm 4, 0;
    %ix/load 4, 0, 0; Constant delay
    %assign/vec4/a/d v0x563691587570, 0, 4;
    %load/vec4 v0x5636915881b0_0;
    %pad/u 4;
    %ix/load 4, 2, 0;
    %flag_set/imm 4, 0;
    %load/vec4a v0x563691587630, 4;
    %and;
    %ix/load 4, 3, 0;
    %flag_set/imm 4, 0;
    %load/vec4a v0x563691587630, 4;
    %nor/r;
    %pad/u 4;
    %and;
    %cmpi/ne 0, 0, 4;
    %flag_mov 8, 4;
    %jmp/0 T_3.4, 8;
    %load/vec4 v0x563691587a10_0;
    %jmp/1 T_3.5, 8;
T_3.4 ; End of true expr.
    %ix/load 4, 3, 0;
    %flag_set/imm 4, 0;
    %load/vec4a v0x563691587630, 4;
    %jmp/0 T_3.5, 8;
 ; End of false expr.
    %blend;
T_3.5;
    %ix/load 3, 3, 0;
    %flag_set/imm 4, 0;
    %ix/load 4, 0, 0; Constant delay
    %assign/vec4/a/d v0x563691587630, 0, 4;
T_3.1 ;
    %jmp T_3;
    .thread T_3;
    .scope S_0x5636915847b0;
T_4 ;
    %wait E_0x563691584c50;
    %load/vec4 v0x563691585220_0;
    %flag_set/vec4 8;
    %jmp/0xz  T_4.0, 8;
    %pushi/vec4 0, 0, 26;
    %assign/vec4 v0x563691585030_0, 0;
    %jmp T_4.1;
T_4.0 ;
    %load/vec4 v0x563691585030_0;
    %pad/u 96;
    %cmpi/e 4999999, 0, 96;
    %flag_mov 8, 4;
    %jmp/0 T_4.2, 8;
    %pushi/vec4 0, 0, 26;
    %jmp/1 T_4.3, 8;
T_4.2 ; End of true expr.
    %load/vec4 v0x563691585030_0;
    %addi 1, 0, 26;
    %jmp/0 T_4.3, 8;
 ; End of false expr.
    %blend;
T_4.3;
    %assign/vec4 v0x563691585030_0, 0;
T_4.1 ;
    %jmp T_4;
    .thread T_4;
    .scope S_0x5636914cbdd0;
T_5 ;
    %wait E_0x563691584c50;
    %load/vec4 v0x563691586110_0;
    %assign/vec4 v0x5636915877c0_0, 0;
    %load/vec4 v0x5636915877c0_0;
    %assign/vec4 v0x563691587860_0, 0;
    %jmp T_5;
    .thread T_5;
    .scope S_0x5636914cbdd0;
T_6 ;
    %wait E_0x563691584c50;
    %load/vec4 v0x5636915877c0_0;
    %inv;
    %load/vec4 v0x563691587860_0;
    %and;
    %assign/vec4 v0x5636915876f0_0, 0;
    %jmp T_6;
    .thread T_6;
    .scope S_0x5636914cbdd0;
T_7 ;
    %wait E_0x563691584c50;
    %load/vec4 v0x5636915861d0_0;
    %assign/vec4 v0x563691587f70_0, 0;
    %load/vec4 v0x563691587f70_0;
    %assign/vec4 v0x563691588030_0, 0;
    %jmp T_7;
    .thread T_7;
    .scope S_0x5636914cbdd0;
T_8 ;
    %wait E_0x563691584c50;
    %load/vec4 v0x563691587f70_0;
    %inv;
    %load/vec4 v0x563691588030_0;
    %and;
    %assign/vec4 v0x563691587ed0_0, 0;
    %jmp T_8;
    .thread T_8;
    .scope S_0x5636914cbdd0;
T_9 ;
    %wait E_0x563691584c50;
    %load/vec4 v0x563691586290_0;
    %assign/vec4 v0x563691588270_0, 0;
    %load/vec4 v0x563691588270_0;
    %assign/vec4 v0x563691588330_0, 0;
    %jmp T_9;
    .thread T_9;
    .scope S_0x5636914cbdd0;
T_10 ;
    %wait E_0x563691584c50;
    %load/vec4 v0x563691588270_0;
    %inv;
    %load/vec4 v0x563691588330_0;
    %and;
    %assign/vec4 v0x5636915881b0_0, 0;
    %jmp T_10;
    .thread T_10;
    .scope S_0x5636914cbdd0;
T_11 ;
    %wait E_0x563691584c50;
    %load/vec4 v0x563691586350_0;
    %assign/vec4 v0x563691587c60_0, 0;
    %load/vec4 v0x563691587c60_0;
    %assign/vec4 v0x563691587d20_0, 0;
    %jmp T_11;
    .thread T_11;
    .scope S_0x5636914cbdd0;
T_12 ;
    %wait E_0x563691584c50;
    %load/vec4 v0x563691587c60_0;
    %inv;
    %load/vec4 v0x563691587d20_0;
    %and;
    %assign/vec4 v0x563691587ae0_0, 0;
    %jmp T_12;
    .thread T_12;
    .scope S_0x5636914cbdd0;
T_13 ;
    %wait E_0x563691584c50;
    %load/vec4 v0x5636915876f0_0;
    %flag_set/vec4 8;
    %jmp/0xz  T_13.0, 8;
    %pushi/vec4 0, 0, 1;
    %assign/vec4 v0x5636915880f0_0, 0;
    %jmp T_13.1;
T_13.0 ;
    %load/vec4 v0x563691587ed0_0;
    %flag_set/vec4 8;
    %jmp/0 T_13.2, 8;
    %load/vec4 v0x5636915880f0_0;
    %inv;
    %jmp/1 T_13.3, 8;
T_13.2 ; End of true expr.
    %load/vec4 v0x5636915880f0_0;
    %jmp/0 T_13.3, 8;
 ; End of false expr.
    %blend;
T_13.3;
    %assign/vec4 v0x5636915880f0_0, 0;
T_13.1 ;
    %jmp T_13;
    .thread T_13;
    .scope S_0x5636914cbdd0;
T_14 ;
    %wait E_0x5636914f9480;
    %load/vec4 v0x5636915876f0_0;
    %flag_set/vec4 8;
    %jmp/0xz  T_14.0, 8;
    %pushi/vec4 0, 0, 4;
    %assign/vec4 v0x563691587de0_0, 0;
    %jmp T_14.1;
T_14.0 ;
    %load/vec4 v0x5636915880f0_0;
    %load/vec4 v0x5636915872a0_0;
    %and;
    %inv;
    %flag_set/vec4 8;
    %jmp/0 T_14.2, 8;
    %load/vec4 v0x563691587de0_0;
    %jmp/1 T_14.3, 8;
T_14.2 ; End of true expr.
    %load/vec4 v0x563691587410_0;
    %flag_set/vec4 9;
    %jmp/0 T_14.4, 9;
    %pushi/vec4 0, 0, 4;
    %jmp/1 T_14.5, 9;
T_14.4 ; End of true expr.
    %load/vec4 v0x563691587de0_0;
    %addi 1, 0, 4;
    %jmp/0 T_14.5, 9;
 ; End of false expr.
    %blend;
T_14.5;
    %jmp/0 T_14.3, 8;
 ; End of false expr.
    %blend;
T_14.3;
    %assign/vec4 v0x563691587de0_0, 0;
T_14.1 ;
    %jmp T_14;
    .thread T_14;
    .scope S_0x5636914cbdd0;
T_15 ;
    %wait E_0x563691584c50;
    %load/vec4 v0x5636915876f0_0;
    %flag_set/vec4 8;
    %jmp/0xz  T_15.0, 8;
    %pushi/vec4 0, 0, 4;
    %assign/vec4 v0x563691587a10_0, 0;
    %jmp T_15.1;
T_15.0 ;
    %load/vec4 v0x563691587410_0;
    %load/vec4 v0x5636915880f0_0;
    %and;
    %load/vec4 v0x5636915872a0_0;
    %and;
    %inv;
    %flag_set/vec4 8;
    %jmp/0 T_15.2, 8;
    %load/vec4 v0x563691587a10_0;
    %jmp/1 T_15.3, 8;
T_15.2 ; End of true expr.
    %load/vec4 v0x5636915874b0_0;
    %load/vec4 v0x563691587410_0;
    %and;
    %flag_set/vec4 9;
    %jmp/0 T_15.4, 9;
    %pushi/vec4 0, 0, 4;
    %jmp/1 T_15.5, 9;
T_15.4 ; End of true expr.
    %load/vec4 v0x563691587a10_0;
    %addi 1, 0, 4;
    %jmp/0 T_15.5, 9;
 ; End of false expr.
    %blend;
T_15.5;
    %jmp/0 T_15.3, 8;
 ; End of false expr.
    %blend;
T_15.3;
    %assign/vec4 v0x563691587a10_0, 0;
T_15.1 ;
    %jmp T_15;
    .thread T_15;
    .scope S_0x5636914cbdd0;
T_16 ;
    %wait E_0x563691584c50;
    %load/vec4 v0x5636915876f0_0;
    %flag_set/vec4 8;
    %jmp/0xz  T_16.0, 8;
    %pushi/vec4 0, 0, 4;
    %assign/vec4 v0x563691587920_0, 0;
    %jmp T_16.1;
T_16.0 ;
    %load/vec4 v0x5636915874b0_0;
    %load/vec4 v0x563691587410_0;
    %and;
    %load/vec4 v0x5636915880f0_0;
    %and;
    %load/vec4 v0x5636915872a0_0;
    %and;
    %inv;
    %flag_set/vec4 8;
    %jmp/0 T_16.2, 8;
    %load/vec4 v0x563691587920_0;
    %jmp/1 T_16.3, 8;
T_16.2 ; End of true expr.
    %load/vec4 v0x563691587370_0;
    %load/vec4 v0x5636915874b0_0;
    %and;
    %load/vec4 v0x563691587410_0;
    %and;
    %flag_set/vec4 9;
    %jmp/0 T_16.4, 9;
    %pushi/vec4 0, 0, 4;
    %jmp/1 T_16.5, 9;
T_16.4 ; End of true expr.
    %load/vec4 v0x563691587920_0;
    %addi 1, 0, 4;
    %jmp/0 T_16.5, 9;
 ; End of false expr.
    %blend;
T_16.5;
    %jmp/0 T_16.3, 8;
 ; End of false expr.
    %blend;
T_16.3;
    %assign/vec4 v0x563691587920_0, 0;
T_16.1 ;
    %jmp T_16;
    .thread T_16;
    .scope S_0x5636914cbdd0;
T_17 ;
    %wait E_0x5636914f9480;
    %load/vec4 v0x5636915876f0_0;
    %flag_set/vec4 8;
    %jmp/0xz  T_17.0, 8;
    %pushi/vec4 0, 0, 3;
    %assign/vec4 v0x563691587b80_0, 0;
    %jmp T_17.1;
T_17.0 ;
    %load/vec4 v0x563691587ae0_0;
    %inv;
    %flag_set/vec4 8;
    %jmp/0 T_17.2, 8;
    %load/vec4 v0x563691587b80_0;
    %jmp/1 T_17.3, 8;
T_17.2 ; End of true expr.
    %load/vec4 v0x563691587b80_0;
    %pad/u 32;
    %cmpi/ne 4, 0, 32;
    %flag_mov 9, 4;
    %jmp/0 T_17.4, 9;
    %load/vec4 v0x563691587b80_0;
    %addi 1, 0, 3;
    %jmp/1 T_17.5, 9;
T_17.4 ; End of true expr.
    %pushi/vec4 0, 0, 3;
    %jmp/0 T_17.5, 9;
 ; End of false expr.
    %blend;
T_17.5;
    %jmp/0 T_17.3, 8;
 ; End of false expr.
    %blend;
T_17.3;
    %assign/vec4 v0x563691587b80_0, 0;
T_17.1 ;
    %jmp T_17;
    .thread T_17;
    .scope S_0x5636914cbdd0;
T_18 ;
    %wait E_0x563691584c50;
    %load/vec4 v0x5636915876f0_0;
    %flag_set/vec4 8;
    %jmp/0xz  T_18.0, 8;
    %pushi/vec4 64, 0, 7;
    %assign/vec4 v0x563691585c80_0, 0;
    %pushi/vec4 64, 0, 7;
    %assign/vec4 v0x563691585d60_0, 0;
    %pushi/vec4 64, 0, 7;
    %assign/vec4 v0x563691585e40_0, 0;
    %jmp T_18.1;
T_18.0 ;
    %load/vec4 v0x563691586e90_0;
    %assign/vec4 v0x563691585c80_0, 0;
    %load/vec4 v0x5636915880f0_0;
    %flag_set/vec4 8;
    %jmp/0 T_18.2, 8;
    %load/vec4 v0x563691586f60_0;
    %jmp/1 T_18.3, 8;
T_18.2 ; End of true expr.
    %load/vec4 v0x563691587ae0_0;
    %flag_set/vec4 9;
    %jmp/0 T_18.4, 9;
    %load/vec4 v0x563691587030_0;
    %jmp/1 T_18.5, 9;
T_18.4 ; End of true expr.
    %load/vec4 v0x563691585d60_0;
    %jmp/0 T_18.5, 9;
 ; End of false expr.
    %blend;
T_18.5;
    %jmp/0 T_18.3, 8;
 ; End of false expr.
    %blend;
T_18.3;
    %assign/vec4 v0x563691585d60_0, 0;
    %load/vec4 v0x5636915880f0_0;
    %flag_set/vec4 8;
    %jmp/0 T_18.6, 8;
    %load/vec4 v0x563691587100_0;
    %jmp/1 T_18.7, 8;
T_18.6 ; End of true expr.
    %load/vec4 v0x563691587ae0_0;
    %flag_set/vec4 9;
    %jmp/0 T_18.8, 9;
    %load/vec4 v0x5636915871d0_0;
    %jmp/1 T_18.9, 9;
T_18.8 ; End of true expr.
    %load/vec4 v0x563691585e40_0;
    %jmp/0 T_18.9, 9;
 ; End of false expr.
    %blend;
T_18.9;
    %jmp/0 T_18.7, 8;
 ; End of false expr.
    %blend;
T_18.7;
    %assign/vec4 v0x563691585e40_0, 0;
T_18.1 ;
    %jmp T_18;
    .thread T_18;
    .scope S_0x5636914cbdd0;
T_19 ;
    %wait E_0x563691584c50;
    %load/vec4 v0x5636915876f0_0;
    %flag_set/vec4 8;
    %jmp/0xz  T_19.0, 8;
    %pushi/vec4 64, 0, 7;
    %assign/vec4 v0x563691585f00_0, 0;
    %pushi/vec4 64, 0, 7;
    %assign/vec4 v0x563691585fe0_0, 0;
    %jmp T_19.1;
T_19.0 ;
    %load/vec4 v0x5636915881b0_0;
    %inv;
    %flag_set/vec4 8;
    %jmp/0 T_19.2, 8;
    %load/vec4 v0x563691585f00_0;
    %jmp/1 T_19.3, 8;
T_19.2 ; End of true expr.
    %load/vec4 v0x5636915880f0_0;
    %flag_set/vec4 9;
    %jmp/0 T_19.4, 9;
    %load/vec4 v0x563691586f60_0;
    %jmp/1 T_19.5, 9;
T_19.4 ; End of true expr.
    %pushi/vec4 64, 0, 7;
    %jmp/0 T_19.5, 9;
 ; End of false expr.
    %blend;
T_19.5;
    %jmp/0 T_19.3, 8;
 ; End of false expr.
    %blend;
T_19.3;
    %assign/vec4 v0x563691585f00_0, 0;
    %load/vec4 v0x5636915881b0_0;
    %inv;
    %flag_set/vec4 8;
    %jmp/0 T_19.6, 8;
    %load/vec4 v0x563691585fe0_0;
    %jmp/1 T_19.7, 8;
T_19.6 ; End of true expr.
    %load/vec4 v0x5636915880f0_0;
    %flag_set/vec4 9;
    %jmp/0 T_19.8, 9;
    %load/vec4 v0x563691587100_0;
    %jmp/1 T_19.9, 9;
T_19.8 ; End of true expr.
    %pushi/vec4 64, 0, 7;
    %jmp/0 T_19.9, 9;
 ; End of false expr.
    %blend;
T_19.9;
    %jmp/0 T_19.7, 8;
 ; End of false expr.
    %blend;
T_19.7;
    %assign/vec4 v0x563691585fe0_0, 0;
T_19.1 ;
    %jmp T_19;
    .thread T_19;
# The file index is used to find the file name in the following table.
:file_names 5;
    "N/A";
    "<interactive>";
    "timer.v";
    "decoder.v";
    "freq_del.v";
