#! /usr/bin/vvp
:ivl_version "11.0 (stable)";
:ivl_delay_selection "TYPICAL";
:vpi_time_precision - 10;
:vpi_module "/usr/lib/x86_64-linux-gnu/ivl/system.vpi";
:vpi_module "/usr/lib/x86_64-linux-gnu/ivl/vhdl_sys.vpi";
:vpi_module "/usr/lib/x86_64-linux-gnu/ivl/vhdl_textio.vpi";
:vpi_module "/usr/lib/x86_64-linux-gnu/ivl/v2005_math.vpi";
:vpi_module "/usr/lib/x86_64-linux-gnu/ivl/va_math.vpi";
S_0x558512aced20 .scope module, "dec_test" "dec_test" 2 5;
 .timescale -9 -10;
v0x558512b1aea0_0 .var "N", 2 0;
v0x558512b1af90_0 .var "clk", 0 0;
v0x558512b1b030_0 .net "out", 7 0, L_0x558512b1b160;  1 drivers
S_0x558512aceeb0 .scope begin, "$ivl_for_loop0" "$ivl_for_loop0" 2 23, 2 23 0, S_0x558512aced20;
 .timescale -9 -10;
v0x558512acf090_0 .var/i "i", 31 0;
S_0x558512b1a9a0 .scope module, "decoder" "decoder" 2 15, 3 1 0, S_0x558512aced20;
 .timescale 0 0;
    .port_info 0 /INPUT 3 "N";
    .port_info 1 /OUTPUT 8 "out";
v0x558512b1aba0_0 .net "N", 2 0, v0x558512b1aea0_0;  1 drivers
L_0x7f1120f98018 .functor BUFT 1, C4<00000001>, C4<0>, C4<0>, C4<0>;
v0x558512b1aca0_0 .net/2u *"_ivl_0", 7 0, L_0x7f1120f98018;  1 drivers
v0x558512b1ad80_0 .net "out", 7 0, L_0x558512b1b160;  alias, 1 drivers
L_0x558512b1b160 .shift/l 8, L_0x7f1120f98018, v0x558512b1aea0_0;
    .scope S_0x558512aced20;
T_0 ;
    %delay 10, 0;
    %load/vec4 v0x558512b1af90_0;
    %inv;
    %store/vec4 v0x558512b1af90_0, 0, 1;
    %jmp T_0;
    .thread T_0;
    .scope S_0x558512aced20;
T_1 ;
    %fork t_1, S_0x558512aceeb0;
    %jmp t_0;
    .scope S_0x558512aceeb0;
t_1 ;
    %pushi/vec4 0, 0, 32;
    %store/vec4 v0x558512acf090_0, 0, 32;
T_1.0 ;
    %load/vec4 v0x558512acf090_0;
    %cmpi/s 50, 0, 32;
    %jmp/0xz T_1.1, 5;
    %delay 100, 0;
    %vpi_call 2 25 "$display", "  " {0 0 0};
    %vpi_func 2 27 "$random" 32 {0 0 0};
    %pad/s 3;
    %store/vec4 v0x558512b1aea0_0, 0, 3;
    %delay 100, 0;
    %vpi_call 2 30 "$display", "N = %d  -->>  %b", v0x558512b1aea0_0, v0x558512b1b030_0 {0 0 0};
    %load/vec4 v0x558512acf090_0;
    %addi 1, 0, 32;
    %store/vec4 v0x558512acf090_0, 0, 32;
    %jmp T_1.0;
T_1.1 ;
    %end;
    .scope S_0x558512aced20;
t_0 %join;
    %vpi_call 2 32 "$finish" {0 0 0};
    %end;
    .thread T_1;
# The file index is used to find the file name in the following table.
:file_names 4;
    "N/A";
    "<interactive>";
    "dec_test.v";
    "decoder.v";
